
================================================================================
          _____________ ________ _______________ ________     _________         
         / ___________// ______ \\_____   _____// ______ \   / ________)        
        / /_________  / /      \ \     | |     / /      \ \ | (_______          
       |  __________|| |        | |    | |    | |        | | \________ \        
        \ \_________ | |        | |    | |     \ \______/ /___________) |       
         \__________||_|        |_|    |_|      \________//____________/        
                                                                                
====================================[ Qcore ]===================================

 Git describe: 2.3.0-1-g21d9df7e5
 Compiler:     GNU 9.1.0
 Build type:   Release
 Version:      2.3.0-1-g21d9df7e5

 Start time:   Tue Oct 26 23:51:10 2021

 Data directory: /work/zw18965/.local/qcore/share/entos/qcore/data
 Number of threads: 24
 Number of threads was determined by: command line argument
  - More threads can be used by running 'qcore -n 32'

 --------------------------------------------------------------------------------
                                   command: dft                                  
 --------------------------------------------------------------------------------
 AO basis set:                           def2-tzvppd
 Number of AO basis functions:         201

 Formula:                                H6AlCl
 Nuclear charge:                        36.000000000
 Total charge:                           0.000000000
 Number of electrons:                   36.000000000

 Number of alpha electrons:             18
 Number of beta electrons:              18
 Number of unpaired electrons:           0
 Spin:                                   0
 Multiplicity:                           singlet

 Theory:                                 dft
 Exchange-correlation functional:        wb97xd3

 Using range separated hybrid functional
 Range separation parameter:             0.250000000
 Short range exact exchange:             0.195728000
 Total long range exact exchange:        1.000000000

 Method for Coulomb:                     incore_df
 Method for exact exchange:              pre_transformed_df
 Integral threshold:                     1.00e-12
 DF basis set:                           def2-universal-jkfit
 Number of DF basis functions:         364
 Schwarz screening threshold:            1.00e-10
 Coulomb fitting method:                 Cholesky
 Total number of grid points:        50184
 Method for AO orthogonalization:        symmetric
 Threshold for linear dependence:        1.00e-08
 D3 dispersion energy:                  -0.001733998

 -------------------------------------
  Running restricted closed-shell SCF 
 -------------------------------------
 Max number of iterations:             128
 Conv. threshold (gradient):             1.00e-05
 Conv. threshold (energy):               1.00e-06
 Interpolation scheme:                   adiis+cdiis
 Initial guess:                          SAD

 ---------------------------------------------------------------
                  energy        change          grad        time
 ---------------------------------------------------------------
   0      -705.807160849                    6.75e+00        0.06
   1      -706.184164520     -3.77e-01      4.47e-01        0.06
   2      -706.202065220     -1.79e-02      1.40e-01        0.05
   3      -706.203821794     -1.76e-03      9.82e-02        0.05
   4      -706.204373338     -5.52e-04      5.67e-02        0.05
   5      -706.204640001     -2.67e-04      2.87e-03        0.05
   6      -706.204640758     -7.58e-07      6.04e-04        0.05
   7      -706.204640802     -4.37e-08      1.03e-04        0.05
   8      -706.204640804     -1.90e-09      2.38e-05        0.05
   9      -706.204640804     -1.04e-10      7.37e-06        0.05

 SCF converged in 9 iterations.

 Dipole moment (in Debye):               0.017883      -2.155282       1.098623

 Quadrupole moment (in Debye-Angstrom):
                  1            2            3
 1       -34.452900     0.377067     0.160334
 2         0.377067   -28.742311    -1.908845
 3         0.160334    -1.908845   -30.235229

 Spin-squared expectation <S^2>:         0.000
 Total spin quantum number S:            0.000
 TOTAL ENERGY:                        -706.204640804

 --------------------------------------------------------------------------------

 End time:                               Tue Oct 26 23:51:12 2021
 Total wall-clock time:                  1.497 seconds
==================================================================================
