
================================================================================
          _____________ ________ _______________ ________     _________         
         / ___________// ______ \\_____   _____// ______ \   / ________)        
        / /_________  / /      \ \     | |     / /      \ \ | (_______          
       |  __________|| |        | |    | |    | |        | | \________ \        
        \ \_________ | |        | |    | |     \ \______/ /___________) |       
         \__________||_|        |_|    |_|      \________//____________/        
                                                                                
====================================[ Qcore ]===================================

 Git describe: 2.3.0-1-g21d9df7e5
 Compiler:     GNU 9.1.0
 Build type:   Release
 Version:      2.3.0-1-g21d9df7e5

 Start time:   Tue Oct 26 23:51:21 2021

 Data directory: /work/zw18965/.local/qcore/share/entos/qcore/data
 Number of threads: 24
 Number of threads was determined by: command line argument
  - More threads can be used by running 'qcore -n 32'

 --------------------------------------------------------------------------------
                                   command: dft                                  
 --------------------------------------------------------------------------------
 AO basis set:                           def2-tzvppd
 Number of AO basis functions:         161

 Formula:                                H6LiB
 Nuclear charge:                        14.000000000
 Total charge:                           0.000000000
 Number of electrons:                   14.000000000

 Number of alpha electrons:              7
 Number of beta electrons:               7
 Number of unpaired electrons:           0
 Spin:                                   0
 Multiplicity:                           singlet

 Theory:                                 dft
 Exchange-correlation functional:        wb97xd3

 Using range separated hybrid functional
 Range separation parameter:             0.250000000
 Short range exact exchange:             0.195728000
 Total long range exact exchange:        1.000000000

 Method for Coulomb:                     incore_df
 Method for exact exchange:              pre_transformed_df
 Integral threshold:                     1.00e-12
 DF basis set:                           def2-universal-jkfit
 Number of DF basis functions:         234
 Schwarz screening threshold:            1.00e-10
 Coulomb fitting method:                 Cholesky
 Total number of grid points:        48712
 Method for AO orthogonalization:        symmetric
 Threshold for linear dependence:        1.00e-08
 D3 dispersion energy:                  -0.000395418

 -------------------------------------
  Running restricted closed-shell SCF 
 -------------------------------------
 Max number of iterations:             128
 Conv. threshold (gradient):             1.00e-05
 Conv. threshold (energy):               1.00e-06
 Interpolation scheme:                   adiis+cdiis
 Initial guess:                          SAD

 ---------------------------------------------------------------
                  energy        change          grad        time
 ---------------------------------------------------------------
   0       -35.743536602                    7.03e+00        0.04
   1       -35.918838595     -1.75e-01      7.89e-01        0.04
   2       -35.952704795     -3.39e-02      4.61e-01        0.03
   3       -35.959394321     -6.69e-03      2.46e-01        0.03
   4       -35.961444782     -2.05e-03      1.19e-01        0.03
   5       -35.961875689     -4.31e-04      6.39e-02        0.03
   6       -35.962023779     -1.48e-04      2.76e-02        0.03
   7       -35.962056645     -3.29e-05      7.60e-05        0.03
   8       -35.962056646     -7.34e-10      1.42e-05        0.03
   9       -35.962056646     -1.99e-11      1.21e-06        0.03

 SCF converged in 9 iterations.

 Dipole moment (in Debye):              -0.650150       7.481500       0.000345

 Quadrupole moment (in Debye-Angstrom):
                  1            2            3
 1       -15.527458    -0.814638     0.143116
 2        -0.814638   -10.455511     0.000719
 3         0.143116     0.000719   -16.157339

 Spin-squared expectation <S^2>:         0.000
 Total spin quantum number S:            0.000
 TOTAL ENERGY:                         -35.962056646

 --------------------------------------------------------------------------------

 End time:                               Tue Oct 26 23:51:21 2021
 Total wall-clock time:                  0.936 seconds
==================================================================================
