
================================================================================
          _____________ ________ _______________ ________     _________         
         / ___________// ______ \\_____   _____// ______ \   / ________)        
        / /_________  / /      \ \     | |     / /      \ \ | (_______          
       |  __________|| |        | |    | |    | |        | | \________ \        
        \ \_________ | |        | |    | |     \ \______/ /___________) |       
         \__________||_|        |_|    |_|      \________//____________/        
                                                                                
====================================[ Qcore ]===================================

 Git describe: 2.3.0-1-g21d9df7e5
 Compiler:     GNU 9.1.0
 Build type:   Release
 Version:      2.3.0-1-g21d9df7e5

 Start time:   Tue Oct 26 23:51:25 2021

 Data directory: /work/zw18965/.local/qcore/share/entos/qcore/data
 Number of threads: 24
 Number of threads was determined by: command line argument
  - More threads can be used by running 'qcore -n 32'

 --------------------------------------------------------------------------------
                                   command: dft                                  
 --------------------------------------------------------------------------------
 AO basis set:                           def2-tzvppd
 Number of AO basis functions:         250

 Formula:                                C3H3NS
 Nuclear charge:                        44.000000000
 Total charge:                           0.000000000
 Number of electrons:                   44.000000000

 Number of alpha electrons:             22
 Number of beta electrons:              22
 Number of unpaired electrons:           0
 Spin:                                   0
 Multiplicity:                           singlet

 Theory:                                 dft
 Exchange-correlation functional:        wb97xd3

 Using range separated hybrid functional
 Range separation parameter:             0.250000000
 Short range exact exchange:             0.195728000
 Total long range exact exchange:        1.000000000

 Method for Coulomb:                     incore_df
 Method for exact exchange:              pre_transformed_df
 Integral threshold:                     1.00e-12
 DF basis set:                           def2-universal-jkfit
 Number of DF basis functions:         484
 Schwarz screening threshold:            1.00e-10
 Coulomb fitting method:                 Cholesky
 Total number of grid points:        52220
 Method for AO orthogonalization:        symmetric
 Threshold for linear dependence:        1.00e-08
 D3 dispersion energy:                  -0.000937499

 -------------------------------------
  Running restricted closed-shell SCF 
 -------------------------------------
 Max number of iterations:             128
 Conv. threshold (gradient):             1.00e-05
 Conv. threshold (energy):               1.00e-06
 Interpolation scheme:                   adiis+cdiis
 Initial guess:                          SAD

 ---------------------------------------------------------------
                  energy        change          grad        time
 ---------------------------------------------------------------
   0      -570.398479050                    1.73e+01        0.11
   1      -568.850269106      1.55e+00      1.84e+00        0.10
   2      -568.824253666      2.60e-02      2.54e+00        0.08
   3      -568.909746630     -8.55e-02      1.22e-01        0.08
   4      -568.910499968     -7.53e-04      9.96e-02        0.08
   5      -568.910556681     -5.67e-05      1.04e-01        0.08
   6      -568.910908855     -3.52e-04      1.70e-02        0.08
   7      -568.910943180     -3.43e-05      7.73e-03        0.09
   8      -568.910953055     -9.88e-06      4.07e-03        0.09
   9      -568.910955059     -2.00e-06      1.14e-03        0.09
  10      -568.910955390     -3.31e-07      4.75e-04        0.08
  11      -568.910955428     -3.85e-08      2.12e-04        0.09
  12      -568.910955432     -4.33e-09      1.07e-04        0.08
  13      -568.910955433     -9.75e-10      4.94e-05        0.09
  14      -568.910955434     -2.19e-10      1.65e-05        0.09
  15      -568.910955434     -3.87e-11      8.67e-06        0.08

 SCF converged in 15 iterations.

 Dipole moment (in Debye):               0.046390       2.665461      -0.342319

 Quadrupole moment (in Debye-Angstrom):
                  1            2            3
 1       -36.056410     4.627943     0.256455
 2         4.627943   -37.389008    -0.121058
 3         0.256455    -0.121058   -35.867690

 Spin-squared expectation <S^2>:         0.000
 Total spin quantum number S:            0.000
 TOTAL ENERGY:                        -568.910955434

 --------------------------------------------------------------------------------

 End time:                               Tue Oct 26 23:51:28 2021
 Total wall-clock time:                  2.774 seconds
==================================================================================
