
================================================================================
          _____________ ________ _______________ ________     _________         
         / ___________// ______ \\_____   _____// ______ \   / ________)        
        / /_________  / /      \ \     | |     / /      \ \ | (_______          
       |  __________|| |        | |    | |    | |        | | \________ \        
        \ \_________ | |        | |    | |     \ \______/ /___________) |       
         \__________||_|        |_|    |_|      \________//____________/        
                                                                                
====================================[ Qcore ]===================================

 Git describe: 2.3.0-1-g21d9df7e5
 Compiler:     GNU 9.1.0
 Build type:   Release
 Version:      2.3.0-1-g21d9df7e5

 Start time:   Tue Oct 26 23:51:32 2021

 Data directory: /work/zw18965/.local/qcore/share/entos/qcore/data
 Number of threads: 24
 Number of threads was determined by: command line argument
  - More threads can be used by running 'qcore -n 32'

 --------------------------------------------------------------------------------
                                   command: dft                                  
 --------------------------------------------------------------------------------
 AO basis set:                           def2-tzvppd
 Number of AO basis functions:         207

 Formula:                                C2H5P
 Nuclear charge:                        32.000000000
 Total charge:                           0.000000000
 Number of electrons:                   32.000000000

 Number of alpha electrons:             16
 Number of beta electrons:              16
 Number of unpaired electrons:           0
 Spin:                                   0
 Multiplicity:                           singlet

 Theory:                                 dft
 Exchange-correlation functional:        wb97xd3

 Using range separated hybrid functional
 Range separation parameter:             0.250000000
 Short range exact exchange:             0.195728000
 Total long range exact exchange:        1.000000000

 Method for Coulomb:                     incore_df
 Method for exact exchange:              pre_transformed_df
 Integral threshold:                     1.00e-12
 DF basis set:                           def2-universal-jkfit
 Number of DF basis functions:         368
 Schwarz screening threshold:            1.00e-10
 Coulomb fitting method:                 Cholesky
 Total number of grid points:        50400
 Method for AO orthogonalization:        symmetric
 Threshold for linear dependence:        1.00e-08
 D3 dispersion energy:                  -0.000606500

 -------------------------------------
  Running restricted closed-shell SCF 
 -------------------------------------
 Max number of iterations:             128
 Conv. threshold (gradient):             1.00e-05
 Conv. threshold (energy):               1.00e-06
 Interpolation scheme:                   adiis+cdiis
 Initial guess:                          SAD

 ---------------------------------------------------------------
                  energy        change          grad        time
 ---------------------------------------------------------------
   0      -421.141667426                    1.32e+01        0.07
   1      -420.525758765      6.16e-01      8.85e-01        0.06
   2      -420.532748829     -6.99e-03      6.93e-01        0.06
   3      -420.557349701     -2.46e-02      1.26e-01        0.06
   4      -420.557456264     -1.07e-04      1.13e-01        0.06
   5      -420.558158425     -7.02e-04      1.49e-02        0.06
   6      -420.558163186     -4.76e-06      1.13e-02        0.06
   7      -420.558170264     -7.08e-06      3.89e-04        0.05
   8      -420.558170287     -2.32e-08      8.73e-05        0.06
   9      -420.558170288     -1.03e-09      3.53e-05        0.05
  10      -420.558170289     -1.00e-10      8.78e-06        0.05

 SCF converged in 10 iterations.

 Dipole moment (in Debye):               0.475458      -0.000165       1.130464

 Quadrupole moment (in Debye-Angstrom):
                  1            2            3
 1       -25.774982     0.000013    -1.187518
 2         0.000013   -26.823529     0.000395
 3        -1.187518     0.000395   -28.049005

 Spin-squared expectation <S^2>:         0.000
 Total spin quantum number S:            0.000
 TOTAL ENERGY:                        -420.558170289

 --------------------------------------------------------------------------------

 End time:                               Tue Oct 26 23:51:34 2021
 Total wall-clock time:                  1.646 seconds
==================================================================================
