
================================================================================
          _____________ ________ _______________ ________     _________         
         / ___________// ______ \\_____   _____// ______ \   / ________)        
        / /_________  / /      \ \     | |     / /      \ \ | (_______          
       |  __________|| |        | |    | |    | |        | | \________ \        
        \ \_________ | |        | |    | |     \ \______/ /___________) |       
         \__________||_|        |_|    |_|      \________//____________/        
                                                                                
====================================[ Qcore ]===================================

 Git describe: 2.3.0-1-g21d9df7e5
 Compiler:     GNU 9.1.0
 Build type:   Release
 Version:      2.3.0-1-g21d9df7e5

 Start time:   Tue Oct 26 23:51:56 2021

 Data directory: /work/zw18965/.local/qcore/share/entos/qcore/data
 Number of threads: 24
 Number of threads was determined by: command line argument
  - More threads can be used by running 'qcore -n 32'

 --------------------------------------------------------------------------------
                                   command: dft                                  
 --------------------------------------------------------------------------------
 AO basis set:                           def2-tzvppd
 Number of AO basis functions:         229

 Formula:                                CH4LiSCl
 Nuclear charge:                        46.000000000
 Total charge:                           0.000000000
 Number of electrons:                   46.000000000

 Number of alpha electrons:             23
 Number of beta electrons:              23
 Number of unpaired electrons:           0
 Spin:                                   0
 Multiplicity:                           singlet

 Theory:                                 dft
 Exchange-correlation functional:        wb97xd3

 Using range separated hybrid functional
 Range separation parameter:             0.250000000
 Short range exact exchange:             0.195728000
 Total long range exact exchange:        1.000000000

 Method for Coulomb:                     incore_df
 Method for exact exchange:              pre_transformed_df
 Integral threshold:                     1.00e-12
 DF basis set:                           def2-universal-jkfit
 Number of DF basis functions:         454
 Schwarz screening threshold:            1.00e-10
 Coulomb fitting method:                 Cholesky
 Total number of grid points:        51776
 Method for AO orthogonalization:        symmetric
 Threshold for linear dependence:        1.00e-08
 D3 dispersion energy:                  -0.001334509

 -------------------------------------
  Running restricted closed-shell SCF 
 -------------------------------------
 Max number of iterations:             128
 Conv. threshold (gradient):             1.00e-05
 Conv. threshold (energy):               1.00e-06
 Interpolation scheme:                   adiis+cdiis
 Initial guess:                          SAD

 ---------------------------------------------------------------
                  energy        change          grad        time
 ---------------------------------------------------------------
   0      -906.381618790                    1.11e+01        0.08
   1      -906.387483088     -5.86e-03      6.15e-01        0.07
   2      -906.410215762     -2.27e-02      5.52e-01        0.07
   3      -906.428765928     -1.86e-02      3.07e-01        0.07
   4      -906.431961328     -3.20e-03      2.53e-01        0.07
   5      -906.434682522     -2.72e-03      6.68e-02        0.07
   6      -906.434601948      8.06e-05      8.69e-02        0.07
   7      -906.434935377     -3.33e-04      1.24e-03        0.07
   8      -906.434935723     -3.46e-07      4.77e-04        0.07
   9      -906.434935762     -3.84e-08      1.00e-04        0.07
  10      -906.434935763     -1.44e-09      1.82e-05        0.06
  11      -906.434935763     -7.08e-11      6.63e-06        0.06

 SCF converged in 11 iterations.

 Dipole moment (in Debye):              -4.079446       2.666405      -0.003151

 Quadrupole moment (in Debye-Angstrom):
                  1            2            3
 1       -29.661786     5.710915     0.006673
 2         5.710915   -41.235579    -0.002765
 3         0.006673    -0.002765   -38.499615

 Spin-squared expectation <S^2>:         0.000
 Total spin quantum number S:            0.000
 TOTAL ENERGY:                        -906.434935763

 --------------------------------------------------------------------------------

 End time:                               Tue Oct 26 23:51:58 2021
 Total wall-clock time:                  2.185 seconds
==================================================================================
