
================================================================================
          _____________ ________ _______________ ________     _________         
         / ___________// ______ \\_____   _____// ______ \   / ________)        
        / /_________  / /      \ \     | |     / /      \ \ | (_______          
       |  __________|| |        | |    | |    | |        | | \________ \        
        \ \_________ | |        | |    | |     \ \______/ /___________) |       
         \__________||_|        |_|    |_|      \________//____________/        
                                                                                
====================================[ Qcore ]===================================

 Git describe: 2.3.0-1-g21d9df7e5
 Compiler:     GNU 9.1.0
 Build type:   Release
 Version:      2.3.0-1-g21d9df7e5

 Start time:   Tue Oct 26 23:52:03 2021

 Data directory: /work/zw18965/.local/qcore/share/entos/qcore/data
 Number of threads: 24
 Number of threads was determined by: command line argument
  - More threads can be used by running 'qcore -n 32'

 --------------------------------------------------------------------------------
                                   command: dft                                  
 --------------------------------------------------------------------------------
 AO basis set:                           def2-tzvppd
 Number of AO basis functions:         199

 Formula:                                CH5BO
 Nuclear charge:                        24.000000000
 Total charge:                           0.000000000
 Number of electrons:                   24.000000000

 Number of alpha electrons:             12
 Number of beta electrons:              12
 Number of unpaired electrons:           0
 Spin:                                   0
 Multiplicity:                           singlet

 Theory:                                 dft
 Exchange-correlation functional:        wb97xd3

 Using range separated hybrid functional
 Range separation parameter:             0.250000000
 Short range exact exchange:             0.195728000
 Total long range exact exchange:        1.000000000

 Method for Coulomb:                     incore_df
 Method for exact exchange:              pre_transformed_df
 Integral threshold:                     1.00e-12
 DF basis set:                           def2-universal-jkfit
 Number of DF basis functions:         317
 Schwarz screening threshold:            1.00e-10
 Coulomb fitting method:                 Cholesky
 Total number of grid points:        49994
 Method for AO orthogonalization:        symmetric
 Threshold for linear dependence:        1.00e-08
 D3 dispersion energy:                  -0.000992478

 -------------------------------------
  Running restricted closed-shell SCF 
 -------------------------------------
 Max number of iterations:             128
 Conv. threshold (gradient):             1.00e-05
 Conv. threshold (energy):               1.00e-06
 Interpolation scheme:                   adiis+cdiis
 Initial guess:                          SAD

 ---------------------------------------------------------------
                  energy        change          grad        time
 ---------------------------------------------------------------
   0      -141.401263021                    1.32e+01        0.06
   1      -141.082758694      3.19e-01      2.03e+00        0.06
   2      -141.038508744      4.42e-02      2.76e+00        0.04
   3      -141.154994326     -1.16e-01      1.64e-01        0.05
   4      -141.155494209     -5.00e-04      1.07e-01        0.04
   5      -141.155696442     -2.02e-04      9.38e-02        0.04
   6      -141.155820284     -1.24e-04      5.32e-02        0.04
   7      -141.155863574     -4.33e-05      1.45e-03        0.04
   8      -141.155863695     -1.20e-07      4.26e-04        0.04
   9      -141.155863703     -8.64e-09      9.45e-05        0.04
  10      -141.155863704     -5.08e-10      2.36e-05        0.05
  11      -141.155863704     -3.76e-11      4.59e-06        0.04

 SCF converged in 11 iterations.

 Dipole moment (in Debye):              -0.485251      -0.995634       0.986194

 Quadrupole moment (in Debye-Angstrom):
                  1            2            3
 1       -19.613985    -1.058913     0.932469
 2        -1.058913   -20.259280     1.491026
 3         0.932469     1.491026   -19.558612

 Spin-squared expectation <S^2>:         0.000
 Total spin quantum number S:            0.000
 TOTAL ENERGY:                        -141.155863704

 --------------------------------------------------------------------------------

 End time:                               Tue Oct 26 23:52:04 2021
 Total wall-clock time:                  1.532 seconds
==================================================================================
