
================================================================================
          _____________ ________ _______________ ________     _________         
         / ___________// ______ \\_____   _____// ______ \   / ________)        
        / /_________  / /      \ \     | |     / /      \ \ | (_______          
       |  __________|| |        | |    | |    | |        | | \________ \        
        \ \_________ | |        | |    | |     \ \______/ /___________) |       
         \__________||_|        |_|    |_|      \________//____________/        
                                                                                
====================================[ Qcore ]===================================

 Git describe: 2.3.0-1-g21d9df7e5
 Compiler:     GNU 9.1.0
 Build type:   Release
 Version:      2.3.0-1-g21d9df7e5

 Start time:   Tue Oct 26 23:52:08 2021

 Data directory: /work/zw18965/.local/qcore/share/entos/qcore/data
 Number of threads: 24
 Number of threads was determined by: command line argument
  - More threads can be used by running 'qcore -n 32'

 --------------------------------------------------------------------------------
                                   command: dft                                  
 --------------------------------------------------------------------------------
 AO basis set:                           def2-tzvppd
 Number of AO basis functions:         174

 Formula:                                H6NNa
 Nuclear charge:                        24.000000000
 Total charge:                           0.000000000
 Number of electrons:                   24.000000000

 Number of alpha electrons:             12
 Number of beta electrons:              12
 Number of unpaired electrons:           0
 Spin:                                   0
 Multiplicity:                           singlet

 Theory:                                 dft
 Exchange-correlation functional:        wb97xd3

 Using range separated hybrid functional
 Range separation parameter:             0.250000000
 Short range exact exchange:             0.195728000
 Total long range exact exchange:        1.000000000

 Method for Coulomb:                     incore_df
 Method for exact exchange:              pre_transformed_df
 Integral threshold:                     1.00e-12
 DF basis set:                           def2-universal-jkfit
 Number of DF basis functions:         297
 Schwarz screening threshold:            1.00e-10
 Coulomb fitting method:                 Cholesky
 Total number of grid points:        49226
 Method for AO orthogonalization:        symmetric
 Threshold for linear dependence:        1.00e-08
 D3 dispersion energy:                  -0.000661383

 -------------------------------------
  Running restricted closed-shell SCF 
 -------------------------------------
 Max number of iterations:             128
 Conv. threshold (gradient):             1.00e-05
 Conv. threshold (energy):               1.00e-06
 Interpolation scheme:                   adiis+cdiis
 Initial guess:                          SAD

 ---------------------------------------------------------------
                  energy        change          grad        time
 ---------------------------------------------------------------
   0      -220.017725982                    7.16e+00        0.04
   1      -220.442490812     -4.25e-01      2.22e+00        0.04
   2      -220.327417468      1.15e-01      2.93e+00        0.03
   3      -220.582568325     -2.55e-01      3.48e-01        0.03
   4      -220.581982105      5.86e-04      3.79e-01        0.03
   5      -220.585546170     -3.56e-03      1.45e-02        0.03
   6      -220.585580302     -3.41e-05      1.06e-02        0.03
   7      -220.585588388     -8.09e-06      1.22e-03        0.03
   8      -220.585588834     -4.47e-07      3.40e-04        0.03
   9      -220.585588857     -2.28e-08      1.63e-04        0.03
  10      -220.585588861     -3.91e-09      4.88e-05        0.03
  11      -220.585588862     -4.52e-10      1.31e-05        0.03
  12      -220.585588862     -4.75e-11      3.47e-06        0.03

 SCF converged in 12 iterations.

 Dipole moment (in Debye):               0.267466       2.149307      -6.252187

 Quadrupole moment (in Debye-Angstrom):
                  1            2            3
 1       -16.057090     0.545968     0.463415
 2         0.545968   -19.519837    -1.601592
 3         0.463415    -1.601592   -16.095765

 Spin-squared expectation <S^2>:         0.000
 Total spin quantum number S:            0.000
 TOTAL ENERGY:                        -220.585588862

 --------------------------------------------------------------------------------

 End time:                               Tue Oct 26 23:52:09 2021
 Total wall-clock time:                  1.237 seconds
==================================================================================
