
================================================================================
          _____________ ________ _______________ ________     _________         
         / ___________// ______ \\_____   _____// ______ \   / ________)        
        / /_________  / /      \ \     | |     / /      \ \ | (_______          
       |  __________|| |        | |    | |    | |        | | \________ \        
        \ \_________ | |        | |    | |     \ \______/ /___________) |       
         \__________||_|        |_|    |_|      \________//____________/        
                                                                                
====================================[ Qcore ]===================================

 Git describe: 2.3.0-1-g21d9df7e5
 Compiler:     GNU 9.1.0
 Build type:   Release
 Version:      2.3.0-1-g21d9df7e5

 Start time:   Tue Oct 26 23:52:31 2021

 Data directory: /work/zw18965/.local/qcore/share/entos/qcore/data
 Number of threads: 24
 Number of threads was determined by: command line argument
  - More threads can be used by running 'qcore -n 32'

 --------------------------------------------------------------------------------
                                   command: dft                                  
 --------------------------------------------------------------------------------
 AO basis set:                           def2-tzvppd
 Number of AO basis functions:          88

 Formula:                                H3B
 Nuclear charge:                         8.000000000
 Total charge:                           0.000000000
 Number of electrons:                    8.000000000

 Number of alpha electrons:              4
 Number of beta electrons:               4
 Number of unpaired electrons:           0
 Spin:                                   0
 Multiplicity:                           singlet

 Theory:                                 dft
 Exchange-correlation functional:        wb97xd3

 Using range separated hybrid functional
 Range separation parameter:             0.250000000
 Short range exact exchange:             0.195728000
 Total long range exact exchange:        1.000000000

 Method for Coulomb:                     incore_df
 Method for exact exchange:              pre_transformed_df
 Integral threshold:                     1.00e-12
 DF basis set:                           def2-universal-jkfit
 Number of DF basis functions:         129
 Schwarz screening threshold:            1.00e-10
 Coulomb fitting method:                 Cholesky
 Total number of grid points:        24470
 Method for AO orthogonalization:        symmetric
 Threshold for linear dependence:        1.00e-08
 D3 dispersion energy:                  -0.000042459

 -------------------------------------
  Running restricted closed-shell SCF 
 -------------------------------------
 Max number of iterations:             128
 Conv. threshold (gradient):             1.00e-05
 Conv. threshold (energy):               1.00e-06
 Interpolation scheme:                   adiis+cdiis
 Initial guess:                          SAD

 ---------------------------------------------------------------
                  energy        change          grad        time
 ---------------------------------------------------------------
   0       -26.456994266                    3.90e+00        0.01
   1       -26.604260813     -1.47e-01      2.24e-01        0.01
   2       -26.608039312     -3.78e-03      3.29e-02        0.01
   3       -26.608227597     -1.88e-04      1.31e-02        0.01
   4       -26.608240946     -1.33e-05      1.51e-03        0.01
   5       -26.608241288     -3.41e-07      1.55e-04        0.01
   6       -26.608241296     -8.59e-09      1.82e-05        0.01
   7       -26.608241296     -1.09e-10      1.10e-06        0.01

 SCF converged in 7 iterations.

 Dipole moment (in Debye):              -0.000069      -0.000000       0.000000

 Quadrupole moment (in Debye-Angstrom):
                  1            2            3
 1        -9.348514     0.000000    -0.000000
 2         0.000000    -9.349197     0.000000
 3        -0.000000     0.000000    -7.219863

 Spin-squared expectation <S^2>:         0.000
 Total spin quantum number S:            0.000
 TOTAL ENERGY:                         -26.608241296

 --------------------------------------------------------------------------------

 End time:                               Tue Oct 26 23:52:32 2021
 Total wall-clock time:                  0.537 seconds
==================================================================================
