
================================================================================
          _____________ ________ _______________ ________     _________         
         / ___________// ______ \\_____   _____// ______ \   / ________)        
        / /_________  / /      \ \     | |     / /      \ \ | (_______          
       |  __________|| |        | |    | |    | |        | | \________ \        
        \ \_________ | |        | |    | |     \ \______/ /___________) |       
         \__________||_|        |_|    |_|      \________//____________/        
                                                                                
====================================[ Qcore ]===================================

 Git describe: 2.3.0-1-g21d9df7e5
 Compiler:     GNU 9.1.0
 Build type:   Release
 Version:      2.3.0-1-g21d9df7e5

 Start time:   Tue Oct 26 23:52:44 2021

 Data directory: /work/zw18965/.local/qcore/share/entos/qcore/data
 Number of threads: 24
 Number of threads was determined by: command line argument
  - More threads can be used by running 'qcore -n 32'

 --------------------------------------------------------------------------------
                                   command: dft                                  
 --------------------------------------------------------------------------------
 AO basis set:                           def2-tzvppd
 Number of AO basis functions:          80

 Formula:                                O2
 Nuclear charge:                        16.000000000
 Total charge:                           0.000000000
 Number of electrons:                   16.000000000

 Number of alpha electrons:              9
 Number of beta electrons:               7
 Number of unpaired electrons:           2
 Spin:                                   2
 Multiplicity:                           triplet

 Theory:                                 dft
 Exchange-correlation functional:        wb97xd3

 Using range separated hybrid functional
 Range separation parameter:             0.250000000
 Short range exact exchange:             0.195728000
 Total long range exact exchange:        1.000000000

 Method for Coulomb:                     incore_df
 Method for exact exchange:              pre_transformed_df
 Integral threshold:                     1.00e-12
 DF basis set:                           def2-universal-jkfit
 Number of DF basis functions:         154
 Schwarz screening threshold:            1.00e-10
 Coulomb fitting method:                 Cholesky
 Total number of grid points:        13888
 Method for AO orthogonalization:        symmetric
 Threshold for linear dependence:        1.00e-08
 D3 dispersion energy:                  -0.000000173

 -------------------------------------
  Running unrestricted open-shell SCF 
 -------------------------------------
 Max number of iterations:             128
 Conv. threshold (gradient):             1.00e-05
 Conv. threshold (energy):               1.00e-06
 Interpolation scheme:                   adiis+cdiis
 Initial guess:                          SAD

 ---------------------------------------------------------------
                  energy        change          grad        time
 ---------------------------------------------------------------
   0      -150.362335466                    2.13e+00        0.01
   1      -150.327260970      3.51e-02      2.13e-01        0.01
   2      -150.343666917     -1.64e-02      8.21e-02        0.01
   3      -150.345574789     -1.91e-03      3.54e-02        0.01
   4      -150.346016160     -4.41e-04      7.45e-03        0.01
   5      -150.346036057     -1.99e-05      7.90e-04        0.01
   6      -150.346036822     -7.65e-07      5.29e-05        0.01
   7      -150.346036829     -6.78e-09      8.08e-06        0.01

 SCF converged in 7 iterations.

 Dipole moment (in Debye):               0.000000       0.000000       0.000014

 Quadrupole moment (in Debye-Angstrom):
                  1            2            3
 1       -10.071625    -0.000000    -0.000000
 2        -0.000000   -10.071625    -0.000000
 3        -0.000000    -0.000000   -10.382330

 Spin-squared expectation <S^2>:         2.010
 Total spin quantum number S:            1.003
 TOTAL ENERGY:                        -150.346036829

 --------------------------------------------------------------------------------

 End time:                               Tue Oct 26 23:52:45 2021
 Total wall-clock time:                  0.449 seconds
==================================================================================
