
================================================================================
          _____________ ________ _______________ ________     _________         
         / ___________// ______ \\_____   _____// ______ \   / ________)        
        / /_________  / /      \ \     | |     / /      \ \ | (_______          
       |  __________|| |        | |    | |    | |        | | \________ \        
        \ \_________ | |        | |    | |     \ \______/ /___________) |       
         \__________||_|        |_|    |_|      \________//____________/        
                                                                                
====================================[ Qcore ]===================================

 Git describe: 2.3.0-1-g21d9df7e5
 Compiler:     GNU 9.1.0
 Build type:   Release
 Version:      2.3.0-1-g21d9df7e5

 Start time:   Tue Oct 26 23:52:53 2021

 Data directory: /work/zw18965/.local/qcore/share/entos/qcore/data
 Number of threads: 24
 Number of threads was determined by: command line argument
  - More threads can be used by running 'qcore -n 32'

 --------------------------------------------------------------------------------
                                   command: dft                                  
 --------------------------------------------------------------------------------
 AO basis set:                           def2-tzvppd
 Number of AO basis functions:          52

 Formula:                                HNa
 Nuclear charge:                        12.000000000
 Total charge:                           0.000000000
 Number of electrons:                   12.000000000

 Number of alpha electrons:              6
 Number of beta electrons:               6
 Number of unpaired electrons:           0
 Spin:                                   0
 Multiplicity:                           singlet

 Theory:                                 dft
 Exchange-correlation functional:        wb97xd3

 Using range separated hybrid functional
 Range separation parameter:             0.250000000
 Short range exact exchange:             0.195728000
 Total long range exact exchange:        1.000000000

 Method for Coulomb:                     incore_df
 Method for exact exchange:              pre_transformed_df
 Integral threshold:                     1.00e-12
 DF basis set:                           def2-universal-jkfit
 Number of DF basis functions:         130
 Schwarz screening threshold:            1.00e-10
 Coulomb fitting method:                 Cholesky
 Total number of grid points:        12976
 Method for AO orthogonalization:        symmetric
 Threshold for linear dependence:        1.00e-08
 D3 dispersion energy:                  -0.000000955

 -------------------------------------
  Running restricted closed-shell SCF 
 -------------------------------------
 Max number of iterations:             128
 Conv. threshold (gradient):             1.00e-05
 Conv. threshold (energy):               1.00e-06
 Interpolation scheme:                   adiis+cdiis
 Initial guess:                          SAD

 ---------------------------------------------------------------
                  energy        change          grad        time
 ---------------------------------------------------------------
   0      -162.666579427                    7.43e-01        0.01
   1      -162.822781165     -1.56e-01      4.05e-01        0.01
   2      -162.838180085     -1.54e-02      8.48e-02        0.01
   3      -162.838759552     -5.79e-04      1.65e-02        0.01
   4      -162.838809171     -4.96e-05      4.29e-03        0.00
   5      -162.838822279     -1.31e-05      1.49e-03        0.00
   6      -162.838824007     -1.73e-06      4.91e-04        0.00
   7      -162.838824223     -2.16e-07      6.76e-05        0.00
   8      -162.838824226     -2.31e-09      1.29e-05        0.00
   9      -162.838824226     -6.51e-11      1.39e-06        0.00

 SCF converged in 9 iterations.

 Dipole moment (in Debye):               0.000000       0.000000       6.805689

 Quadrupole moment (in Debye-Angstrom):
                  1            2            3
 1        -8.728044     0.000000    -0.000000
 2         0.000000    -8.728044    -0.000000
 3        -0.000000    -0.000000   -16.366027

 Spin-squared expectation <S^2>:         0.000
 Total spin quantum number S:            0.000
 TOTAL ENERGY:                        -162.838824226

 --------------------------------------------------------------------------------

 End time:                               Tue Oct 26 23:52:53 2021
 Total wall-clock time:                  0.444 seconds
==================================================================================
