
================================================================================
          _____________ ________ _______________ ________     _________         
         / ___________// ______ \\_____   _____// ______ \   / ________)        
        / /_________  / /      \ \     | |     / /      \ \ | (_______          
       |  __________|| |        | |    | |    | |        | | \________ \        
        \ \_________ | |        | |    | |     \ \______/ /___________) |       
         \__________||_|        |_|    |_|      \________//____________/        
                                                                                
====================================[ Qcore ]===================================

 Git describe: 2.3.0-1-g21d9df7e5
 Compiler:     GNU 9.1.0
 Build type:   Release
 Version:      2.3.0-1-g21d9df7e5

 Start time:   Tue Oct 26 23:53:11 2021

 Data directory: /work/zw18965/.local/qcore/share/entos/qcore/data
 Number of threads: 24
 Number of threads was determined by: command line argument
  - More threads can be used by running 'qcore -n 32'

 --------------------------------------------------------------------------------
                                   command: dft                                  
 --------------------------------------------------------------------------------
 AO basis set:                           def2-tzvppd
 Number of AO basis functions:         102

 Formula:                                S2
 Nuclear charge:                        32.000000000
 Total charge:                           0.000000000
 Number of electrons:                   32.000000000

 Number of alpha electrons:             17
 Number of beta electrons:              15
 Number of unpaired electrons:           2
 Spin:                                   2
 Multiplicity:                           triplet

 Theory:                                 dft
 Exchange-correlation functional:        wb97xd3

 Using range separated hybrid functional
 Range separation parameter:             0.250000000
 Short range exact exchange:             0.195728000
 Total long range exact exchange:        1.000000000

 Method for Coulomb:                     incore_df
 Method for exact exchange:              pre_transformed_df
 Integral threshold:                     1.00e-12
 DF basis set:                           def2-universal-jkfit
 Number of DF basis functions:         256
 Schwarz screening threshold:            1.00e-10
 Coulomb fitting method:                 Cholesky
 Total number of grid points:        14700
 Method for AO orthogonalization:        symmetric
 Threshold for linear dependence:        1.00e-08
 D3 dispersion energy:                  -0.000001653

 -------------------------------------
  Running unrestricted open-shell SCF 
 -------------------------------------
 Max number of iterations:             128
 Conv. threshold (gradient):             1.00e-05
 Conv. threshold (energy):               1.00e-06
 Interpolation scheme:                   adiis+cdiis
 Initial guess:                          SAD

 ---------------------------------------------------------------
                  energy        change          grad        time
 ---------------------------------------------------------------
   0      -796.394853193                    1.94e+00        0.02
   1      -796.373250546      2.16e-02      8.55e-02        0.02
   2      -796.380815271     -7.56e-03      4.49e-02        0.02
   3      -796.382511241     -1.70e-03      9.50e-03        0.02
   4      -796.382771924     -2.61e-04      2.73e-03        0.02
   5      -796.382783294     -1.14e-05      4.85e-04        0.02
   6      -796.382783743     -4.49e-07      1.56e-04        0.02
   7      -796.382783760     -1.76e-08      2.72e-05        0.02
   8      -796.382783761     -6.49e-10      6.45e-06        0.02

 SCF converged in 8 iterations.

 Dipole moment (in Debye):               0.000000       0.000000      -0.000003

 Quadrupole moment (in Debye-Angstrom):
                  1            2            3
 1       -25.915119    -0.000000     0.000000
 2        -0.000000   -25.915119     0.000000
 3         0.000000     0.000000   -23.632182

 Spin-squared expectation <S^2>:         2.015
 Total spin quantum number S:            1.005
 TOTAL ENERGY:                        -796.382783761

 --------------------------------------------------------------------------------

 End time:                               Tue Oct 26 23:53:11 2021
 Total wall-clock time:                  0.619 seconds
==================================================================================
