
================================================================================
          _____________ ________ _______________ ________     _________         
         / ___________// ______ \\_____   _____// ______ \   / ________)        
        / /_________  / /      \ \     | |     / /      \ \ | (_______          
       |  __________|| |        | |    | |    | |        | | \________ \        
        \ \_________ | |        | |    | |     \ \______/ /___________) |       
         \__________||_|        |_|    |_|      \________//____________/        
                                                                                
====================================[ Qcore ]===================================

 Git describe: 2.3.0-1-g21d9df7e5
 Compiler:     GNU 9.1.0
 Build type:   Release
 Version:      2.3.0-1-g21d9df7e5

 Start time:   Wed Oct 27 00:05:24 2021

 Data directory: /work/zw18965/.local/qcore/share/entos/qcore/data
 Number of threads: 24
 Number of threads was determined by: command line argument
  - More threads can be used by running 'qcore -n 32'

 --------------------------------------------------------------------------------
                                   command: dft                                  
 --------------------------------------------------------------------------------
 AO basis set:                           def2-tzvppd
 Number of AO basis functions:         216

 Formula:                                C3H4N
 Nuclear charge:                        29.000000000
 Total charge:                           0.000000000
 Number of electrons:                   29.000000000

 Number of alpha electrons:             15
 Number of beta electrons:              14
 Number of unpaired electrons:           1
 Spin:                                   1
 Multiplicity:                           doublet

 Theory:                                 dft
 Exchange-correlation functional:        0.5 b88 + 0.75 lyp
 Method for Coulomb:                     incore_df
 Method for exact exchange:              pre_transformed_df
 Integral threshold:                     1.00e-12
 DF basis set:                           def2-universal-jkfit
 Number of DF basis functions:         374
 Schwarz screening threshold:            1.00e-10
 Coulomb fitting method:                 Cholesky

 ------------------
  UW12 Correlation 
 ------------------
 Factor for UW12 correlation:            1.000000000
 Opposite spin scale factor:             0.250000000
 Same spin scale factor:                 0.500000000
 Calculate indirect contribution:        true
 Method for three electron term:         df_ri
 Auxiliary RI basis set:                 Def2-TZVPPD-RI
 Number of RI basis functions:         524
 Gaussians in geminal expansion:        10
 UW12 screening threshold:               1.00e-12
 Method for density-fitting:             w(r)
 Number of core spatial orbitals:        4

 Total number of grid points:        50760
 Method for AO orthogonalization:        symmetric
 Threshold for linear dependence:        1.00e-08
 D3BJ dispersion energy:                -0.003568676

 -------------------------------------
  Running unrestricted open-shell SCF 
 -------------------------------------
 Max number of iterations:             128
 Conv. threshold (gradient):             1.00e-05
 Conv. threshold (energy):               1.00e-06
 Interpolation scheme:                   adiis+cdiis
 Initial guess:                          SAD

 ---------------------------------------------------------------
                  energy        change          grad        time
 ---------------------------------------------------------------
   0      -172.467902924                    7.31e+00       15.93
   1      -171.250176677      1.22e+00      7.12e-01        5.57
   2      -171.276291476     -2.61e-02      6.63e-01        5.51
   3      -171.362211198     -8.59e-02      1.62e-01        5.75
   4      -171.360477158      1.73e-03      2.12e-01        5.73
   5      -171.365845838     -5.37e-03      2.94e-02        5.63
   6      -171.365918735     -7.29e-05      2.28e-02        5.43
   7      -171.365999688     -8.10e-05      4.82e-03        5.42
   8      -171.366007920     -8.23e-06      1.28e-03        5.54
   9      -171.366008430     -5.10e-07      3.86e-04        5.45
  10      -171.366008488     -5.88e-08      1.97e-04        5.50
  11      -171.366008500     -1.13e-08      1.02e-04        5.56
  12      -171.366008502     -2.44e-09      5.04e-05        5.40
  13      -171.366008504     -1.68e-09      2.32e-05        5.43
  14      -171.366008504      1.94e-10      1.07e-05        5.40
  15      -171.366008505     -1.19e-09      4.10e-06        5.39

 SCF converged in 15 iterations.

 Dipole moment (in Debye):              -2.290709      -0.590751      -0.948935

 Quadrupole moment (in Debye-Angstrom):
                  1            2            3
 1       -24.556759     0.792163    -4.316937
 2         0.792163   -24.791103    -0.200768
 3        -4.316937    -0.200768   -22.264222

 Spin-squared expectation <S^2>:         0.775
 Total spin quantum number S:            0.512
 TOTAL ENERGY:                        -171.366008504

 --------------------------------------------------------------------------------

 End time:                               Wed Oct 27 00:07:10 2021
 Total wall-clock time:                106.458 seconds
==================================================================================
