
================================================================================
          _____________ ________ _______________ ________     _________         
         / ___________// ______ \\_____   _____// ______ \   / ________)        
        / /_________  / /      \ \     | |     / /      \ \ | (_______          
       |  __________|| |        | |    | |    | |        | | \________ \        
        \ \_________ | |        | |    | |     \ \______/ /___________) |       
         \__________||_|        |_|    |_|      \________//____________/        
                                                                                
====================================[ Qcore ]===================================

 Git describe: 2.3.0-1-g21d9df7e5
 Compiler:     GNU 9.1.0
 Build type:   Release
 Version:      2.3.0-1-g21d9df7e5

 Start time:   Wed Oct 27 00:07:42 2021

 Data directory: /work/zw18965/.local/qcore/share/entos/qcore/data
 Number of threads: 24
 Number of threads was determined by: command line argument
  - More threads can be used by running 'qcore -n 32'

 --------------------------------------------------------------------------------
                                   command: dft                                  
 --------------------------------------------------------------------------------
 AO basis set:                           def2-tzvppd
 Number of AO basis functions:         229

 Formula:                                CH4LiSCl
 Nuclear charge:                        46.000000000
 Total charge:                           0.000000000
 Number of electrons:                   46.000000000

 Number of alpha electrons:             23
 Number of beta electrons:              23
 Number of unpaired electrons:           0
 Spin:                                   0
 Multiplicity:                           singlet

 Theory:                                 dft
 Exchange-correlation functional:        0.5 b88 + 0.75 lyp
 Method for Coulomb:                     incore_df
 Method for exact exchange:              pre_transformed_df
 Integral threshold:                     1.00e-12
 DF basis set:                           def2-universal-jkfit
 Number of DF basis functions:         454
 Schwarz screening threshold:            1.00e-10
 Coulomb fitting method:                 Cholesky

 ------------------
  UW12 Correlation 
 ------------------
 Factor for UW12 correlation:            1.000000000
 Opposite spin scale factor:             0.250000000
 Same spin scale factor:                 0.500000000
 Calculate indirect contribution:        true
 Method for three electron term:         df_ri
 Auxiliary RI basis set:                 Def2-TZVPPD-RI
 Number of RI basis functions:         584
 Gaussians in geminal expansion:        10
 UW12 screening threshold:               1.00e-12
 Method for density-fitting:             w(r)
 Number of core spatial orbitals:       12

 Total number of grid points:        51776
 Method for AO orthogonalization:        symmetric
 Threshold for linear dependence:        1.00e-08
 D3BJ dispersion energy:                -0.006133379

 -------------------------------------
  Running restricted closed-shell SCF 
 -------------------------------------
 Max number of iterations:             128
 Conv. threshold (gradient):             1.00e-05
 Conv. threshold (energy):               1.00e-06
 Interpolation scheme:                   adiis+cdiis
 Initial guess:                          SAD

 ---------------------------------------------------------------
                  energy        change          grad        time
 ---------------------------------------------------------------
   0      -906.269256556                    1.11e+01       12.74
   1      -906.134139818      1.35e-01      1.34e+00        5.63
   2      -906.034754594      9.94e-02      1.89e+00        5.67
   3      -906.241524042     -2.07e-01      2.64e-01        5.55
   4      -906.239865361      1.66e-03      3.02e-01        5.58
   5      -906.244804797     -4.94e-03      3.41e-02        5.70
   6      -906.244802039      2.76e-06      3.63e-02        5.51
   7      -906.244926950     -1.25e-04      4.17e-03        5.50
   8      -906.244927795     -8.46e-07      8.99e-04        5.54
   9      -906.244927894     -9.86e-08      8.15e-05        5.58
  10      -906.244927889      4.99e-09      2.13e-05        5.59
  11      -906.244927890     -9.27e-10      6.55e-06        5.51

 SCF converged in 11 iterations.

 Dipole moment (in Debye):              -4.008363       2.614011      -0.002852

 Quadrupole moment (in Debye-Angstrom):
                  1            2            3
 1       -29.848208     5.769114     0.006145
 2         5.769114   -41.290691    -0.002743
 3         0.006145    -0.002743   -38.511347

 Spin-squared expectation <S^2>:         0.000
 Total spin quantum number S:            0.000
 TOTAL ENERGY:                        -906.244927889

 --------------------------------------------------------------------------------

 End time:                               Wed Oct 27 00:09:07 2021
 Total wall-clock time:                 85.114 seconds
==================================================================================
