
================================================================================
          _____________ ________ _______________ ________     _________         
         / ___________// ______ \\_____   _____// ______ \   / ________)        
        / /_________  / /      \ \     | |     / /      \ \ | (_______          
       |  __________|| |        | |    | |    | |        | | \________ \        
        \ \_________ | |        | |    | |     \ \______/ /___________) |       
         \__________||_|        |_|    |_|      \________//____________/        
                                                                                
====================================[ Qcore ]===================================

 Git describe: 2.3.0-1-g21d9df7e5
 Compiler:     GNU 9.1.0
 Build type:   Release
 Version:      2.3.0-1-g21d9df7e5

 Start time:   Wed Oct 27 00:10:29 2021

 Data directory: /work/zw18965/.local/qcore/share/entos/qcore/data
 Number of threads: 24
 Number of threads was determined by: command line argument
  - More threads can be used by running 'qcore -n 32'

 --------------------------------------------------------------------------------
                                   command: dft                                  
 --------------------------------------------------------------------------------
 AO basis set:                           def2-tzvppd
 Number of AO basis functions:          39

 Formula:                                HLi
 Nuclear charge:                         4.000000000
 Total charge:                           0.000000000
 Number of electrons:                    4.000000000

 Number of alpha electrons:              2
 Number of beta electrons:               2
 Number of unpaired electrons:           0
 Spin:                                   0
 Multiplicity:                           singlet

 Theory:                                 dft
 Exchange-correlation functional:        0.5 b88 + 0.75 lyp
 Method for Coulomb:                     incore_df
 Method for exact exchange:              pre_transformed_df
 Integral threshold:                     1.00e-12
 DF basis set:                           def2-universal-jkfit
 Number of DF basis functions:          69
 Schwarz screening threshold:            1.00e-10
 Coulomb fitting method:                 Cholesky

 ------------------
  UW12 Correlation 
 ------------------
 Factor for UW12 correlation:            1.000000000
 Opposite spin scale factor:             0.250000000
 Same spin scale factor:                 0.500000000
 Calculate indirect contribution:        true
 Method for three electron term:         df_ri
 Auxiliary RI basis set:                 Def2-TZVPPD-RI
 Number of RI basis functions:          97
 Gaussians in geminal expansion:        10
 UW12 screening threshold:               1.00e-12
 Method for density-fitting:             w(r)
 Number of core spatial orbitals:        1

 Total number of grid points:        12462
 Method for AO orthogonalization:        symmetric
 Threshold for linear dependence:        1.00e-08
 D3BJ dispersion energy:                -0.000198732

 -------------------------------------
  Running restricted closed-shell SCF 
 -------------------------------------
 Max number of iterations:             128
 Conv. threshold (gradient):             1.00e-05
 Conv. threshold (energy):               1.00e-06
 Interpolation scheme:                   adiis+cdiis
 Initial guess:                          SAD

 ---------------------------------------------------------------
                  energy        change          grad        time
 ---------------------------------------------------------------
   0        -7.903402403                    4.27e-01        0.04
   1        -8.041157530     -1.38e-01      3.99e-01        0.01
   2        -8.056268296     -1.51e-02      1.08e-01        0.01
   3        -8.057243541     -9.75e-04      2.91e-02        0.01
   4        -8.057312985     -6.94e-05      6.40e-03        0.01
   5        -8.057317524     -4.54e-06      1.58e-04        0.01
   6        -8.057317548     -2.34e-08      1.23e-05        0.01
   7        -8.057317548     -6.69e-10      9.99e-07        0.01

 SCF converged in 7 iterations.

 Dipole moment (in Debye):               0.000000       0.000000       5.855826

 Quadrupole moment (in Debye-Angstrom):
                  1            2            3
 1        -5.413819     0.000000    -0.000000
 2         0.000000    -5.413819    -0.000000
 3        -0.000000    -0.000000    -7.164659

 Spin-squared expectation <S^2>:         0.000
 Total spin quantum number S:            0.000
 TOTAL ENERGY:                          -8.057317548

 --------------------------------------------------------------------------------

 End time:                               Wed Oct 27 00:10:29 2021
 Total wall-clock time:                  0.478 seconds
==================================================================================
