
================================================================================
          _____________ ________ _______________ ________     _________         
         / ___________// ______ \\_____   _____// ______ \   / ________)        
        / /_________  / /      \ \     | |     / /      \ \ | (_______          
       |  __________|| |        | |    | |    | |        | | \________ \        
        \ \_________ | |        | |    | |     \ \______/ /___________) |       
         \__________||_|        |_|    |_|      \________//____________/        
                                                                                
====================================[ Qcore ]===================================

 Git describe: 2.3.0-1-g21d9df7e5
 Compiler:     GNU 9.1.0
 Build type:   Release
 Version:      2.3.0-1-g21d9df7e5

 Start time:   Wed Oct 27 00:10:44 2021

 Data directory: /work/zw18965/.local/qcore/share/entos/qcore/data
 Number of threads: 24
 Number of threads was determined by: command line argument
  - More threads can be used by running 'qcore -n 32'

 --------------------------------------------------------------------------------
                                   command: dft                                  
 --------------------------------------------------------------------------------
 AO basis set:                           def2-tzvppd
 Number of AO basis functions:          80

 Formula:                                F2
 Nuclear charge:                        18.000000000
 Total charge:                           0.000000000
 Number of electrons:                   18.000000000

 Number of alpha electrons:              9
 Number of beta electrons:               9
 Number of unpaired electrons:           0
 Spin:                                   0
 Multiplicity:                           singlet

 Theory:                                 dft
 Exchange-correlation functional:        0.5 b88 + 0.75 lyp
 Method for Coulomb:                     incore_df
 Method for exact exchange:              pre_transformed_df
 Integral threshold:                     1.00e-12
 DF basis set:                           def2-universal-jkfit
 Number of DF basis functions:         154
 Schwarz screening threshold:            1.00e-10
 Coulomb fitting method:                 Cholesky

 ------------------
  UW12 Correlation 
 ------------------
 Factor for UW12 correlation:            1.000000000
 Opposite spin scale factor:             0.250000000
 Same spin scale factor:                 0.500000000
 Calculate indirect contribution:        true
 Method for three electron term:         df_ri
 Auxiliary RI basis set:                 Def2-TZVPPD-RI
 Number of RI basis functions:         184
 Gaussians in geminal expansion:        10
 UW12 screening threshold:               1.00e-12
 Method for density-fitting:             w(r)
 Number of core spatial orbitals:        2

 Total number of grid points:        13624
 Method for AO orthogonalization:        symmetric
 Threshold for linear dependence:        1.00e-08
 D3BJ dispersion energy:                -0.000115353

 -------------------------------------
  Running restricted closed-shell SCF 
 -------------------------------------
 Max number of iterations:             128
 Conv. threshold (gradient):             1.00e-05
 Conv. threshold (energy):               1.00e-06
 Interpolation scheme:                   adiis+cdiis
 Initial guess:                          SAD

 ---------------------------------------------------------------
                  energy        change          grad        time
 ---------------------------------------------------------------
   0      -199.680099987                    2.26e+00        0.26
   1      -199.623587483      5.65e-02      3.76e-01        0.08
   2      -199.627474402     -3.89e-03      8.89e-02        0.07
   3      -199.627945966     -4.72e-04      4.28e-02        0.07
   4      -199.628095199     -1.49e-04      4.01e-03        0.07
   5      -199.628097394     -2.19e-06      2.53e-04        0.07
   6      -199.628097398     -4.29e-09      1.89e-05        0.07
   7      -199.628097399     -1.08e-09      1.51e-06        0.07

 SCF converged in 7 iterations.

 Dipole moment (in Debye):               0.000000       0.000000       0.000002

 Quadrupole moment (in Debye-Angstrom):
                  1            2            3
 1        -9.698064     0.000000     0.000000
 2         0.000000    -9.698064     0.000000
 3         0.000000     0.000000    -8.734256

 Spin-squared expectation <S^2>:         0.000
 Total spin quantum number S:            0.000
 TOTAL ENERGY:                        -199.628097399

 --------------------------------------------------------------------------------

 End time:                               Wed Oct 27 00:10:46 2021
 Total wall-clock time:                  1.779 seconds
==================================================================================
