
================================================================================
          _____________ ________ _______________ ________     _________         
         / ___________// ______ \\_____   _____// ______ \   / ________)        
        / /_________  / /      \ \     | |     / /      \ \ | (_______          
       |  __________|| |        | |    | |    | |        | | \________ \        
        \ \_________ | |        | |    | |     \ \______/ /___________) |       
         \__________||_|        |_|    |_|      \________//____________/        
                                                                                
====================================[ Qcore ]===================================

 Git describe: 2.3.0-1-g21d9df7e5
 Compiler:     GNU 9.1.0
 Build type:   Release
 Version:      2.3.0-1-g21d9df7e5

 Start time:   Tue Oct 26 23:41:09 2021

 Data directory: /work/zw18965/.local/qcore/share/entos/qcore/data
 Number of threads: 24
 Number of threads was determined by: command line argument

 --------------------------------------------------------------------------------
                                   command: dft                                  
 --------------------------------------------------------------------------------
 AO basis set:                           def2-tzvppd
 Number of AO basis functions:         210

 Formula:                                CH5OAl
 Nuclear charge:                        32.000000000
 Total charge:                           0.000000000
 Number of electrons:                   32.000000000

 Number of alpha electrons:             16
 Number of beta electrons:              16
 Number of unpaired electrons:           0
 Spin:                                   0
 Multiplicity:                           singlet

 Theory:                                 dft
 Exchange-correlation functional:        0.49 b88 + 0.4 lyp
 Method for Coulomb:                     incore_df
 Method for exact exchange:              pre_transformed_df
 Integral threshold:                     1.00e-12
 DF basis set:                           def2-universal-jkfit
 Number of DF basis functions:         370
 Schwarz screening threshold:            1.00e-10
 Coulomb fitting method:                 Cholesky

 ------------------
  UW12 Correlation 
 ------------------
 Factor for UW12 correlation:            1.000000000
 Opposite spin scale factor:             0.520000000
 Same spin scale factor:                 0.000000000
 Calculate indirect contribution:        false
 Method for three electron term:         df_ri
 Auxiliary RI basis set:                 Def2-TZVPPD-RI
 Number of RI basis functions:         518
 Gaussians in geminal expansion:        10
 UW12 screening threshold:               1.00e-12
 Method for density-fitting:             w(r)
 Number of core spatial orbitals:        7

 Total number of grid points:        50544
 Method for AO orthogonalization:        symmetric
 Threshold for linear dependence:        1.00e-08
 D3BJ dispersion energy:                -0.007033942

 -------------------------------------
  Running restricted closed-shell SCF 
 -------------------------------------
 Max number of iterations:             128
 Conv. threshold (gradient):             1.00e-05
 Conv. threshold (energy):               1.00e-06
 Interpolation scheme:                   adiis+cdiis
 Initial guess:                          SAD

 ---------------------------------------------------------------
                  energy        change          grad        time
 ---------------------------------------------------------------
   0      -358.398635498                    1.03e+01        2.58
   1      -358.195503098      2.03e-01      2.19e+00        0.57
   2      -357.716501138      4.79e-01      4.36e+00        0.51
   3      -358.343256878     -6.27e-01      8.68e-01        0.56
   4      -358.342655542      6.01e-04      9.39e-01        0.55
   5      -358.366768374     -2.41e-02      6.78e-02        0.54
   6      -358.366748400      2.00e-05      8.64e-02        0.52
   7      -358.366949887     -2.01e-04      2.68e-03        0.51
   8      -358.366950484     -5.96e-07      7.55e-04        0.54
   9      -358.366950471      1.30e-08      9.24e-05        0.55
  10      -358.366950473     -1.93e-09      1.08e-05        0.52
  11      -358.366950473     -6.15e-10      1.24e-06        0.54

 SCF converged in 11 iterations.

 Dipole moment (in Debye):              -0.724216       0.011164       0.171894

 Quadrupole moment (in Debye-Angstrom):
                  1            2            3
 1       -27.934802    -0.006949     0.025614
 2        -0.006949   -26.331860     0.003789
 3         0.025614     0.003789   -25.957808

 Spin-squared expectation <S^2>:         0.000
 Total spin quantum number S:            0.000
 TOTAL ENERGY:                        -358.366950473

 --------------------------------------------------------------------------------

 End time:                               Tue Oct 26 23:41:22 2021
 Total wall-clock time:                 12.877 seconds
==================================================================================
