
================================================================================
          _____________ ________ _______________ ________     _________         
         / ___________// ______ \\_____   _____// ______ \   / ________)        
        / /_________  / /      \ \     | |     / /      \ \ | (_______          
       |  __________|| |        | |    | |    | |        | | \________ \        
        \ \_________ | |        | |    | |     \ \______/ /___________) |       
         \__________||_|        |_|    |_|      \________//____________/        
                                                                                
====================================[ Qcore ]===================================

 Git describe: 2.3.0-1-g21d9df7e5
 Compiler:     GNU 9.1.0
 Build type:   Release
 Version:      2.3.0-1-g21d9df7e5

 Start time:   Tue Oct 26 23:42:20 2021

 Data directory: /work/zw18965/.local/qcore/share/entos/qcore/data
 Number of threads: 24
 Number of threads was determined by: command line argument

 --------------------------------------------------------------------------------
                                   command: dft                                  
 --------------------------------------------------------------------------------
 AO basis set:                           def2-tzvppd
 Number of AO basis functions:         207

 Formula:                                C2H5P
 Nuclear charge:                        32.000000000
 Total charge:                           0.000000000
 Number of electrons:                   32.000000000

 Number of alpha electrons:             16
 Number of beta electrons:              16
 Number of unpaired electrons:           0
 Spin:                                   0
 Multiplicity:                           singlet

 Theory:                                 dft
 Exchange-correlation functional:        0.49 b88 + 0.4 lyp
 Method for Coulomb:                     incore_df
 Method for exact exchange:              pre_transformed_df
 Integral threshold:                     1.00e-12
 DF basis set:                           def2-universal-jkfit
 Number of DF basis functions:         368
 Schwarz screening threshold:            1.00e-10
 Coulomb fitting method:                 Cholesky

 ------------------
  UW12 Correlation 
 ------------------
 Factor for UW12 correlation:            1.000000000
 Opposite spin scale factor:             0.520000000
 Same spin scale factor:                 0.000000000
 Calculate indirect contribution:        false
 Method for three electron term:         df_ri
 Auxiliary RI basis set:                 Def2-TZVPPD-RI
 Number of RI basis functions:         518
 Gaussians in geminal expansion:        10
 UW12 screening threshold:               1.00e-12
 Method for density-fitting:             w(r)
 Number of core spatial orbitals:        7

 Total number of grid points:        50400
 Method for AO orthogonalization:        symmetric
 Threshold for linear dependence:        1.00e-08
 D3BJ dispersion energy:                -0.010496247

 -------------------------------------
  Running restricted closed-shell SCF 
 -------------------------------------
 Max number of iterations:             128
 Conv. threshold (gradient):             1.00e-05
 Conv. threshold (energy):               1.00e-06
 Interpolation scheme:                   adiis+cdiis
 Initial guess:                          SAD

 ---------------------------------------------------------------
                  energy        change          grad        time
 ---------------------------------------------------------------
   0      -420.706156351                    1.33e+01        2.56
   1      -419.981096636      7.25e-01      1.74e+00        0.56
   2      -419.897104933      8.40e-02      1.83e+00        0.56
   3      -420.109321582     -2.12e-01      2.06e-01        0.53
   4      -420.108556112      7.65e-04      2.49e-01        0.54
   5      -420.111546532     -2.99e-03      1.43e-02        0.52
   6      -420.111557211     -1.07e-05      7.64e-03        0.56
   7      -420.111562679     -5.47e-06      9.29e-04        0.51
   8      -420.111562775     -9.60e-08      1.45e-04        0.51
   9      -420.111562780     -4.63e-09      4.16e-05        0.53
  10      -420.111562781     -1.20e-09      1.08e-05        0.52
  11      -420.111562781     -1.48e-10      1.71e-06        0.55

 SCF converged in 11 iterations.

 Dipole moment (in Debye):               0.424476      -0.000164       1.047184

 Quadrupole moment (in Debye-Angstrom):
                  1            2            3
 1       -26.003031     0.000016    -1.125064
 2         0.000016   -26.992462     0.000392
 3        -1.125064     0.000392   -28.243548

 Spin-squared expectation <S^2>:         0.000
 Total spin quantum number S:            0.000
 TOTAL ENERGY:                        -420.111562782

 --------------------------------------------------------------------------------

 End time:                               Tue Oct 26 23:42:31 2021
 Total wall-clock time:                 10.560 seconds
==================================================================================
