
================================================================================
          _____________ ________ _______________ ________     _________         
         / ___________// ______ \\_____   _____// ______ \   / ________)        
        / /_________  / /      \ \     | |     / /      \ \ | (_______          
       |  __________|| |        | |    | |    | |        | | \________ \        
        \ \_________ | |        | |    | |     \ \______/ /___________) |       
         \__________||_|        |_|    |_|      \________//____________/        
                                                                                
====================================[ Qcore ]===================================

 Git describe: 2.3.0-1-g21d9df7e5
 Compiler:     GNU 9.1.0
 Build type:   Release
 Version:      2.3.0-1-g21d9df7e5

 Start time:   Tue Oct 26 23:42:34 2021

 Data directory: /work/zw18965/.local/qcore/share/entos/qcore/data
 Number of threads: 24
 Number of threads was determined by: command line argument

 --------------------------------------------------------------------------------
                                   command: dft                                  
 --------------------------------------------------------------------------------
 AO basis set:                           def2-tzvppd
 Number of AO basis functions:         212

 Formula:                                C2H4LiSi
 Nuclear charge:                        33.000000000
 Total charge:                           0.000000000
 Number of electrons:                   33.000000000

 Number of alpha electrons:             17
 Number of beta electrons:              16
 Number of unpaired electrons:           1
 Spin:                                   1
 Multiplicity:                           doublet

 Theory:                                 dft
 Exchange-correlation functional:        0.49 b88 + 0.4 lyp
 Method for Coulomb:                     incore_df
 Method for exact exchange:              pre_transformed_df
 Integral threshold:                     1.00e-12
 DF basis set:                           def2-universal-jkfit
 Number of DF basis functions:         401
 Schwarz screening threshold:            1.00e-10
 Coulomb fitting method:                 Cholesky

 ------------------
  UW12 Correlation 
 ------------------
 Factor for UW12 correlation:            1.000000000
 Opposite spin scale factor:             0.520000000
 Same spin scale factor:                 0.000000000
 Calculate indirect contribution:        false
 Method for three electron term:         df_ri
 Auxiliary RI basis set:                 Def2-TZVPPD-RI
 Number of RI basis functions:         537
 Gaussians in geminal expansion:        10
 UW12 screening threshold:               1.00e-12
 Method for density-fitting:             w(r)
 Number of core spatial orbitals:        8

 Total number of grid points:        51082
 Method for AO orthogonalization:        symmetric
 Threshold for linear dependence:        1.00e-08
 D3BJ dispersion energy:                -0.014202810

 -------------------------------------
  Running unrestricted open-shell SCF 
 -------------------------------------
 Max number of iterations:             128
 Conv. threshold (gradient):             1.00e-05
 Conv. threshold (energy):               1.00e-06
 Interpolation scheme:                   adiis+cdiis
 Initial guess:                          SAD

 ---------------------------------------------------------------
                  energy        change          grad        time
 ---------------------------------------------------------------
   0      -375.463788555                    5.90e+00        3.76
   1      -374.826484917      6.37e-01      1.37e+00        1.29
   2      -374.176186427      6.50e-01      2.09e+00        1.24
   3      -375.046680465     -8.70e-01      4.96e-01        1.20
   4      -375.049875052     -3.19e-03      4.70e-01        1.22
   5      -375.081795759     -3.19e-02      3.67e-02        1.23
   6      -375.082155169     -3.59e-04      3.47e-02        1.22
   7      -375.082417703     -2.63e-04      1.03e-02        1.23
   8      -375.082450105     -3.24e-05      4.22e-03        1.21
   9      -375.082456576     -6.47e-06      2.04e-03        1.22
  10      -375.082459202     -2.63e-06      1.01e-03        1.25
  11      -375.082459915     -7.13e-07      3.91e-04        1.21
  12      -375.082460010     -9.48e-08      1.42e-04        1.19
  13      -375.082460022     -1.20e-08      4.85e-05        1.18
  14      -375.082460024     -1.85e-09      2.03e-05        1.19
  15      -375.082460023      1.35e-09      1.17e-05        1.21
  16      -375.082460023     -7.06e-10      6.04e-06        1.20

 SCF converged in 16 iterations.

 Dipole moment (in Debye):               0.555893      -4.129168      -0.063155

 Quadrupole moment (in Debye-Angstrom):
                  1            2            3
 1       -33.654383    -6.232315     0.006596
 2        -6.232315   -18.894894     0.253612
 3         0.006596     0.253612   -32.865760

 Spin-squared expectation <S^2>:         0.758
 Total spin quantum number S:            0.504
 TOTAL ENERGY:                        -375.082460023

 --------------------------------------------------------------------------------

 End time:                               Tue Oct 26 23:43:00 2021
 Total wall-clock time:                 26.215 seconds
==================================================================================
