
================================================================================
          _____________ ________ _______________ ________     _________         
         / ___________// ______ \\_____   _____// ______ \   / ________)        
        / /_________  / /      \ \     | |     / /      \ \ | (_______          
       |  __________|| |        | |    | |    | |        | | \________ \        
        \ \_________ | |        | |    | |     \ \______/ /___________) |       
         \__________||_|        |_|    |_|      \________//____________/        
                                                                                
====================================[ Qcore ]===================================

 Git describe: 2.3.0-1-g21d9df7e5
 Compiler:     GNU 9.1.0
 Build type:   Release
 Version:      2.3.0-1-g21d9df7e5

 Start time:   Tue Oct 26 23:43:04 2021

 Data directory: /work/zw18965/.local/qcore/share/entos/qcore/data
 Number of threads: 24
 Number of threads was determined by: command line argument

 --------------------------------------------------------------------------------
                                   command: dft                                  
 --------------------------------------------------------------------------------
 AO basis set:                           def2-tzvppd
 Number of AO basis functions:         216

 Formula:                                C3H4N
 Nuclear charge:                        29.000000000
 Total charge:                           0.000000000
 Number of electrons:                   29.000000000

 Number of alpha electrons:             15
 Number of beta electrons:              14
 Number of unpaired electrons:           1
 Spin:                                   1
 Multiplicity:                           doublet

 Theory:                                 dft
 Exchange-correlation functional:        0.49 b88 + 0.4 lyp
 Method for Coulomb:                     incore_df
 Method for exact exchange:              pre_transformed_df
 Integral threshold:                     1.00e-12
 DF basis set:                           def2-universal-jkfit
 Number of DF basis functions:         374
 Schwarz screening threshold:            1.00e-10
 Coulomb fitting method:                 Cholesky

 ------------------
  UW12 Correlation 
 ------------------
 Factor for UW12 correlation:            1.000000000
 Opposite spin scale factor:             0.520000000
 Same spin scale factor:                 0.000000000
 Calculate indirect contribution:        false
 Method for three electron term:         df_ri
 Auxiliary RI basis set:                 Def2-TZVPPD-RI
 Number of RI basis functions:         524
 Gaussians in geminal expansion:        10
 UW12 screening threshold:               1.00e-12
 Method for density-fitting:             w(r)
 Number of core spatial orbitals:        4

 Total number of grid points:        50760
 Method for AO orthogonalization:        symmetric
 Threshold for linear dependence:        1.00e-08
 D3BJ dispersion energy:                -0.008022168

 -------------------------------------
  Running unrestricted open-shell SCF 
 -------------------------------------
 Max number of iterations:             128
 Conv. threshold (gradient):             1.00e-05
 Conv. threshold (energy):               1.00e-06
 Interpolation scheme:                   adiis+cdiis
 Initial guess:                          SAD

 ---------------------------------------------------------------
                  energy        change          grad        time
 ---------------------------------------------------------------
   0      -172.128534890                    7.34e+00        3.35
   1      -170.983793247      1.14e+00      6.24e-01        1.26
   2      -171.011121518     -2.73e-02      5.44e-01        1.18
   3      -171.072904835     -6.18e-02      1.67e-01        1.16
   4      -171.070349375      2.56e-03      2.50e-01        1.14
   5      -171.077304657     -6.96e-03      4.43e-02        1.14
   6      -171.077352639     -4.80e-05      3.92e-02        1.14
   7      -171.077559317     -2.07e-04      5.46e-03        1.13
   8      -171.077570566     -1.12e-05      1.34e-03        1.12
   9      -171.077571175     -6.09e-07      6.27e-04        1.11
  10      -171.077571330     -1.55e-07      3.51e-04        1.13
  11      -171.077571388     -5.84e-08      1.66e-04        1.15
  12      -171.077571406     -1.78e-08      8.95e-05        1.12
  13      -171.077571411     -4.94e-09      4.71e-05        1.08
  14      -171.077571414     -3.01e-09      1.84e-05        1.13
  15      -171.077571412      1.26e-09      5.74e-06        1.09

 SCF converged in 15 iterations.

 Dipole moment (in Debye):              -2.297300      -0.592047      -0.910074

 Quadrupole moment (in Debye-Angstrom):
                  1            2            3
 1       -24.626237     0.791573    -4.300009
 2         0.791573   -24.875352    -0.199149
 3        -4.300009    -0.199149   -22.443507

 Spin-squared expectation <S^2>:         0.777
 Total spin quantum number S:            0.513
 TOTAL ENERGY:                        -171.077571412

 --------------------------------------------------------------------------------

 End time:                               Tue Oct 26 23:43:26 2021
 Total wall-clock time:                 22.928 seconds
==================================================================================
