
================================================================================
          _____________ ________ _______________ ________     _________         
         / ___________// ______ \\_____   _____// ______ \   / ________)        
        / /_________  / /      \ \     | |     / /      \ \ | (_______          
       |  __________|| |        | |    | |    | |        | | \________ \        
        \ \_________ | |        | |    | |     \ \______/ /___________) |       
         \__________||_|        |_|    |_|      \________//____________/        
                                                                                
====================================[ Qcore ]===================================

 Git describe: 2.3.0-1-g21d9df7e5
 Compiler:     GNU 9.1.0
 Build type:   Release
 Version:      2.3.0-1-g21d9df7e5

 Start time:   Tue Oct 26 23:43:30 2021

 Data directory: /work/zw18965/.local/qcore/share/entos/qcore/data
 Number of threads: 24
 Number of threads was determined by: command line argument

 --------------------------------------------------------------------------------
                                   command: dft                                  
 --------------------------------------------------------------------------------
 AO basis set:                           def2-tzvppd
 Number of AO basis functions:         176

 Formula:                                CH6N
 Nuclear charge:                        19.000000000
 Total charge:                           0.000000000
 Number of electrons:                   19.000000000

 Number of alpha electrons:             10
 Number of beta electrons:               9
 Number of unpaired electrons:           1
 Spin:                                   1
 Multiplicity:                           doublet

 Theory:                                 dft
 Exchange-correlation functional:        0.49 b88 + 0.4 lyp
 Method for Coulomb:                     incore_df
 Method for exact exchange:              pre_transformed_df
 Integral threshold:                     1.00e-12
 DF basis set:                           def2-universal-jkfit
 Number of DF basis functions:         260
 Schwarz screening threshold:            1.00e-10
 Coulomb fitting method:                 Cholesky

 ------------------
  UW12 Correlation 
 ------------------
 Factor for UW12 correlation:            1.000000000
 Opposite spin scale factor:             0.520000000
 Same spin scale factor:                 0.000000000
 Calculate indirect contribution:        false
 Method for three electron term:         df_ri
 Auxiliary RI basis set:                 Def2-TZVPPD-RI
 Number of RI basis functions:         418
 Gaussians in geminal expansion:        10
 UW12 screening threshold:               1.00e-12
 Method for density-fitting:             w(r)
 Number of core spatial orbitals:        2

 Total number of grid points:        48940
 Method for AO orthogonalization:        symmetric
 Threshold for linear dependence:        1.00e-08
 D3BJ dispersion energy:                -0.005064037

 -------------------------------------
  Running unrestricted open-shell SCF 
 -------------------------------------
 Max number of iterations:             128
 Conv. threshold (gradient):             1.00e-05
 Conv. threshold (energy):               1.00e-06
 Interpolation scheme:                   adiis+cdiis
 Initial guess:                          SAD

 ---------------------------------------------------------------
                  energy        change          grad        time
 ---------------------------------------------------------------
   0       -96.465356390                    6.00e+00        1.54
   1       -96.134847956      3.31e-01      7.04e-01        0.59
   2       -96.124623688      1.02e-02      8.88e-01        0.59
   3       -96.217046853     -9.24e-02      9.07e-02        0.53
   4       -96.217429161     -3.82e-04      1.07e-01        0.51
   5       -96.218545745     -1.12e-03      1.29e-02        0.48
   6       -96.218617828     -7.21e-05      4.69e-03        0.51
   7       -96.218630458     -1.26e-05      2.07e-03        0.49
   8       -96.218631179     -7.21e-07      3.30e-04        0.45
   9       -96.218631203     -2.34e-08      1.11e-04        0.42
  10       -96.218631205     -2.31e-09      2.34e-05        0.42
  11       -96.218631205     -8.85e-11      5.69e-06        0.41

 SCF converged in 11 iterations.

 Dipole moment (in Debye):              -0.041505      -2.063318       0.994906

 Quadrupole moment (in Debye-Angstrom):
                  1            2            3
 1       -13.961507    -0.088237     0.088331
 2        -0.088237   -18.109578     3.716849
 3         0.088331     3.716849   -17.064330

 Spin-squared expectation <S^2>:         0.754
 Total spin quantum number S:            0.502
 TOTAL ENERGY:                         -96.218631205

 --------------------------------------------------------------------------------

 End time:                               Tue Oct 26 23:43:38 2021
 Total wall-clock time:                  8.478 seconds
==================================================================================
