
================================================================================
          _____________ ________ _______________ ________     _________         
         / ___________// ______ \\_____   _____// ______ \   / ________)        
        / /_________  / /      \ \     | |     / /      \ \ | (_______          
       |  __________|| |        | |    | |    | |        | | \________ \        
        \ \_________ | |        | |    | |     \ \______/ /___________) |       
         \__________||_|        |_|    |_|      \________//____________/        
                                                                                
====================================[ Qcore ]===================================

 Git describe: 2.3.0-1-g21d9df7e5
 Compiler:     GNU 9.1.0
 Build type:   Release
 Version:      2.3.0-1-g21d9df7e5

 Start time:   Tue Oct 26 23:43:42 2021

 Data directory: /work/zw18965/.local/qcore/share/entos/qcore/data
 Number of threads: 24
 Number of threads was determined by: command line argument

 --------------------------------------------------------------------------------
                                   command: dft                                  
 --------------------------------------------------------------------------------
 AO basis set:                           def2-tzvppd
 Number of AO basis functions:         229

 Formula:                                CH4LiSCl
 Nuclear charge:                        46.000000000
 Total charge:                           0.000000000
 Number of electrons:                   46.000000000

 Number of alpha electrons:             23
 Number of beta electrons:              23
 Number of unpaired electrons:           0
 Spin:                                   0
 Multiplicity:                           singlet

 Theory:                                 dft
 Exchange-correlation functional:        0.49 b88 + 0.4 lyp
 Method for Coulomb:                     incore_df
 Method for exact exchange:              pre_transformed_df
 Integral threshold:                     1.00e-12
 DF basis set:                           def2-universal-jkfit
 Number of DF basis functions:         454
 Schwarz screening threshold:            1.00e-10
 Coulomb fitting method:                 Cholesky

 ------------------
  UW12 Correlation 
 ------------------
 Factor for UW12 correlation:            1.000000000
 Opposite spin scale factor:             0.520000000
 Same spin scale factor:                 0.000000000
 Calculate indirect contribution:        false
 Method for three electron term:         df_ri
 Auxiliary RI basis set:                 Def2-TZVPPD-RI
 Number of RI basis functions:         584
 Gaussians in geminal expansion:        10
 UW12 screening threshold:               1.00e-12
 Method for density-fitting:             w(r)
 Number of core spatial orbitals:       12

 Total number of grid points:        51776
 Method for AO orthogonalization:        symmetric
 Threshold for linear dependence:        1.00e-08
 D3BJ dispersion energy:                -0.013937635

 -------------------------------------
  Running restricted closed-shell SCF 
 -------------------------------------
 Max number of iterations:             128
 Conv. threshold (gradient):             1.00e-05
 Conv. threshold (energy):               1.00e-06
 Interpolation scheme:                   adiis+cdiis
 Initial guess:                          SAD

 ---------------------------------------------------------------
                  energy        change          grad        time
 ---------------------------------------------------------------
   0      -905.690630525                    1.11e+01        3.41
   1      -905.599604019      9.10e-02      1.23e+00        0.92
   2      -905.534462091      6.51e-02      1.67e+00        0.91
   3      -905.695672017     -1.61e-01      1.77e-01        0.86
   4      -905.695901541     -2.30e-04      1.51e-01        0.86
   5      -905.697442143     -1.54e-03      5.57e-02        0.91
   6      -905.697276939      1.65e-04      7.67e-02        0.92
   7      -905.697598765     -3.22e-04      4.50e-03        0.93
   8      -905.697599840     -1.08e-06      8.05e-04        0.94
   9      -905.697599952     -1.12e-07      1.12e-04        0.95
  10      -905.697599949      3.32e-09      3.32e-05        0.90
  11      -905.697599948      5.66e-10      7.54e-06        0.94

 SCF converged in 11 iterations.

 Dipole moment (in Debye):              -4.047092       2.673521      -0.002901

 Quadrupole moment (in Debye-Angstrom):
                  1            2            3
 1       -29.949820     5.762373     0.006430
 2         5.762373   -41.536711    -0.002804
 3         0.006430    -0.002804   -38.567996

 Spin-squared expectation <S^2>:         0.000
 Total spin quantum number S:            0.000
 TOTAL ENERGY:                        -905.697599949

 --------------------------------------------------------------------------------

 End time:                               Tue Oct 26 23:43:58 2021
 Total wall-clock time:                 16.964 seconds
==================================================================================
