
================================================================================
          _____________ ________ _______________ ________     _________         
         / ___________// ______ \\_____   _____// ______ \   / ________)        
        / /_________  / /      \ \     | |     / /      \ \ | (_______          
       |  __________|| |        | |    | |    | |        | | \________ \        
        \ \_________ | |        | |    | |     \ \______/ /___________) |       
         \__________||_|        |_|    |_|      \________//____________/        
                                                                                
====================================[ Qcore ]===================================

 Git describe: 2.3.0-1-g21d9df7e5
 Compiler:     GNU 9.1.0
 Build type:   Release
 Version:      2.3.0-1-g21d9df7e5

 Start time:   Tue Oct 26 23:44:02 2021

 Data directory: /work/zw18965/.local/qcore/share/entos/qcore/data
 Number of threads: 24
 Number of threads was determined by: command line argument

 --------------------------------------------------------------------------------
                                   command: dft                                  
 --------------------------------------------------------------------------------
 AO basis set:                           def2-tzvppd
 Number of AO basis functions:         199

 Formula:                                CH5BO
 Nuclear charge:                        24.000000000
 Total charge:                           0.000000000
 Number of electrons:                   24.000000000

 Number of alpha electrons:             12
 Number of beta electrons:              12
 Number of unpaired electrons:           0
 Spin:                                   0
 Multiplicity:                           singlet

 Theory:                                 dft
 Exchange-correlation functional:        0.49 b88 + 0.4 lyp
 Method for Coulomb:                     incore_df
 Method for exact exchange:              pre_transformed_df
 Integral threshold:                     1.00e-12
 DF basis set:                           def2-universal-jkfit
 Number of DF basis functions:         317
 Schwarz screening threshold:            1.00e-10
 Coulomb fitting method:                 Cholesky

 ------------------
  UW12 Correlation 
 ------------------
 Factor for UW12 correlation:            1.000000000
 Opposite spin scale factor:             0.520000000
 Same spin scale factor:                 0.000000000
 Calculate indirect contribution:        false
 Method for three electron term:         df_ri
 Auxiliary RI basis set:                 Def2-TZVPPD-RI
 Number of RI basis functions:         471
 Gaussians in geminal expansion:        10
 UW12 screening threshold:               1.00e-12
 Method for density-fitting:             w(r)
 Number of core spatial orbitals:        3

 Total number of grid points:        49994
 Method for AO orthogonalization:        symmetric
 Threshold for linear dependence:        1.00e-08
 D3BJ dispersion energy:                -0.005122172

 -------------------------------------
  Running restricted closed-shell SCF 
 -------------------------------------
 Max number of iterations:             128
 Conv. threshold (gradient):             1.00e-05
 Conv. threshold (energy):               1.00e-06
 Interpolation scheme:                   adiis+cdiis
 Initial guess:                          SAD

 ---------------------------------------------------------------
                  energy        change          grad        time
 ---------------------------------------------------------------
   0      -141.260916559                    1.34e+01        1.69
   1      -140.857363549      4.04e-01      1.95e+00        0.46
   2      -140.781607032      7.58e-02      3.12e+00        0.43
   3      -140.950822012     -1.69e-01      3.63e-01        0.41
   4      -140.951203116     -3.81e-04      3.37e-01        0.40
   5      -140.953886225     -2.68e-03      1.09e-01        0.38
   6      -140.953612364      2.74e-04      1.76e-01        0.36
   7      -140.954032320     -4.20e-04      3.32e-02        0.35
   8      -140.954026816      5.50e-06      3.86e-02        0.37
   9      -140.954047825     -2.10e-05      9.87e-05        0.35
  10      -140.954047826     -1.32e-10      1.72e-05        0.37
  11      -140.954047825      1.02e-09      2.96e-06        0.38

 SCF converged in 11 iterations.

 Dipole moment (in Debye):              -0.518232      -1.044348       1.012015

 Quadrupole moment (in Debye-Angstrom):
                  1            2            3
 1       -19.635637    -1.061401     0.928880
 2        -1.061401   -20.305271     1.466067
 3         0.928880     1.466067   -19.630212

 Spin-squared expectation <S^2>:         0.000
 Total spin quantum number S:            0.000
 TOTAL ENERGY:                        -140.954047824

 --------------------------------------------------------------------------------

 End time:                               Tue Oct 26 23:44:09 2021
 Total wall-clock time:                  7.733 seconds
==================================================================================
