
================================================================================
          _____________ ________ _______________ ________     _________         
         / ___________// ______ \\_____   _____// ______ \   / ________)        
        / /_________  / /      \ \     | |     / /      \ \ | (_______          
       |  __________|| |        | |    | |    | |        | | \________ \        
        \ \_________ | |        | |    | |     \ \______/ /___________) |       
         \__________||_|        |_|    |_|      \________//____________/        
                                                                                
====================================[ Qcore ]===================================

 Git describe: 2.3.0-1-g21d9df7e5
 Compiler:     GNU 9.1.0
 Build type:   Release
 Version:      2.3.0-1-g21d9df7e5

 Start time:   Tue Oct 26 23:44:13 2021

 Data directory: /work/zw18965/.local/qcore/share/entos/qcore/data
 Number of threads: 24
 Number of threads was determined by: command line argument

 --------------------------------------------------------------------------------
                                   command: dft                                  
 --------------------------------------------------------------------------------
 AO basis set:                           def2-tzvppd
 Number of AO basis functions:         174

 Formula:                                H6NNa
 Nuclear charge:                        24.000000000
 Total charge:                           0.000000000
 Number of electrons:                   24.000000000

 Number of alpha electrons:             12
 Number of beta electrons:              12
 Number of unpaired electrons:           0
 Spin:                                   0
 Multiplicity:                           singlet

 Theory:                                 dft
 Exchange-correlation functional:        0.49 b88 + 0.4 lyp
 Method for Coulomb:                     incore_df
 Method for exact exchange:              pre_transformed_df
 Integral threshold:                     1.00e-12
 DF basis set:                           def2-universal-jkfit
 Number of DF basis functions:         297
 Schwarz screening threshold:            1.00e-10
 Coulomb fitting method:                 Cholesky

 ------------------
  UW12 Correlation 
 ------------------
 Factor for UW12 correlation:            1.000000000
 Opposite spin scale factor:             0.520000000
 Same spin scale factor:                 0.000000000
 Calculate indirect contribution:        false
 Method for three electron term:         df_ri
 Auxiliary RI basis set:                 Def2-TZVPPD-RI
 Number of RI basis functions:         434
 Gaussians in geminal expansion:        10
 UW12 screening threshold:               1.00e-12
 Method for density-fitting:             w(r)
 Number of core spatial orbitals:        6

 Total number of grid points:        49226
 Method for AO orthogonalization:        symmetric
 Threshold for linear dependence:        1.00e-08
 D3BJ dispersion energy:                -0.005856157

 -------------------------------------
  Running restricted closed-shell SCF 
 -------------------------------------
 Max number of iterations:             128
 Conv. threshold (gradient):             1.00e-05
 Conv. threshold (energy):               1.00e-06
 Interpolation scheme:                   adiis+cdiis
 Initial guess:                          SAD

 ---------------------------------------------------------------
                  energy        change          grad        time
 ---------------------------------------------------------------
   0      -219.765595854                    7.30e+00        1.51
   1      -220.055088509     -2.89e-01      2.50e+00        0.36
   2      -218.877381187      1.18e+00      5.52e+00        0.30
   3      -220.177042774     -1.30e+00      1.62e+00        0.32
   4      -220.234809655     -5.78e-02      6.36e-01        0.28
   5      -220.239061850     -4.25e-03      4.94e-01        0.28
   6      -220.245456306     -6.39e-03      7.35e-02        0.25
   7      -220.245277668      1.79e-04      1.12e-01        0.26
   8      -220.245609233     -3.32e-04      5.05e-04        0.23
   9      -220.245609413     -1.80e-07      1.77e-04        0.24
  10      -220.245609442     -2.90e-08      6.14e-05        0.25
  11      -220.245609454     -1.16e-08      1.97e-05        0.23
  12      -220.245609454     -6.34e-10      3.94e-06        0.24

 SCF converged in 12 iterations.

 Dipole moment (in Debye):               0.256795       2.071014      -6.156706

 Quadrupole moment (in Debye-Angstrom):
                  1            2            3
 1       -16.090059     0.537298     0.457243
 2         0.537298   -19.614165    -1.566327
 3         0.457243    -1.566327   -16.234910

 Spin-squared expectation <S^2>:         0.000
 Total spin quantum number S:            0.000
 TOTAL ENERGY:                        -220.245609455

 --------------------------------------------------------------------------------

 End time:                               Tue Oct 26 23:44:19 2021
 Total wall-clock time:                  6.115 seconds
==================================================================================
