
================================================================================
          _____________ ________ _______________ ________     _________         
         / ___________// ______ \\_____   _____// ______ \   / ________)        
        / /_________  / /      \ \     | |     / /      \ \ | (_______          
       |  __________|| |        | |    | |    | |        | | \________ \        
        \ \_________ | |        | |    | |     \ \______/ /___________) |       
         \__________||_|        |_|    |_|      \________//____________/        
                                                                                
====================================[ Qcore ]===================================

 Git describe: 2.3.0-1-g21d9df7e5
 Compiler:     GNU 9.1.0
 Build type:   Release
 Version:      2.3.0-1-g21d9df7e5

 Start time:   Tue Oct 26 23:44:22 2021

 Data directory: /work/zw18965/.local/qcore/share/entos/qcore/data
 Number of threads: 24
 Number of threads was determined by: command line argument

 --------------------------------------------------------------------------------
                                   command: dft                                  
 --------------------------------------------------------------------------------
 AO basis set:                           def2-tzvppd
 Number of AO basis functions:         196

 Formula:                                C2H5N
 Nuclear charge:                        24.000000000
 Total charge:                           0.000000000
 Number of electrons:                   24.000000000

 Number of alpha electrons:             12
 Number of beta electrons:              12
 Number of unpaired electrons:           0
 Spin:                                   0
 Multiplicity:                           singlet

 Theory:                                 dft
 Exchange-correlation functional:        0.49 b88 + 0.4 lyp
 Method for Coulomb:                     incore_df
 Method for exact exchange:              pre_transformed_df
 Integral threshold:                     1.00e-12
 DF basis set:                           def2-universal-jkfit
 Number of DF basis functions:         317
 Schwarz screening threshold:            1.00e-10
 Coulomb fitting method:                 Cholesky

 ------------------
  UW12 Correlation 
 ------------------
 Factor for UW12 correlation:            1.000000000
 Opposite spin scale factor:             0.520000000
 Same spin scale factor:                 0.000000000
 Calculate indirect contribution:        false
 Method for three electron term:         df_ri
 Auxiliary RI basis set:                 Def2-TZVPPD-RI
 Number of RI basis functions:         471
 Gaussians in geminal expansion:        10
 UW12 screening threshold:               1.00e-12
 Method for density-fitting:             w(r)
 Number of core spatial orbitals:        3

 Total number of grid points:        49850
 Method for AO orthogonalization:        symmetric
 Threshold for linear dependence:        1.00e-08
 D3BJ dispersion energy:                -0.006446732

 -------------------------------------
  Running restricted closed-shell SCF 
 -------------------------------------
 Max number of iterations:             128
 Conv. threshold (gradient):             1.00e-05
 Conv. threshold (energy):               1.00e-06
 Interpolation scheme:                   adiis+cdiis
 Initial guess:                          SAD

 ---------------------------------------------------------------
                  energy        change          grad        time
 ---------------------------------------------------------------
   0      -134.294419958                    1.46e+01        1.75
   1      -133.606780340      6.88e-01      1.04e+00        0.48
   2      -133.637560423     -3.08e-02      9.41e-01        0.47
   3      -133.685683945     -4.81e-02      1.58e-01        0.41
   4      -133.686223856     -5.40e-04      1.46e-01        0.40
   5      -133.687314202     -1.09e-03      3.31e-02        0.35
   6      -133.687310747      3.46e-06      3.69e-02        0.35
   7      -133.687343626     -3.29e-05      2.44e-03        0.36
   8      -133.687343783     -1.56e-07      2.39e-04        0.37
   9      -133.687343784     -1.43e-09      2.55e-05        0.36
  10      -133.687343784     -3.08e-10      4.20e-06        0.38

 SCF converged in 10 iterations.

 Dipole moment (in Debye):               0.270297       0.000145      -3.849474

 Quadrupole moment (in Debye-Angstrom):
                  1            2            3
 1       -17.116024     0.003438    -0.948518
 2         0.003438   -20.121222    -0.003018
 3        -0.948518    -0.003018   -26.442217

 Spin-squared expectation <S^2>:         0.000
 Total spin quantum number S:            0.000
 TOTAL ENERGY:                        -133.687343785

 --------------------------------------------------------------------------------

 End time:                               Tue Oct 26 23:44:29 2021
 Total wall-clock time:                  7.295 seconds
==================================================================================
