
================================================================================
          _____________ ________ _______________ ________     _________         
         / ___________// ______ \\_____   _____// ______ \   / ________)        
        / /_________  / /      \ \     | |     / /      \ \ | (_______          
       |  __________|| |        | |    | |    | |        | | \________ \        
        \ \_________ | |        | |    | |     \ \______/ /___________) |       
         \__________||_|        |_|    |_|      \________//____________/        
                                                                                
====================================[ Qcore ]===================================

 Git describe: 2.3.0-1-g21d9df7e5
 Compiler:     GNU 9.1.0
 Build type:   Release
 Version:      2.3.0-1-g21d9df7e5

 Start time:   Tue Oct 26 23:45:00 2021

 Data directory: /work/zw18965/.local/qcore/share/entos/qcore/data
 Number of threads: 24
 Number of threads was determined by: command line argument

 --------------------------------------------------------------------------------
                                   command: dft                                  
 --------------------------------------------------------------------------------
 AO basis set:                           def2-tzvppd
 Number of AO basis functions:          80

 Formula:                                F2
 Nuclear charge:                        18.000000000
 Total charge:                           0.000000000
 Number of electrons:                   18.000000000

 Number of alpha electrons:              9
 Number of beta electrons:               9
 Number of unpaired electrons:           0
 Spin:                                   0
 Multiplicity:                           singlet

 Theory:                                 dft
 Exchange-correlation functional:        0.49 b88 + 0.4 lyp
 Method for Coulomb:                     incore_df
 Method for exact exchange:              pre_transformed_df
 Integral threshold:                     1.00e-12
 DF basis set:                           def2-universal-jkfit
 Number of DF basis functions:         154
 Schwarz screening threshold:            1.00e-10
 Coulomb fitting method:                 Cholesky

 ------------------
  UW12 Correlation 
 ------------------
 Factor for UW12 correlation:            1.000000000
 Opposite spin scale factor:             0.520000000
 Same spin scale factor:                 0.000000000
 Calculate indirect contribution:        false
 Method for three electron term:         df_ri
 Auxiliary RI basis set:                 Def2-TZVPPD-RI
 Number of RI basis functions:         184
 Gaussians in geminal expansion:        10
 UW12 screening threshold:               1.00e-12
 Method for density-fitting:             w(r)
 Number of core spatial orbitals:        2

 Total number of grid points:        13624
 Method for AO orthogonalization:        symmetric
 Threshold for linear dependence:        1.00e-08
 D3BJ dispersion energy:                -0.000270487

 -------------------------------------
  Running restricted closed-shell SCF 
 -------------------------------------
 Max number of iterations:             128
 Conv. threshold (gradient):             1.00e-05
 Conv. threshold (energy):               1.00e-06
 Interpolation scheme:                   adiis+cdiis
 Initial guess:                          SAD

 ---------------------------------------------------------------
                  energy        change          grad        time
 ---------------------------------------------------------------
   0      -199.446054920                    2.25e+00        0.25
   1      -199.413967498      3.21e-02      4.24e-01        0.04
   2      -199.419418068     -5.45e-03      1.06e-01        0.04
   3      -199.420106566     -6.88e-04      4.91e-02        0.03
   4      -199.420243060     -1.36e-04      2.54e-02        0.03
   5      -199.420298488     -5.54e-05      2.23e-04        0.03
   6      -199.420298496     -8.31e-09      2.25e-05        0.03
   7      -199.420298497     -7.75e-10      1.14e-06        0.03

 SCF converged in 7 iterations.

 Dipole moment (in Debye):               0.000000       0.000000       0.000002

 Quadrupole moment (in Debye-Angstrom):
                  1            2            3
 1        -9.696047     0.000000     0.000000
 2         0.000000    -9.696047     0.000000
 3         0.000000     0.000000    -8.751746

 Spin-squared expectation <S^2>:         0.000
 Total spin quantum number S:            0.000
 TOTAL ENERGY:                        -199.420298496

 --------------------------------------------------------------------------------

 End time:                               Tue Oct 26 23:45:01 2021
 Total wall-clock time:                  0.974 seconds
==================================================================================
