
================================================================================
          _____________ ________ _______________ ________     _________         
         / ___________// ______ \\_____   _____// ______ \   / ________)        
        / /_________  / /      \ \     | |     / /      \ \ | (_______          
       |  __________|| |        | |    | |    | |        | | \________ \        
        \ \_________ | |        | |    | |     \ \______/ /___________) |       
         \__________||_|        |_|    |_|      \________//____________/        
                                                                                
====================================[ Qcore ]===================================

 Git describe: 2.3.0-3-g778a55bfd
 Compiler:     GNU 9.3.0
 Build type:   Release
 Version:      2.3.0-3-g778a55bfd

 Start time:   Wed Nov  3 12:58:55 2021

 Data directory: /mnt/storage/scratch/zw18965/.local/qcore/share/entos/qcore/data
 Number of threads: 28
 Number of threads was determined by: command line argument

 --------------------------------------------------------------------------------
                                   command: dft                                  
 --------------------------------------------------------------------------------
 AO basis set:                           def2-tzvppd
 Number of AO basis functions:         210

 Formula:                                CH5OAl
 Nuclear charge:                        32.000000000
 Total charge:                           0.000000000
 Number of electrons:                   32.000000000

 Number of alpha electrons:             16
 Number of beta electrons:              16
 Number of unpaired electrons:           0
 Spin:                                   0
 Multiplicity:                           singlet

 Theory:                                 dft
 Exchange-correlation functional:        wb97x

 Using range separated hybrid functional
 Range separation parameter:             0.300000000
 Short range exact exchange:             0.263800000
 Total long range exact exchange:        1.000000000

 Method for Coulomb:                     incore_df
 Method for exact exchange:              pre_transformed_df
 Integral threshold:                     1.00e-12
 DF basis set:                           def2-universal-jkfit
 Number of DF basis functions:         370
 Schwarz screening threshold:            1.00e-10
 Coulomb fitting method:                 Cholesky

 ------------------
  UW12 Correlation 
 ------------------
 Factor for UW12 correlation:            1.000000000
 Same spin scale factor:                 0.000000000
 Calculate indirect contribution:        false
 Method for three electron term:         df_ri
 Auxiliary RI basis set:                 Def2-TZVPPD-RI
 Number of RI basis functions:         518
 Gaussians in geminal expansion:         4
 UW12 screening threshold:               1.00e-12
 Method for density-fitting:             w(r)
 Number of core spatial orbitals:        7

 Total number of grid points:        50544
 Method for AO orthogonalization:        symmetric
 Threshold for linear dependence:        1.00e-08
 D3BJ dispersion energy:                -0.006034243

 -------------------------------------
  Running restricted closed-shell SCF 
 -------------------------------------
 Max number of iterations:             128
 Conv. threshold (gradient):             1.00e-05
 Conv. threshold (energy):               1.00e-06
 Interpolation scheme:                   adiis+cdiis
 Initial guess:                          SAD

 ---------------------------------------------------------------
                  energy        change          grad        time
 ---------------------------------------------------------------
   0      -358.905377753                    1.02e+01        2.37
   1      -358.591408604      3.14e-01      2.20e+00        0.50
   2      -358.418653413      1.73e-01      3.47e+00        0.50
   3      -358.753066156     -3.34e-01      3.21e-01        0.49
   4      -358.752634889      4.31e-04      4.24e-01        0.50
   5      -358.757554867     -4.92e-03      5.34e-02        0.49
   6      -358.757566873     -1.20e-05      6.72e-02        0.51
   7      -358.757670825     -1.04e-04      3.57e-03        0.50
   8      -358.757672142     -1.32e-06      7.31e-04        0.50
   9      -358.757672202     -5.99e-08      9.70e-05        0.48
  10      -358.757672209     -7.00e-09      2.78e-05        0.49
  11      -358.757672208      1.64e-09      5.15e-06        0.50

 SCF converged in 11 iterations.

 Dipole moment (in Debye):              -0.809426       0.011449       0.177851

 Quadrupole moment (in Debye-Angstrom):
                  1            2            3
 1       -28.171622    -0.007492     0.017205
 2        -0.007492   -26.479461     0.002331
 3         0.017205     0.002331   -26.086148

 Spin-squared expectation <S^2>:         0.000
 Total spin quantum number S:            0.000
 TOTAL ENERGY:                        -358.757672209

 --------------------------------------------------------------------------------

 End time:                               Wed Nov  3 12:59:05 2021
 Total wall-clock time:                 10.132 seconds
==================================================================================
