
================================================================================
          _____________ ________ _______________ ________     _________         
         / ___________// ______ \\_____   _____// ______ \   / ________)        
        / /_________  / /      \ \     | |     / /      \ \ | (_______          
       |  __________|| |        | |    | |    | |        | | \________ \        
        \ \_________ | |        | |    | |     \ \______/ /___________) |       
         \__________||_|        |_|    |_|      \________//____________/        
                                                                                
====================================[ Qcore ]===================================

 Git describe: 2.3.0-1-g21d9df7e5
 Compiler:     GNU 9.1.0
 Build type:   Release
 Version:      2.3.0-1-g21d9df7e5

 Start time:   Tue Oct 26 23:54:07 2021

 Data directory: /work/zw18965/.local/qcore/share/entos/qcore/data
 Number of threads: 24
 Number of threads was determined by: command line argument
  - More threads can be used by running 'qcore -n 32'

 --------------------------------------------------------------------------------
                                   command: dft                                  
 --------------------------------------------------------------------------------
 AO basis set:                           def2-tzvppd
 Number of AO basis functions:         250

 Formula:                                C3H3NS
 Nuclear charge:                        44.000000000
 Total charge:                           0.000000000
 Number of electrons:                   44.000000000

 Number of alpha electrons:             22
 Number of beta electrons:              22
 Number of unpaired electrons:           0
 Spin:                                   0
 Multiplicity:                           singlet

 Theory:                                 dft
 Exchange-correlation functional:        wb97x

 Using range separated hybrid functional
 Range separation parameter:             0.300000000
 Short range exact exchange:             0.263800000
 Total long range exact exchange:        1.000000000

 Method for Coulomb:                     incore_df
 Method for exact exchange:              pre_transformed_df
 Integral threshold:                     1.00e-12
 DF basis set:                           def2-universal-jkfit
 Number of DF basis functions:         484
 Schwarz screening threshold:            1.00e-10
 Coulomb fitting method:                 Cholesky

 ------------------
  UW12 Correlation 
 ------------------
 Factor for UW12 correlation:            1.000000000
 Same spin scale factor:                 0.000000000
 Calculate indirect contribution:        false
 Method for three electron term:         df_ri
 Auxiliary RI basis set:                 Def2-TZVPPD-RI
 Number of RI basis functions:         624
 Gaussians in geminal expansion:         4
 UW12 screening threshold:               1.00e-12
 Method for density-fitting:             w(r)
 Number of core spatial orbitals:        9

 Total number of grid points:        52220
 Method for AO orthogonalization:        symmetric
 Threshold for linear dependence:        1.00e-08
 D3BJ dispersion energy:                -0.011144873

 -------------------------------------
  Running restricted closed-shell SCF 
 -------------------------------------
 Max number of iterations:             128
 Conv. threshold (gradient):             1.00e-05
 Conv. threshold (energy):               1.00e-06
 Interpolation scheme:                   adiis+cdiis
 Initial guess:                          SAD

 ---------------------------------------------------------------
                  energy        change          grad        time
 ---------------------------------------------------------------
   0      -575.193068857                    1.71e+01        5.45
   1      -573.363760146      1.83e+00      1.65e+00        1.41
   2      -573.340701650      2.31e-02      1.99e+00        1.39
   3      -573.467605764     -1.27e-01      1.41e-01        1.37
   4      -573.467993997     -3.88e-04      2.07e-01        1.35
   5      -573.468536682     -5.43e-04      1.32e-01        1.33
   6      -573.468764721     -2.28e-04      8.15e-02        1.42
   7      -573.468827124     -6.24e-05      5.51e-02        1.44
   8      -573.468883312     -5.62e-05      2.77e-03        1.33
   9      -573.468884635     -1.32e-06      1.11e-03        1.37
  10      -573.468884814     -1.79e-07      4.54e-04        1.40
  11      -573.468884848     -3.40e-08      1.84e-04        1.42
  12      -573.468884854     -6.29e-09      7.30e-05        1.40
  13      -573.468884854      5.36e-10      3.61e-05        1.39
  14      -573.468884853      6.44e-10      1.02e-05        1.37
  15      -573.468884854     -1.37e-09      3.39e-06        1.40

 SCF converged in 15 iterations.

 Dipole moment (in Debye):              -0.006896       2.692474      -0.323699

 Quadrupole moment (in Debye-Angstrom):
                  1            2            3
 1       -34.772626     4.656250     0.283092
 2         4.656250   -36.272191    -0.152836
 3         0.283092    -0.152836   -34.791063

 Spin-squared expectation <S^2>:         0.000
 Total spin quantum number S:            0.000
 TOTAL ENERGY:                        -573.468884853

 --------------------------------------------------------------------------------

 End time:                               Tue Oct 26 23:54:38 2021
 Total wall-clock time:                 30.626 seconds
==================================================================================
