
================================================================================
          _____________ ________ _______________ ________     _________         
         / ___________// ______ \\_____   _____// ______ \   / ________)        
        / /_________  / /      \ \     | |     / /      \ \ | (_______          
       |  __________|| |        | |    | |    | |        | | \________ \        
        \ \_________ | |        | |    | |     \ \______/ /___________) |       
         \__________||_|        |_|    |_|      \________//____________/        
                                                                                
====================================[ Qcore ]===================================

 Git describe: 2.3.0-3-g778a55bfd
 Compiler:     GNU 9.3.0
 Build type:   Release
 Version:      2.3.0-3-g778a55bfd

 Start time:   Wed Nov  3 13:05:22 2021

 Data directory: /mnt/storage/scratch/zw18965/.local/qcore/share/entos/qcore/data
 Number of threads: 28
 Number of threads was determined by: command line argument

 --------------------------------------------------------------------------------
                                   command: dft                                  
 --------------------------------------------------------------------------------
 AO basis set:                           def2-tzvppd
 Number of AO basis functions:         207

 Formula:                                C2H5P
 Nuclear charge:                        32.000000000
 Total charge:                           0.000000000
 Number of electrons:                   32.000000000

 Number of alpha electrons:             16
 Number of beta electrons:              16
 Number of unpaired electrons:           0
 Spin:                                   0
 Multiplicity:                           singlet

 Theory:                                 dft
 Exchange-correlation functional:        wb97x

 Using range separated hybrid functional
 Range separation parameter:             0.300000000
 Short range exact exchange:             0.263800000
 Total long range exact exchange:        1.000000000

 Method for Coulomb:                     incore_df
 Method for exact exchange:              pre_transformed_df
 Integral threshold:                     1.00e-12
 DF basis set:                           def2-universal-jkfit
 Number of DF basis functions:         368
 Schwarz screening threshold:            1.00e-10
 Coulomb fitting method:                 Cholesky

 ------------------
  UW12 Correlation 
 ------------------
 Factor for UW12 correlation:            1.000000000
 Same spin scale factor:                 0.000000000
 Calculate indirect contribution:        false
 Method for three electron term:         df_ri
 Auxiliary RI basis set:                 Def2-TZVPPD-RI
 Number of RI basis functions:         518
 Gaussians in geminal expansion:         4
 UW12 screening threshold:               1.00e-12
 Method for density-fitting:             w(r)
 Number of core spatial orbitals:        7

 Total number of grid points:        50400
 Method for AO orthogonalization:        symmetric
 Threshold for linear dependence:        1.00e-08
 D3BJ dispersion energy:                -0.008994342

 -------------------------------------
  Running restricted closed-shell SCF 
 -------------------------------------
 Max number of iterations:             128
 Conv. threshold (gradient):             1.00e-05
 Conv. threshold (energy):               1.00e-06
 Interpolation scheme:                   adiis+cdiis
 Initial guess:                          SAD

 ---------------------------------------------------------------
                  energy        change          grad        time
 ---------------------------------------------------------------
   0      -421.356169876                    1.34e+01        2.34
   1      -420.425382550      9.31e-01      1.66e+00        0.47
   2      -420.425930902     -5.48e-04      1.39e+00        0.47
   3      -420.536040148     -1.10e-01      6.03e-02        0.47
   4      -420.536295992     -2.56e-04      3.34e-02        0.46
   5      -420.536374308     -7.83e-05      4.85e-03        0.50
   6      -420.536377342     -3.03e-06      1.70e-03        0.45
   7      -420.536377836     -4.94e-07      4.93e-04        0.46
   8      -420.536377882     -4.63e-08      1.42e-04        0.46
   9      -420.536377880      1.96e-09      4.01e-05        0.46
  10      -420.536377880      5.55e-10      1.05e-05        0.46
  11      -420.536377881     -1.11e-09      4.06e-06        0.46

 SCF converged in 11 iterations.

 Dipole moment (in Debye):               0.454121      -0.000163       1.068713

 Quadrupole moment (in Debye-Angstrom):
                  1            2            3
 1       -26.121143     0.000015    -1.162222
 2         0.000015   -27.135189     0.000391
 3        -1.162222     0.000391   -28.357261

 Spin-squared expectation <S^2>:         0.000
 Total spin quantum number S:            0.000
 TOTAL ENERGY:                        -420.536377881

 --------------------------------------------------------------------------------

 End time:                               Wed Nov  3 13:05:32 2021
 Total wall-clock time:                  9.477 seconds
==================================================================================
