
================================================================================
          _____________ ________ _______________ ________     _________         
         / ___________// ______ \\_____   _____// ______ \   / ________)        
        / /_________  / /      \ \     | |     / /      \ \ | (_______          
       |  __________|| |        | |    | |    | |        | | \________ \        
        \ \_________ | |        | |    | |     \ \______/ /___________) |       
         \__________||_|        |_|    |_|      \________//____________/        
                                                                                
====================================[ Qcore ]===================================

 Git describe: 2.3.0-3-g778a55bfd
 Compiler:     GNU 9.3.0
 Build type:   Release
 Version:      2.3.0-3-g778a55bfd

 Start time:   Wed Nov  3 13:08:52 2021

 Data directory: /mnt/storage/scratch/zw18965/.local/qcore/share/entos/qcore/data
 Number of threads: 28
 Number of threads was determined by: command line argument

 --------------------------------------------------------------------------------
                                   command: dft                                  
 --------------------------------------------------------------------------------
 AO basis set:                           def2-tzvppd
 Number of AO basis functions:         212

 Formula:                                C2H4LiSi
 Nuclear charge:                        33.000000000
 Total charge:                           0.000000000
 Number of electrons:                   33.000000000

 Number of alpha electrons:             17
 Number of beta electrons:              16
 Number of unpaired electrons:           1
 Spin:                                   1
 Multiplicity:                           doublet

 Theory:                                 dft
 Exchange-correlation functional:        wb97x

 Using range separated hybrid functional
 Range separation parameter:             0.300000000
 Short range exact exchange:             0.263800000
 Total long range exact exchange:        1.000000000

 Method for Coulomb:                     incore_df
 Method for exact exchange:              pre_transformed_df
 Integral threshold:                     1.00e-12
 DF basis set:                           def2-universal-jkfit
 Number of DF basis functions:         401
 Schwarz screening threshold:            1.00e-10
 Coulomb fitting method:                 Cholesky

 ------------------
  UW12 Correlation 
 ------------------
 Factor for UW12 correlation:            1.000000000
 Same spin scale factor:                 0.000000000
 Calculate indirect contribution:        false
 Method for three electron term:         df_ri
 Auxiliary RI basis set:                 Def2-TZVPPD-RI
 Number of RI basis functions:         537
 Gaussians in geminal expansion:         4
 UW12 screening threshold:               1.00e-12
 Method for density-fitting:             w(r)
 Number of core spatial orbitals:        8

 Total number of grid points:        51082
 Method for AO orthogonalization:        symmetric
 Threshold for linear dependence:        1.00e-08
 D3BJ dispersion energy:                -0.011582831

 -------------------------------------
  Running unrestricted open-shell SCF 
 -------------------------------------
 Max number of iterations:             128
 Conv. threshold (gradient):             1.00e-05
 Conv. threshold (energy):               1.00e-06
 Interpolation scheme:                   adiis+cdiis
 Initial guess:                          SAD

 ---------------------------------------------------------------
                  energy        change          grad        time
 ---------------------------------------------------------------
   0      -376.081258710                    5.82e+00        3.49
   1      -375.277970493      8.03e-01      1.32e+00        1.19
   2      -375.211315620      6.67e-02      1.50e+00        1.15
   3      -375.506813811     -2.95e-01      8.85e-02        1.16
   4      -375.510356078     -3.54e-03      7.20e-02        1.15
   5      -375.511570013     -1.21e-03      3.12e-02        1.14
   6      -375.511921045     -3.51e-04      1.26e-02        1.15
   7      -375.512029719     -1.09e-04      5.63e-03        1.14
   8      -375.512053295     -2.36e-05      3.38e-03        1.13
   9      -375.512061570     -8.28e-06      1.99e-03        1.14
  10      -375.512064760     -3.19e-06      7.78e-04        1.14
  11      -375.512065277     -5.17e-07      2.37e-04        1.14
  12      -375.512065320     -4.29e-08      9.94e-05        1.14
  13      -375.512065327     -6.79e-09      3.76e-05        1.13
  14      -375.512065328     -1.15e-09      2.35e-05        1.13
  15      -375.512065329     -3.58e-10      1.03e-05        1.15
  16      -375.512065330     -9.06e-10      7.32e-06        1.12

 SCF converged in 16 iterations.

 Dipole moment (in Debye):               0.552408      -4.088388      -0.027418

 Quadrupole moment (in Debye-Angstrom):
                  1            2            3
 1       -33.752857    -6.113488    -0.066112
 2        -6.113488   -18.976907     0.252529
 3        -0.066112     0.252529   -32.999382

 Spin-squared expectation <S^2>:         0.758
 Total spin quantum number S:            0.504
 TOTAL ENERGY:                        -375.512065329

 --------------------------------------------------------------------------------

 End time:                               Wed Nov  3 13:09:17 2021
 Total wall-clock time:                 24.668 seconds
==================================================================================
