
================================================================================
          _____________ ________ _______________ ________     _________         
         / ___________// ______ \\_____   _____// ______ \   / ________)        
        / /_________  / /      \ \     | |     / /      \ \ | (_______          
       |  __________|| |        | |    | |    | |        | | \________ \        
        \ \_________ | |        | |    | |     \ \______/ /___________) |       
         \__________||_|        |_|    |_|      \________//____________/        
                                                                                
====================================[ Qcore ]===================================

 Git describe: 2.3.0-3-g778a55bfd
 Compiler:     GNU 9.3.0
 Build type:   Release
 Version:      2.3.0-3-g778a55bfd

 Start time:   Wed Nov  3 13:07:22 2021

 Data directory: /mnt/storage/scratch/zw18965/.local/qcore/share/entos/qcore/data
 Number of threads: 28
 Number of threads was determined by: command line argument

 --------------------------------------------------------------------------------
                                   command: dft                                  
 --------------------------------------------------------------------------------
 AO basis set:                           def2-tzvppd
 Number of AO basis functions:         216

 Formula:                                C3H4N
 Nuclear charge:                        29.000000000
 Total charge:                           0.000000000
 Number of electrons:                   29.000000000

 Number of alpha electrons:             15
 Number of beta electrons:              14
 Number of unpaired electrons:           1
 Spin:                                   1
 Multiplicity:                           doublet

 Theory:                                 dft
 Exchange-correlation functional:        wb97x

 Using range separated hybrid functional
 Range separation parameter:             0.300000000
 Short range exact exchange:             0.263800000
 Total long range exact exchange:        1.000000000

 Method for Coulomb:                     incore_df
 Method for exact exchange:              pre_transformed_df
 Integral threshold:                     1.00e-12
 DF basis set:                           def2-universal-jkfit
 Number of DF basis functions:         374
 Schwarz screening threshold:            1.00e-10
 Coulomb fitting method:                 Cholesky

 ------------------
  UW12 Correlation 
 ------------------
 Factor for UW12 correlation:            1.000000000
 Same spin scale factor:                 0.000000000
 Calculate indirect contribution:        false
 Method for three electron term:         df_ri
 Auxiliary RI basis set:                 Def2-TZVPPD-RI
 Number of RI basis functions:         524
 Gaussians in geminal expansion:         4
 UW12 screening threshold:               1.00e-12
 Method for density-fitting:             w(r)
 Number of core spatial orbitals:        4

 Total number of grid points:        50760
 Method for AO orthogonalization:        symmetric
 Threshold for linear dependence:        1.00e-08
 D3BJ dispersion energy:                -0.007060923

 -------------------------------------
  Running unrestricted open-shell SCF 
 -------------------------------------
 Max number of iterations:             128
 Conv. threshold (gradient):             1.00e-05
 Conv. threshold (energy):               1.00e-06
 Interpolation scheme:                   adiis+cdiis
 Initial guess:                          SAD

 ---------------------------------------------------------------
                  energy        change          grad        time
 ---------------------------------------------------------------
   0      -172.683101785                    7.24e+00        2.99
   1      -171.244372779      1.44e+00      5.93e-01        1.07
   2      -171.291636020     -4.73e-02      4.36e-01        1.08
   3      -171.323381662     -3.17e-02      1.84e-01        1.06
   4      -171.324106220     -7.25e-04      2.14e-01        1.04
   5      -171.330123382     -6.02e-03      4.02e-02        1.04
   6      -171.330121810      1.57e-06      5.96e-02        1.06
   7      -171.330443466     -3.22e-04      7.32e-03        1.05
   8      -171.330465642     -2.22e-05      2.12e-03        1.04
   9      -171.330467648     -2.01e-06      1.29e-03        1.04
  10      -171.330468659     -1.01e-06      1.01e-03        1.05
  11      -171.330469269     -6.10e-07      5.16e-04        1.05
  12      -171.330469509     -2.40e-07      2.23e-04        1.05
  13      -171.330469545     -3.56e-08      8.07e-05        1.06
  14      -171.330469546     -8.30e-10      2.76e-05        1.05
  15      -171.330469550     -4.46e-09      1.02e-05        1.05
  16      -171.330469550      5.57e-10      4.40e-06        1.06

 SCF converged in 16 iterations.

 Dipole moment (in Debye):              -2.285529      -0.612985      -0.906974

 Quadrupole moment (in Debye-Angstrom):
                  1            2            3
 1       -24.813657     0.802130    -4.303489
 2         0.802130   -25.082299    -0.186497
 3        -4.303489    -0.186497   -22.589509

 Spin-squared expectation <S^2>:         0.772
 Total spin quantum number S:            0.511
 TOTAL ENERGY:                        -171.330469550

 --------------------------------------------------------------------------------

 End time:                               Wed Nov  3 13:07:44 2021
 Total wall-clock time:                 22.239 seconds
==================================================================================
