
================================================================================
          _____________ ________ _______________ ________     _________         
         / ___________// ______ \\_____   _____// ______ \   / ________)        
        / /_________  / /      \ \     | |     / /      \ \ | (_______          
       |  __________|| |        | |    | |    | |        | | \________ \        
        \ \_________ | |        | |    | |     \ \______/ /___________) |       
         \__________||_|        |_|    |_|      \________//____________/        
                                                                                
====================================[ Qcore ]===================================

 Git describe: 2.3.0-3-g778a55bfd
 Compiler:     GNU 9.3.0
 Build type:   Release
 Version:      2.3.0-3-g778a55bfd

 Start time:   Wed Nov  3 13:07:22 2021

 Data directory: /mnt/storage/scratch/zw18965/.local/qcore/share/entos/qcore/data
 Number of threads: 28
 Number of threads was determined by: command line argument

 --------------------------------------------------------------------------------
                                   command: dft                                  
 --------------------------------------------------------------------------------
 AO basis set:                           def2-tzvppd
 Number of AO basis functions:         176

 Formula:                                CH6N
 Nuclear charge:                        19.000000000
 Total charge:                           0.000000000
 Number of electrons:                   19.000000000

 Number of alpha electrons:             10
 Number of beta electrons:               9
 Number of unpaired electrons:           1
 Spin:                                   1
 Multiplicity:                           doublet

 Theory:                                 dft
 Exchange-correlation functional:        wb97x

 Using range separated hybrid functional
 Range separation parameter:             0.300000000
 Short range exact exchange:             0.263800000
 Total long range exact exchange:        1.000000000

 Method for Coulomb:                     incore_df
 Method for exact exchange:              pre_transformed_df
 Integral threshold:                     1.00e-12
 DF basis set:                           def2-universal-jkfit
 Number of DF basis functions:         260
 Schwarz screening threshold:            1.00e-10
 Coulomb fitting method:                 Cholesky

 ------------------
  UW12 Correlation 
 ------------------
 Factor for UW12 correlation:            1.000000000
 Same spin scale factor:                 0.000000000
 Calculate indirect contribution:        false
 Method for three electron term:         df_ri
 Auxiliary RI basis set:                 Def2-TZVPPD-RI
 Number of RI basis functions:         418
 Gaussians in geminal expansion:         4
 UW12 screening threshold:               1.00e-12
 Method for density-fitting:             w(r)
 Number of core spatial orbitals:        2

 Total number of grid points:        48940
 Method for AO orthogonalization:        symmetric
 Threshold for linear dependence:        1.00e-08
 D3BJ dispersion energy:                -0.004556588

 -------------------------------------
  Running unrestricted open-shell SCF 
 -------------------------------------
 Max number of iterations:             128
 Conv. threshold (gradient):             1.00e-05
 Conv. threshold (energy):               1.00e-06
 Interpolation scheme:                   adiis+cdiis
 Initial guess:                          SAD

 ---------------------------------------------------------------
                  energy        change          grad        time
 ---------------------------------------------------------------
   0       -96.745867239                    5.99e+00        1.31
   1       -96.293745286      4.52e-01      6.70e-01        0.48
   2       -96.312542502     -1.88e-02      6.79e-01        0.48
   3       -96.360917458     -4.84e-02      1.64e-01        0.44
   4       -96.361366817     -4.49e-04      1.58e-01        0.42
   5       -96.363437224     -2.07e-03      3.19e-02        0.43
   6       -96.363541953     -1.05e-04      2.92e-02        0.45
   7       -96.363649417     -1.07e-04      1.97e-03        0.43
   8       -96.363650900     -1.48e-06      4.78e-04        0.43
   9       -96.363650954     -5.48e-08      1.12e-04        0.42
  10       -96.363650958     -3.43e-09      3.64e-05        0.43
  11       -96.363650958     -2.71e-10      5.88e-06        0.43

 SCF converged in 11 iterations.

 Dipole moment (in Debye):              -0.042301      -2.157876       1.053179

 Quadrupole moment (in Debye-Angstrom):
                  1            2            3
 1       -14.145441    -0.088677     0.088906
 2        -0.088677   -18.409558     3.850210
 3         0.088906     3.850210   -17.331909

 Spin-squared expectation <S^2>:         0.754
 Total spin quantum number S:            0.502
 TOTAL ENERGY:                         -96.363650957

 --------------------------------------------------------------------------------

 End time:                               Wed Nov  3 13:07:29 2021
 Total wall-clock time:                  7.628 seconds
==================================================================================
