
================================================================================
          _____________ ________ _______________ ________     _________         
         / ___________// ______ \\_____   _____// ______ \   / ________)        
        / /_________  / /      \ \     | |     / /      \ \ | (_______          
       |  __________|| |        | |    | |    | |        | | \________ \        
        \ \_________ | |        | |    | |     \ \______/ /___________) |       
         \__________||_|        |_|    |_|      \________//____________/        
                                                                                
====================================[ Qcore ]===================================

 Git describe: 2.3.0-1-g21d9df7e5
 Compiler:     GNU 9.1.0
 Build type:   Release
 Version:      2.3.0-1-g21d9df7e5

 Start time:   Tue Oct 26 23:56:21 2021

 Data directory: /work/zw18965/.local/qcore/share/entos/qcore/data
 Number of threads: 24
 Number of threads was determined by: command line argument
  - More threads can be used by running 'qcore -n 32'

 --------------------------------------------------------------------------------
                                   command: dft                                  
 --------------------------------------------------------------------------------
 AO basis set:                           def2-tzvppd
 Number of AO basis functions:         229

 Formula:                                CH4LiSCl
 Nuclear charge:                        46.000000000
 Total charge:                           0.000000000
 Number of electrons:                   46.000000000

 Number of alpha electrons:             23
 Number of beta electrons:              23
 Number of unpaired electrons:           0
 Spin:                                   0
 Multiplicity:                           singlet

 Theory:                                 dft
 Exchange-correlation functional:        wb97x

 Using range separated hybrid functional
 Range separation parameter:             0.300000000
 Short range exact exchange:             0.263800000
 Total long range exact exchange:        1.000000000

 Method for Coulomb:                     incore_df
 Method for exact exchange:              pre_transformed_df
 Integral threshold:                     1.00e-12
 DF basis set:                           def2-universal-jkfit
 Number of DF basis functions:         454
 Schwarz screening threshold:            1.00e-10
 Coulomb fitting method:                 Cholesky

 ------------------
  UW12 Correlation 
 ------------------
 Factor for UW12 correlation:            1.000000000
 Same spin scale factor:                 0.000000000
 Calculate indirect contribution:        false
 Method for three electron term:         df_ri
 Auxiliary RI basis set:                 Def2-TZVPPD-RI
 Number of RI basis functions:         584
 Gaussians in geminal expansion:         4
 UW12 screening threshold:               1.00e-12
 Method for density-fitting:             w(r)
 Number of core spatial orbitals:       12

 Total number of grid points:        51776
 Method for AO orthogonalization:        symmetric
 Threshold for linear dependence:        1.00e-08
 D3BJ dispersion energy:                -0.011474163

 -------------------------------------
  Running restricted closed-shell SCF 
 -------------------------------------
 Max number of iterations:             128
 Conv. threshold (gradient):             1.00e-05
 Conv. threshold (energy):               1.00e-06
 Interpolation scheme:                   adiis+cdiis
 Initial guess:                          SAD

 ---------------------------------------------------------------
                  energy        change          grad        time
 ---------------------------------------------------------------
   0      -912.211814614                    1.08e+01        4.05
   1      -912.184475734      2.73e-02      9.88e-01        1.06
   2      -912.199667897     -1.52e-02      1.03e+00        1.05
   3      -912.254984001     -5.53e-02      1.77e-01        1.08
   4      -912.254833945      1.50e-04      2.47e-01        1.01
   5      -912.257505234     -2.67e-03      1.33e-02        1.09
   6      -912.257542075     -3.68e-05      1.35e-02        1.05
   7      -912.257555823     -1.37e-05      2.10e-03        1.11
   8      -912.257556836     -1.01e-06      5.09e-04        1.10
   9      -912.257556863     -2.64e-08      8.30e-05        1.06
  10      -912.257556866     -3.00e-09      2.20e-05        1.09
  11      -912.257556865      1.17e-09      8.01e-06        1.12

 SCF converged in 11 iterations.

 Dipole moment (in Debye):              -4.204241       2.724756      -0.003540

 Quadrupole moment (in Debye-Angstrom):
                  1            2            3
 1       -28.313570     5.762314     0.007281
 2         5.762314   -40.118251    -0.002354
 3         0.007281    -0.002354   -37.430655

 Spin-squared expectation <S^2>:         0.000
 Total spin quantum number S:            0.000
 TOTAL ENERGY:                        -912.257556865

 --------------------------------------------------------------------------------

 End time:                               Tue Oct 26 23:56:41 2021
 Total wall-clock time:                 20.035 seconds
==================================================================================
