
================================================================================
          _____________ ________ _______________ ________     _________         
         / ___________// ______ \\_____   _____// ______ \   / ________)        
        / /_________  / /      \ \     | |     / /      \ \ | (_______          
       |  __________|| |        | |    | |    | |        | | \________ \        
        \ \_________ | |        | |    | |     \ \______/ /___________) |       
         \__________||_|        |_|    |_|      \________//____________/        
                                                                                
====================================[ Qcore ]===================================

 Git describe: 2.3.0-3-g778a55bfd
 Compiler:     GNU 9.3.0
 Build type:   Release
 Version:      2.3.0-3-g778a55bfd

 Start time:   Wed Nov  3 13:09:22 2021

 Data directory: /mnt/storage/scratch/zw18965/.local/qcore/share/entos/qcore/data
 Number of threads: 28
 Number of threads was determined by: command line argument

 --------------------------------------------------------------------------------
                                   command: dft                                  
 --------------------------------------------------------------------------------
 AO basis set:                           def2-tzvppd
 Number of AO basis functions:         199

 Formula:                                CH5BO
 Nuclear charge:                        24.000000000
 Total charge:                           0.000000000
 Number of electrons:                   24.000000000

 Number of alpha electrons:             12
 Number of beta electrons:              12
 Number of unpaired electrons:           0
 Spin:                                   0
 Multiplicity:                           singlet

 Theory:                                 dft
 Exchange-correlation functional:        wb97x

 Using range separated hybrid functional
 Range separation parameter:             0.300000000
 Short range exact exchange:             0.263800000
 Total long range exact exchange:        1.000000000

 Method for Coulomb:                     incore_df
 Method for exact exchange:              pre_transformed_df
 Integral threshold:                     1.00e-12
 DF basis set:                           def2-universal-jkfit
 Number of DF basis functions:         317
 Schwarz screening threshold:            1.00e-10
 Coulomb fitting method:                 Cholesky

 ------------------
  UW12 Correlation 
 ------------------
 Factor for UW12 correlation:            1.000000000
 Same spin scale factor:                 0.000000000
 Calculate indirect contribution:        false
 Method for three electron term:         df_ri
 Auxiliary RI basis set:                 Def2-TZVPPD-RI
 Number of RI basis functions:         471
 Gaussians in geminal expansion:         4
 UW12 screening threshold:               1.00e-12
 Method for density-fitting:             w(r)
 Number of core spatial orbitals:        3

 Total number of grid points:        49994
 Method for AO orthogonalization:        symmetric
 Threshold for linear dependence:        1.00e-08
 D3BJ dispersion energy:                -0.004511295

 -------------------------------------
  Running restricted closed-shell SCF 
 -------------------------------------
 Max number of iterations:             128
 Conv. threshold (gradient):             1.00e-05
 Conv. threshold (energy):               1.00e-06
 Interpolation scheme:                   adiis+cdiis
 Initial guess:                          SAD

 ---------------------------------------------------------------
                  energy        change          grad        time
 ---------------------------------------------------------------
   0      -141.610892922                    1.33e+01        1.49
   1      -141.059101943      5.52e-01      1.90e+00        0.39
   2      -141.042795558      1.63e-02      2.51e+00        0.37
   3      -141.145168744     -1.02e-01      3.37e-01        0.38
   4      -141.143916046      1.25e-03      5.01e-01        0.36
   5      -141.147780493     -3.86e-03      3.04e-02        0.36
   6      -141.147804484     -2.40e-05      2.57e-02        0.35
   7      -141.147819305     -1.48e-05      2.16e-03        0.35
   8      -141.147819467     -1.62e-07      3.09e-04        0.36
   9      -141.147819475     -7.64e-09      1.20e-04        0.36
  10      -141.147819476     -5.88e-10      1.79e-05        0.36
  11      -141.147819475      6.72e-10      3.15e-06        0.36

 SCF converged in 11 iterations.

 Dipole moment (in Debye):              -0.485455      -0.986891       0.982231

 Quadrupole moment (in Debye-Angstrom):
                  1            2            3
 1       -19.841692    -1.051871     0.915969
 2        -1.051871   -20.513124     1.452408
 3         0.915969     1.452408   -19.820402

 Spin-squared expectation <S^2>:         0.000
 Total spin quantum number S:            0.000
 TOTAL ENERGY:                        -141.147819478

 --------------------------------------------------------------------------------

 End time:                               Wed Nov  3 13:09:29 2021
 Total wall-clock time:                  7.239 seconds
==================================================================================
