
================================================================================
          _____________ ________ _______________ ________     _________         
         / ___________// ______ \\_____   _____// ______ \   / ________)        
        / /_________  / /      \ \     | |     / /      \ \ | (_______          
       |  __________|| |        | |    | |    | |        | | \________ \        
        \ \_________ | |        | |    | |     \ \______/ /___________) |       
         \__________||_|        |_|    |_|      \________//____________/        
                                                                                
====================================[ Qcore ]===================================

 Git describe: 2.3.0-1-g21d9df7e5
 Compiler:     GNU 9.1.0
 Build type:   Release
 Version:      2.3.0-1-g21d9df7e5

 Start time:   Tue Oct 26 23:57:08 2021

 Data directory: /work/zw18965/.local/qcore/share/entos/qcore/data
 Number of threads: 24
 Number of threads was determined by: command line argument
  - More threads can be used by running 'qcore -n 32'

 --------------------------------------------------------------------------------
                                   command: dft                                  
 --------------------------------------------------------------------------------
 AO basis set:                           def2-tzvppd
 Number of AO basis functions:         196

 Formula:                                C2H5N
 Nuclear charge:                        24.000000000
 Total charge:                           0.000000000
 Number of electrons:                   24.000000000

 Number of alpha electrons:             12
 Number of beta electrons:              12
 Number of unpaired electrons:           0
 Spin:                                   0
 Multiplicity:                           singlet

 Theory:                                 dft
 Exchange-correlation functional:        wb97x

 Using range separated hybrid functional
 Range separation parameter:             0.300000000
 Short range exact exchange:             0.263800000
 Total long range exact exchange:        1.000000000

 Method for Coulomb:                     incore_df
 Method for exact exchange:              pre_transformed_df
 Integral threshold:                     1.00e-12
 DF basis set:                           def2-universal-jkfit
 Number of DF basis functions:         317
 Schwarz screening threshold:            1.00e-10
 Coulomb fitting method:                 Cholesky

 ------------------
  UW12 Correlation 
 ------------------
 Factor for UW12 correlation:            1.000000000
 Same spin scale factor:                 0.000000000
 Calculate indirect contribution:        false
 Method for three electron term:         df_ri
 Auxiliary RI basis set:                 Def2-TZVPPD-RI
 Number of RI basis functions:         471
 Gaussians in geminal expansion:         4
 UW12 screening threshold:               1.00e-12
 Method for density-fitting:             w(r)
 Number of core spatial orbitals:        3

 Total number of grid points:        49850
 Method for AO orthogonalization:        symmetric
 Threshold for linear dependence:        1.00e-08
 D3BJ dispersion energy:                -0.005735270

 -------------------------------------
  Running restricted closed-shell SCF 
 -------------------------------------
 Max number of iterations:             128
 Conv. threshold (gradient):             1.00e-05
 Conv. threshold (energy):               1.00e-06
 Interpolation scheme:                   adiis+cdiis
 Initial guess:                          SAD

 ---------------------------------------------------------------
                  energy        change          grad        time
 ---------------------------------------------------------------
   0      -136.223007755                    1.42e+01        2.12
   1      -135.531254554      6.92e-01      9.12e-01        0.46
   2      -135.571530983     -4.03e-02      6.89e-01        0.45
   3      -135.584536584     -1.30e-02      3.53e-01        0.44
   4      -135.587918923     -3.38e-03      2.38e-01        0.44
   5      -135.588887257     -9.68e-04      1.27e-01        0.40
   6      -135.589222632     -3.35e-04      8.49e-02        0.40
   7      -135.589352004     -1.29e-04      4.13e-02        0.40
   8      -135.589392963     -4.10e-05      3.34e-04        0.41
   9      -135.589392969     -5.88e-09      5.27e-05        0.40
  10      -135.589392972     -2.67e-09      1.30e-05        0.41
  11      -135.589392970      2.07e-09      3.60e-06        0.40

 SCF converged in 11 iterations.

 Dipole moment (in Debye):               0.254950       0.000346      -3.826216

 Quadrupole moment (in Debye-Angstrom):
                  1            2            3
 1       -16.278294     0.003375    -0.960587
 2         0.003375   -19.448856    -0.003040
 3        -0.960587    -0.003040   -25.353400

 Spin-squared expectation <S^2>:         0.000
 Total spin quantum number S:            0.000
 TOTAL ENERGY:                        -135.589392970

 --------------------------------------------------------------------------------

 End time:                               Tue Oct 26 23:57:16 2021
 Total wall-clock time:                  8.665 seconds
==================================================================================
