
================================================================================
          _____________ ________ _______________ ________     _________         
         / ___________// ______ \\_____   _____// ______ \   / ________)        
        / /_________  / /      \ \     | |     / /      \ \ | (_______          
       |  __________|| |        | |    | |    | |        | | \________ \        
        \ \_________ | |        | |    | |     \ \______/ /___________) |       
         \__________||_|        |_|    |_|      \________//____________/        
                                                                                
====================================[ Qcore ]===================================

 Git describe: 2.3.0-1-g21d9df7e5
 Compiler:     GNU 9.1.0
 Build type:   Release
 Version:      2.3.0-1-g21d9df7e5

 Start time:   Tue Oct 26 23:57:25 2021

 Data directory: /work/zw18965/.local/qcore/share/entos/qcore/data
 Number of threads: 24
 Number of threads was determined by: command line argument
  - More threads can be used by running 'qcore -n 32'

 --------------------------------------------------------------------------------
                                   command: dft                                  
 --------------------------------------------------------------------------------
 AO basis set:                           def2-tzvppd
 Number of AO basis functions:          39

 Formula:                                HLi
 Nuclear charge:                         4.000000000
 Total charge:                           0.000000000
 Number of electrons:                    4.000000000

 Number of alpha electrons:              2
 Number of beta electrons:               2
 Number of unpaired electrons:           0
 Spin:                                   0
 Multiplicity:                           singlet

 Theory:                                 dft
 Exchange-correlation functional:        wb97x

 Using range separated hybrid functional
 Range separation parameter:             0.300000000
 Short range exact exchange:             0.263800000
 Total long range exact exchange:        1.000000000

 Method for Coulomb:                     incore_df
 Method for exact exchange:              pre_transformed_df
 Integral threshold:                     1.00e-12
 DF basis set:                           def2-universal-jkfit
 Number of DF basis functions:          69
 Schwarz screening threshold:            1.00e-10
 Coulomb fitting method:                 Cholesky

 ------------------
  UW12 Correlation 
 ------------------
 Factor for UW12 correlation:            1.000000000
 Same spin scale factor:                 0.000000000
 Calculate indirect contribution:        false
 Method for three electron term:         df_ri
 Auxiliary RI basis set:                 Def2-TZVPPD-RI
 Number of RI basis functions:          97
 Gaussians in geminal expansion:         4
 UW12 screening threshold:               1.00e-12
 Method for density-fitting:             w(r)
 Number of core spatial orbitals:        1

 Total number of grid points:        12462
 Method for AO orthogonalization:        symmetric
 Threshold for linear dependence:        1.00e-08
 D3BJ dispersion energy:                -0.000472032

 -------------------------------------
  Running restricted closed-shell SCF 
 -------------------------------------
 Max number of iterations:             128
 Conv. threshold (gradient):             1.00e-05
 Conv. threshold (energy):               1.00e-06
 Interpolation scheme:                   adiis+cdiis
 Initial guess:                          SAD

 ---------------------------------------------------------------
                  energy        change          grad        time
 ---------------------------------------------------------------
   0        -8.044010128                    4.31e-01        0.03
   1        -8.232774974     -1.89e-01      4.00e-01        0.01
   2        -8.246351778     -1.36e-02      3.67e-02        0.01
   3        -8.246647258     -2.95e-04      1.09e-02        0.01
   4        -8.246721834     -7.46e-05      3.71e-03        0.01
   5        -8.246733282     -1.14e-05      8.32e-04        0.00
   6        -8.246733779     -4.97e-07      1.62e-04        0.00
   7        -8.246733790     -1.11e-08      1.25e-05        0.01
   8        -8.246733790     -2.40e-10      2.83e-06        0.00

 SCF converged in 8 iterations.

 Dipole moment (in Debye):              -0.000000      -0.000000       6.002988

 Quadrupole moment (in Debye-Angstrom):
                  1            2            3
 1        -5.116835    -0.000000    -0.000000
 2        -0.000000    -5.116835    -0.000000
 3        -0.000000    -0.000000    -7.116108

 Spin-squared expectation <S^2>:         0.000
 Total spin quantum number S:            0.000
 TOTAL ENERGY:                          -8.246733790

 --------------------------------------------------------------------------------

 End time:                               Tue Oct 26 23:57:25 2021
 Total wall-clock time:                  0.457 seconds
==================================================================================
