
================================================================================
          _____________ ________ _______________ ________     _________         
         / ___________// ______ \\_____   _____// ______ \   / ________)        
        / /_________  / /      \ \     | |     / /      \ \ | (_______          
       |  __________|| |        | |    | |    | |        | | \________ \        
        \ \_________ | |        | |    | |     \ \______/ /___________) |       
         \__________||_|        |_|    |_|      \________//____________/        
                                                                                
====================================[ Qcore ]===================================

 Git describe: 2.3.0-1-g21d9df7e5
 Compiler:     GNU 9.1.0
 Build type:   Release
 Version:      2.3.0-1-g21d9df7e5

 Start time:   Tue Oct 26 23:37:35 2021

 Data directory: /work/zw18965/.local/qcore/share/entos/qcore/data
 Number of threads: 24
 Number of threads was determined by: command line argument

 --------------------------------------------------------------------------------
                                   command: dft                                  
 --------------------------------------------------------------------------------
 AO basis set:                           def2-tzvppd
 Number of AO basis functions:         210

 Formula:                                CH5OAl
 Nuclear charge:                        32.000000000
 Total charge:                           0.000000000
 Number of electrons:                   32.000000000

 Number of alpha electrons:             16
 Number of beta electrons:              16
 Number of unpaired electrons:           0
 Spin:                                   0
 Multiplicity:                           singlet

 Theory:                                 dft
 Exchange-correlation functional:        b3lyp
 Method for Coulomb:                     incore_df
 Method for exact exchange:              pre_transformed_df
 Integral threshold:                     1.00e-12
 DF basis set:                           def2-universal-jkfit
 Number of DF basis functions:         370
 Schwarz screening threshold:            1.00e-10
 Coulomb fitting method:                 Cholesky
 Total number of grid points:        50544
 Method for AO orthogonalization:        symmetric
 Threshold for linear dependence:        1.00e-08
 D3BJ dispersion energy:                -0.007346848

 -------------------------------------
  Running restricted closed-shell SCF 
 -------------------------------------
 Max number of iterations:             128
 Conv. threshold (gradient):             1.00e-05
 Conv. threshold (energy):               1.00e-06
 Interpolation scheme:                   adiis+cdiis
 Initial guess:                          SAD

 ---------------------------------------------------------------
                  energy        change          grad        time
 ---------------------------------------------------------------
   0      -358.686061108                    1.01e+01        0.06
   1      -358.596213437      8.98e-02      2.03e+00        0.06
   2      -357.217317089      1.38e+00      6.03e+00        0.05
   3      -358.633939952     -1.42e+00      1.95e+00        0.05
   4      -358.739430639     -1.05e-01      3.67e-01        0.05
   5      -358.726584553      1.28e-02      8.05e-01        0.06
   6      -358.741853327     -1.53e-02      2.08e-01        0.06
   7      -358.742728491     -8.75e-04      9.04e-02        0.06
   8      -358.742845507     -1.17e-04      5.95e-02        0.06
   9      -358.742934745     -8.92e-05      4.51e-04        0.06
  10      -358.742934752     -6.16e-09      8.21e-05        0.05
  11      -358.742934752     -1.87e-10      9.90e-06        0.05

 SCF converged in 11 iterations.

 Dipole moment (in Debye):              -0.688428       0.011349       0.177353

 Quadrupole moment (in Debye-Angstrom):
                  1            2            3
 1       -27.796718    -0.006102     0.004909
 2        -0.006102   -26.498145     0.002185
 3         0.004909     0.002185   -26.164989

 Spin-squared expectation <S^2>:         0.000
 Total spin quantum number S:            0.000
 TOTAL ENERGY:                        -358.742934752

 --------------------------------------------------------------------------------

 End time:                               Tue Oct 26 23:37:37 2021
 Total wall-clock time:                  1.478 seconds
==================================================================================
