
================================================================================
          _____________ ________ _______________ ________     _________         
         / ___________// ______ \\_____   _____// ______ \   / ________)        
        / /_________  / /      \ \     | |     / /      \ \ | (_______          
       |  __________|| |        | |    | |    | |        | | \________ \        
        \ \_________ | |        | |    | |     \ \______/ /___________) |       
         \__________||_|        |_|    |_|      \________//____________/        
                                                                                
====================================[ Qcore ]===================================

 Git describe: 2.3.0-1-g21d9df7e5
 Compiler:     GNU 9.1.0
 Build type:   Release
 Version:      2.3.0-1-g21d9df7e5

 Start time:   Tue Oct 26 23:37:40 2021

 Data directory: /work/zw18965/.local/qcore/share/entos/qcore/data
 Number of threads: 24
 Number of threads was determined by: command line argument

 --------------------------------------------------------------------------------
                                   command: dft                                  
 --------------------------------------------------------------------------------
 AO basis set:                           def2-tzvppd
 Number of AO basis functions:         201

 Formula:                                H6AlCl
 Nuclear charge:                        36.000000000
 Total charge:                           0.000000000
 Number of electrons:                   36.000000000

 Number of alpha electrons:             18
 Number of beta electrons:              18
 Number of unpaired electrons:           0
 Spin:                                   0
 Multiplicity:                           singlet

 Theory:                                 dft
 Exchange-correlation functional:        b3lyp
 Method for Coulomb:                     incore_df
 Method for exact exchange:              pre_transformed_df
 Integral threshold:                     1.00e-12
 DF basis set:                           def2-universal-jkfit
 Number of DF basis functions:         364
 Schwarz screening threshold:            1.00e-10
 Coulomb fitting method:                 Cholesky
 Total number of grid points:        50184
 Method for AO orthogonalization:        symmetric
 Threshold for linear dependence:        1.00e-08
 D3BJ dispersion energy:                -0.007159961

 -------------------------------------
  Running restricted closed-shell SCF 
 -------------------------------------
 Max number of iterations:             128
 Conv. threshold (gradient):             1.00e-05
 Conv. threshold (energy):               1.00e-06
 Interpolation scheme:                   adiis+cdiis
 Initial guess:                          SAD

 ---------------------------------------------------------------
                  energy        change          grad        time
 ---------------------------------------------------------------
   0      -705.826185440                    6.69e+00        0.06
   1      -706.110219146     -2.84e-01      5.80e-01        0.05
   2      -706.126295647     -1.61e-02      1.68e-01        0.05
   3      -706.127472479     -1.18e-03      1.16e-01        0.05
   4      -706.128816305     -1.34e-03      5.37e-02        0.05
   5      -706.128885132     -6.88e-05      4.67e-02        0.04
   6      -706.129077043     -1.92e-04      5.11e-04        0.06
   7      -706.129077057     -1.36e-08      1.12e-04        0.05
   8      -706.129077058     -1.17e-09      1.82e-05        0.04
   9      -706.129077058     -2.32e-11      4.77e-06        0.04

 SCF converged in 9 iterations.

 Dipole moment (in Debye):               0.019118      -2.151837       1.058530

 Quadrupole moment (in Debye-Angstrom):
                  1            2            3
 1       -34.646067     0.364347     0.151102
 2         0.364347   -29.064383    -1.879995
 3         0.151102    -1.879995   -30.563040

 Spin-squared expectation <S^2>:         0.000
 Total spin quantum number S:            0.000
 TOTAL ENERGY:                        -706.129077058

 --------------------------------------------------------------------------------

 End time:                               Tue Oct 26 23:37:41 2021
 Total wall-clock time:                  1.247 seconds
==================================================================================
