
================================================================================
          _____________ ________ _______________ ________     _________         
         / ___________// ______ \\_____   _____// ______ \   / ________)        
        / /_________  / /      \ \     | |     / /      \ \ | (_______          
       |  __________|| |        | |    | |    | |        | | \________ \        
        \ \_________ | |        | |    | |     \ \______/ /___________) |       
         \__________||_|        |_|    |_|      \________//____________/        
                                                                                
====================================[ Qcore ]===================================

 Git describe: 2.3.0-1-g21d9df7e5
 Compiler:     GNU 9.1.0
 Build type:   Release
 Version:      2.3.0-1-g21d9df7e5

 Start time:   Tue Oct 26 23:37:52 2021

 Data directory: /work/zw18965/.local/qcore/share/entos/qcore/data
 Number of threads: 24
 Number of threads was determined by: command line argument

 --------------------------------------------------------------------------------
                                   command: dft                                  
 --------------------------------------------------------------------------------
 AO basis set:                           def2-tzvppd
 Number of AO basis functions:         250

 Formula:                                C3H3NS
 Nuclear charge:                        44.000000000
 Total charge:                           0.000000000
 Number of electrons:                   44.000000000

 Number of alpha electrons:             22
 Number of beta electrons:              22
 Number of unpaired electrons:           0
 Spin:                                   0
 Multiplicity:                           singlet

 Theory:                                 dft
 Exchange-correlation functional:        b3lyp
 Method for Coulomb:                     incore_df
 Method for exact exchange:              pre_transformed_df
 Integral threshold:                     1.00e-12
 DF basis set:                           def2-universal-jkfit
 Number of DF basis functions:         484
 Schwarz screening threshold:            1.00e-10
 Coulomb fitting method:                 Cholesky
 Total number of grid points:        52220
 Method for AO orthogonalization:        symmetric
 Threshold for linear dependence:        1.00e-08
 D3BJ dispersion energy:                -0.012081380

 -------------------------------------
  Running restricted closed-shell SCF 
 -------------------------------------
 Max number of iterations:             128
 Conv. threshold (gradient):             1.00e-05
 Conv. threshold (energy):               1.00e-06
 Interpolation scheme:                   adiis+cdiis
 Initial guess:                          SAD

 ---------------------------------------------------------------
                  energy        change          grad        time
 ---------------------------------------------------------------
   0      -569.992630393                    1.72e+01        0.09
   1      -568.723455483      1.27e+00      1.93e+00        0.09
   2      -568.291762429      4.32e-01      4.53e+00        0.09
   3      -568.795926549     -5.04e-01      9.36e-01        0.09
   4      -568.819396274     -2.35e-02      4.44e-01        0.09
   5      -568.825635986     -6.24e-03      2.97e-01        0.08
   6      -568.827029699     -1.39e-03      3.10e-01        0.09
   7      -568.826959938      6.98e-05      3.95e-01        0.09
   8      -568.829242648     -2.28e-03      4.99e-02        0.09
   9      -568.828900912      3.42e-04      1.02e-01        0.10
  10      -568.829343103     -4.42e-04      3.21e-04        0.09
  11      -568.829343106     -2.51e-09      1.63e-04        0.09
  12      -568.829343107     -6.20e-10      4.00e-05        0.10
  13      -568.829343107     -6.63e-11      8.25e-06        0.09

 SCF converged in 13 iterations.

 Dipole moment (in Debye):               0.026299       2.650577      -0.318335

 Quadrupole moment (in Debye-Angstrom):
                  1            2            3
 1       -36.551570     4.584437     0.226185
 2         4.584437   -37.776346    -0.080849
 3         0.226185    -0.080849   -36.216929

 Spin-squared expectation <S^2>:         0.000
 Total spin quantum number S:            0.000
 TOTAL ENERGY:                        -568.829343107

 --------------------------------------------------------------------------------

 End time:                               Tue Oct 26 23:37:54 2021
 Total wall-clock time:                  2.157 seconds
==================================================================================
