
================================================================================
          _____________ ________ _______________ ________     _________         
         / ___________// ______ \\_____   _____// ______ \   / ________)        
        / /_________  / /      \ \     | |     / /      \ \ | (_______          
       |  __________|| |        | |    | |    | |        | | \________ \        
        \ \_________ | |        | |    | |     \ \______/ /___________) |       
         \__________||_|        |_|    |_|      \________//____________/        
                                                                                
====================================[ Qcore ]===================================

 Git describe: 2.3.0-1-g21d9df7e5
 Compiler:     GNU 9.1.0
 Build type:   Release
 Version:      2.3.0-1-g21d9df7e5

 Start time:   Tue Oct 26 23:37:57 2021

 Data directory: /work/zw18965/.local/qcore/share/entos/qcore/data
 Number of threads: 24
 Number of threads was determined by: command line argument

 --------------------------------------------------------------------------------
                                   command: dft                                  
 --------------------------------------------------------------------------------
 AO basis set:                           def2-tzvppd
 Number of AO basis functions:         207

 Formula:                                C2H5P
 Nuclear charge:                        32.000000000
 Total charge:                           0.000000000
 Number of electrons:                   32.000000000

 Number of alpha electrons:             16
 Number of beta electrons:              16
 Number of unpaired electrons:           0
 Spin:                                   0
 Multiplicity:                           singlet

 Theory:                                 dft
 Exchange-correlation functional:        b3lyp
 Method for Coulomb:                     incore_df
 Method for exact exchange:              pre_transformed_df
 Integral threshold:                     1.00e-12
 DF basis set:                           def2-universal-jkfit
 Number of DF basis functions:         368
 Schwarz screening threshold:            1.00e-10
 Coulomb fitting method:                 Cholesky
 Total number of grid points:        50400
 Method for AO orthogonalization:        symmetric
 Threshold for linear dependence:        1.00e-08
 D3BJ dispersion energy:                -0.009505526

 -------------------------------------
  Running restricted closed-shell SCF 
 -------------------------------------
 Max number of iterations:             128
 Conv. threshold (gradient):             1.00e-05
 Conv. threshold (energy):               1.00e-06
 Interpolation scheme:                   adiis+cdiis
 Initial guess:                          SAD

 ---------------------------------------------------------------
                  energy        change          grad        time
 ---------------------------------------------------------------
   0      -420.882124423                    1.32e+01        0.06
   1      -420.379129222      5.03e-01      1.65e+00        0.06
   2      -420.139636317      2.39e-01      2.27e+00        0.06
   3      -420.482127612     -3.42e-01      5.23e-01        0.06
   4      -420.480872885      1.25e-03      5.62e-01        0.05
   5      -420.496054625     -1.52e-02      3.67e-02        0.06
   6      -420.496049883      4.74e-06      4.04e-02        0.07
   7      -420.496138338     -8.85e-05      1.37e-03        0.05
   8      -420.496138469     -1.30e-07      2.47e-04        0.05
   9      -420.496138474     -5.42e-09      6.09e-05        0.06
  10      -420.496138474     -3.49e-10      7.81e-06        0.06

 SCF converged in 10 iterations.

 Dipole moment (in Debye):               0.402735      -0.000161       1.072802

 Quadrupole moment (in Debye-Angstrom):
                  1            2            3
 1       -26.138340     0.000020    -1.081521
 2         0.000020   -27.117327     0.000391
 3        -1.081521     0.000391   -28.390523

 Spin-squared expectation <S^2>:         0.000
 Total spin quantum number S:            0.000
 TOTAL ENERGY:                        -420.496138474

 --------------------------------------------------------------------------------

 End time:                               Tue Oct 26 23:37:59 2021
 Total wall-clock time:                  1.368 seconds
==================================================================================
