
================================================================================
          _____________ ________ _______________ ________     _________         
         / ___________// ______ \\_____   _____// ______ \   / ________)        
        / /_________  / /      \ \     | |     / /      \ \ | (_______          
       |  __________|| |        | |    | |    | |        | | \________ \        
        \ \_________ | |        | |    | |     \ \______/ /___________) |       
         \__________||_|        |_|    |_|      \________//____________/        
                                                                                
====================================[ Qcore ]===================================

 Git describe: 2.3.0-1-g21d9df7e5
 Compiler:     GNU 9.1.0
 Build type:   Release
 Version:      2.3.0-1-g21d9df7e5

 Start time:   Tue Oct 26 23:38:12 2021

 Data directory: /work/zw18965/.local/qcore/share/entos/qcore/data
 Number of threads: 24
 Number of threads was determined by: command line argument

 --------------------------------------------------------------------------------
                                   command: dft                                  
 --------------------------------------------------------------------------------
 AO basis set:                           def2-tzvppd
 Number of AO basis functions:         176

 Formula:                                CH6N
 Nuclear charge:                        19.000000000
 Total charge:                           0.000000000
 Number of electrons:                   19.000000000

 Number of alpha electrons:             10
 Number of beta electrons:               9
 Number of unpaired electrons:           1
 Spin:                                   1
 Multiplicity:                           doublet

 Theory:                                 dft
 Exchange-correlation functional:        b3lyp
 Method for Coulomb:                     incore_df
 Method for exact exchange:              pre_transformed_df
 Integral threshold:                     1.00e-12
 DF basis set:                           def2-universal-jkfit
 Number of DF basis functions:         260
 Schwarz screening threshold:            1.00e-10
 Coulomb fitting method:                 Cholesky
 Total number of grid points:        48940
 Method for AO orthogonalization:        symmetric
 Threshold for linear dependence:        1.00e-08
 D3BJ dispersion energy:                -0.005592301

 -------------------------------------
  Running unrestricted open-shell SCF 
 -------------------------------------
 Max number of iterations:             128
 Conv. threshold (gradient):             1.00e-05
 Conv. threshold (energy):               1.00e-06
 Interpolation scheme:                   adiis+cdiis
 Initial guess:                          SAD

 ---------------------------------------------------------------
                  energy        change          grad        time
 ---------------------------------------------------------------
   0       -96.436331582                    5.95e+00        0.06
   1       -96.272955730      1.63e-01      6.78e-01        0.06
   2       -96.181534102      9.14e-02      1.17e+00        0.06
   3       -96.342366030     -1.61e-01      1.62e-01        0.06
   4       -96.340568295      1.80e-03      1.83e-01        0.06
   5       -96.346066959     -5.50e-03      2.15e-02        0.06
   6       -96.346056330      1.06e-05      2.52e-02        0.06
   7       -96.346132911     -7.66e-05      2.38e-03        0.06
   8       -96.346133796     -8.86e-07      6.46e-04        0.06
   9       -96.346133837     -4.13e-08      1.29e-04        0.06
  10       -96.346133840     -2.96e-09      2.70e-05        0.06
  11       -96.346133841     -1.20e-10      7.43e-06        0.06

 SCF converged in 11 iterations.

 Dipole moment (in Debye):              -0.042540      -2.256742       1.119007

 Quadrupole moment (in Debye-Angstrom):
                  1            2            3
 1       -14.137671    -0.089382     0.090361
 2        -0.089382   -18.576401     4.030009
 3         0.090361     4.030009   -17.461755

 Spin-squared expectation <S^2>:         0.753
 Total spin quantum number S:            0.502
 TOTAL ENERGY:                         -96.346133841

 --------------------------------------------------------------------------------

 End time:                               Tue Oct 26 23:38:14 2021
 Total wall-clock time:                  1.319 seconds
==================================================================================
