
================================================================================
          _____________ ________ _______________ ________     _________         
         / ___________// ______ \\_____   _____// ______ \   / ________)        
        / /_________  / /      \ \     | |     / /      \ \ | (_______          
       |  __________|| |        | |    | |    | |        | | \________ \        
        \ \_________ | |        | |    | |     \ \______/ /___________) |       
         \__________||_|        |_|    |_|      \________//____________/        
                                                                                
====================================[ Qcore ]===================================

 Git describe: 2.3.0-1-g21d9df7e5
 Compiler:     GNU 9.1.0
 Build type:   Release
 Version:      2.3.0-1-g21d9df7e5

 Start time:   Tue Oct 26 23:38:17 2021

 Data directory: /work/zw18965/.local/qcore/share/entos/qcore/data
 Number of threads: 24
 Number of threads was determined by: command line argument

 --------------------------------------------------------------------------------
                                   command: dft                                  
 --------------------------------------------------------------------------------
 AO basis set:                           def2-tzvppd
 Number of AO basis functions:         229

 Formula:                                CH4LiSCl
 Nuclear charge:                        46.000000000
 Total charge:                           0.000000000
 Number of electrons:                   46.000000000

 Number of alpha electrons:             23
 Number of beta electrons:              23
 Number of unpaired electrons:           0
 Spin:                                   0
 Multiplicity:                           singlet

 Theory:                                 dft
 Exchange-correlation functional:        b3lyp
 Method for Coulomb:                     incore_df
 Method for exact exchange:              pre_transformed_df
 Integral threshold:                     1.00e-12
 DF basis set:                           def2-universal-jkfit
 Number of DF basis functions:         454
 Schwarz screening threshold:            1.00e-10
 Coulomb fitting method:                 Cholesky
 Total number of grid points:        51776
 Method for AO orthogonalization:        symmetric
 Threshold for linear dependence:        1.00e-08
 D3BJ dispersion energy:                -0.012340525

 -------------------------------------
  Running restricted closed-shell SCF 
 -------------------------------------
 Max number of iterations:             128
 Conv. threshold (gradient):             1.00e-05
 Conv. threshold (energy):               1.00e-06
 Interpolation scheme:                   adiis+cdiis
 Initial guess:                          SAD

 ---------------------------------------------------------------
                  energy        change          grad        time
 ---------------------------------------------------------------
   0      -906.342738983                    1.11e+01        0.07
   1      -906.239162256      1.04e-01      1.27e+00        0.06
   2      -905.991289902      2.48e-01      2.29e+00        0.06
   3      -906.323826069     -3.33e-01      5.60e-01        0.06
   4      -906.326230452     -2.40e-03      5.28e-01        0.06
   5      -906.339741295     -1.35e-02      9.30e-02        0.06
   6      -906.337550881      2.19e-03      2.24e-01        0.06
   7      -906.340500837     -2.95e-03      3.29e-03        0.06
   8      -906.340501728     -8.91e-07      1.27e-03        0.06
   9      -906.340501795     -6.76e-08      1.09e-04        0.06
  10      -906.340501796     -8.39e-10      3.31e-05        0.06
  11      -906.340501796     -1.06e-10      8.52e-06        0.06

 SCF converged in 11 iterations.

 Dipole moment (in Debye):              -3.911321       2.530507      -0.002695

 Quadrupole moment (in Debye-Angstrom):
                  1            2            3
 1       -30.392084     5.694104     0.005781
 2         5.694104   -41.572090    -0.002972
 3         0.005781    -0.002972   -38.698010

 Spin-squared expectation <S^2>:         0.000
 Total spin quantum number S:            0.000
 TOTAL ENERGY:                        -906.340501796

 --------------------------------------------------------------------------------

 End time:                               Tue Oct 26 23:38:18 2021
 Total wall-clock time:                  1.683 seconds
==================================================================================
