
================================================================================
          _____________ ________ _______________ ________     _________         
         / ___________// ______ \\_____   _____// ______ \   / ________)        
        / /_________  / /      \ \     | |     / /      \ \ | (_______          
       |  __________|| |        | |    | |    | |        | | \________ \        
        \ \_________ | |        | |    | |     \ \______/ /___________) |       
         \__________||_|        |_|    |_|      \________//____________/        
                                                                                
====================================[ Qcore ]===================================

 Git describe: 2.3.0-1-g21d9df7e5
 Compiler:     GNU 9.1.0
 Build type:   Release
 Version:      2.3.0-1-g21d9df7e5

 Start time:   Tue Oct 26 23:38:21 2021

 Data directory: /work/zw18965/.local/qcore/share/entos/qcore/data
 Number of threads: 24
 Number of threads was determined by: command line argument

 --------------------------------------------------------------------------------
                                   command: dft                                  
 --------------------------------------------------------------------------------
 AO basis set:                           def2-tzvppd
 Number of AO basis functions:         199

 Formula:                                CH5BO
 Nuclear charge:                        24.000000000
 Total charge:                           0.000000000
 Number of electrons:                   24.000000000

 Number of alpha electrons:             12
 Number of beta electrons:              12
 Number of unpaired electrons:           0
 Spin:                                   0
 Multiplicity:                           singlet

 Theory:                                 dft
 Exchange-correlation functional:        b3lyp
 Method for Coulomb:                     incore_df
 Method for exact exchange:              pre_transformed_df
 Integral threshold:                     1.00e-12
 DF basis set:                           def2-universal-jkfit
 Number of DF basis functions:         317
 Schwarz screening threshold:            1.00e-10
 Coulomb fitting method:                 Cholesky
 Total number of grid points:        49994
 Method for AO orthogonalization:        symmetric
 Threshold for linear dependence:        1.00e-08
 D3BJ dispersion energy:                -0.005069560

 -------------------------------------
  Running restricted closed-shell SCF 
 -------------------------------------
 Max number of iterations:             128
 Conv. threshold (gradient):             1.00e-05
 Conv. threshold (energy):               1.00e-06
 Interpolation scheme:                   adiis+cdiis
 Initial guess:                          SAD

 ---------------------------------------------------------------
                  energy        change          grad        time
 ---------------------------------------------------------------
   0      -141.261560937                    1.31e+01        0.05
   1      -141.046923887      2.15e-01      1.73e+00        0.05
   2      -140.854558989      1.92e-01      3.87e+00        0.04
   3      -141.115270121     -2.61e-01      5.02e-01        0.04
   4      -141.114494252      7.76e-04      5.55e-01        0.05
   5      -141.124764042     -1.03e-02      1.10e-01        0.05
   6      -141.123995278      7.69e-04      2.53e-01        0.05
   7      -141.124975464     -9.80e-04      4.87e-02        0.05
   8      -141.125001480     -2.60e-05      3.92e-02        0.06
   9      -141.125026956     -2.55e-05      9.23e-05        0.05
  10      -141.125026956     -2.76e-10      1.10e-05        0.05
  11      -141.125026956     -7.73e-12      3.27e-06        0.04

 SCF converged in 11 iterations.

 Dipole moment (in Debye):              -0.478123      -0.977305       0.975102

 Quadrupole moment (in Debye-Angstrom):
                  1            2            3
 1       -19.791543    -1.056058     0.904667
 2        -1.056058   -20.519489     1.420639
 3         0.904667     1.420639   -19.824470

 Spin-squared expectation <S^2>:         0.000
 Total spin quantum number S:            0.000
 TOTAL ENERGY:                        -141.125026956

 --------------------------------------------------------------------------------

 End time:                               Tue Oct 26 23:38:23 2021
 Total wall-clock time:                  1.227 seconds
==================================================================================
