
================================================================================
          _____________ ________ _______________ ________     _________         
         / ___________// ______ \\_____   _____// ______ \   / ________)        
        / /_________  / /      \ \     | |     / /      \ \ | (_______          
       |  __________|| |        | |    | |    | |        | | \________ \        
        \ \_________ | |        | |    | |     \ \______/ /___________) |       
         \__________||_|        |_|    |_|      \________//____________/        
                                                                                
====================================[ Qcore ]===================================

 Git describe: 2.3.0-1-g21d9df7e5
 Compiler:     GNU 9.1.0
 Build type:   Release
 Version:      2.3.0-1-g21d9df7e5

 Start time:   Tue Oct 26 23:38:30 2021

 Data directory: /work/zw18965/.local/qcore/share/entos/qcore/data
 Number of threads: 24
 Number of threads was determined by: command line argument

 --------------------------------------------------------------------------------
                                   command: dft                                  
 --------------------------------------------------------------------------------
 AO basis set:                           def2-tzvppd
 Number of AO basis functions:         196

 Formula:                                C2H5N
 Nuclear charge:                        24.000000000
 Total charge:                           0.000000000
 Number of electrons:                   24.000000000

 Number of alpha electrons:             12
 Number of beta electrons:              12
 Number of unpaired electrons:           0
 Spin:                                   0
 Multiplicity:                           singlet

 Theory:                                 dft
 Exchange-correlation functional:        b3lyp
 Method for Coulomb:                     incore_df
 Method for exact exchange:              pre_transformed_df
 Integral threshold:                     1.00e-12
 DF basis set:                           def2-universal-jkfit
 Number of DF basis functions:         317
 Schwarz screening threshold:            1.00e-10
 Coulomb fitting method:                 Cholesky
 Total number of grid points:        49850
 Method for AO orthogonalization:        symmetric
 Threshold for linear dependence:        1.00e-08
 D3BJ dispersion energy:                -0.006769138

 -------------------------------------
  Running restricted closed-shell SCF 
 -------------------------------------
 Max number of iterations:             128
 Conv. threshold (gradient):             1.00e-05
 Conv. threshold (energy):               1.00e-06
 Interpolation scheme:                   adiis+cdiis
 Initial guess:                          SAD

 ---------------------------------------------------------------
                  energy        change          grad        time
 ---------------------------------------------------------------
   0      -134.225427180                    1.43e+01        0.06
   1      -133.796223535      4.29e-01      9.10e-01        0.05
   2      -133.779796569      1.64e-02      1.23e+00        0.05
   3      -133.862468949     -8.27e-02      1.08e-01        0.05
   4      -133.862282313      1.87e-04      1.15e-01        0.05
   5      -133.862782463     -5.00e-04      1.71e-02        0.05
   6      -133.862764373      1.81e-05      3.37e-02        0.05
   7      -133.862795680     -3.13e-05      6.00e-04        0.05
   8      -133.862795689     -9.27e-09      2.10e-04        0.05
   9      -133.862795691     -1.91e-09      3.85e-05        0.05
  10      -133.862795691     -4.57e-11      4.69e-06        0.04

 SCF converged in 10 iterations.

 Dipole moment (in Debye):               0.301867       0.000203      -3.830605

 Quadrupole moment (in Debye-Angstrom):
                  1            2            3
 1       -17.355064     0.003367    -0.900459
 2         0.003367   -20.255004    -0.003188
 3        -0.900459    -0.003188   -26.680603

 Spin-squared expectation <S^2>:         0.000
 Total spin quantum number S:            0.000
 TOTAL ENERGY:                        -133.862795691

 --------------------------------------------------------------------------------

 End time:                               Tue Oct 26 23:38:31 2021
 Total wall-clock time:                  1.159 seconds
==================================================================================
