
================================================================================
          _____________ ________ _______________ ________     _________         
         / ___________// ______ \\_____   _____// ______ \   / ________)        
        / /_________  / /      \ \     | |     / /      \ \ | (_______          
       |  __________|| |        | |    | |    | |        | | \________ \        
        \ \_________ | |        | |    | |     \ \______/ /___________) |       
         \__________||_|        |_|    |_|      \________//____________/        
                                                                                
====================================[ Qcore ]===================================

 Git describe: 2.3.0-1-g21d9df7e5
 Compiler:     GNU 9.1.0
 Build type:   Release
 Version:      2.3.0-1-g21d9df7e5

 Start time:   Tue Oct 26 23:38:37 2021

 Data directory: /work/zw18965/.local/qcore/share/entos/qcore/data
 Number of threads: 24
 Number of threads was determined by: command line argument

 --------------------------------------------------------------------------------
                                   command: dft                                  
 --------------------------------------------------------------------------------
 AO basis set:                           def2-tzvppd
 Number of AO basis functions:          39

 Formula:                                HLi
 Nuclear charge:                         4.000000000
 Total charge:                           0.000000000
 Number of electrons:                    4.000000000

 Number of alpha electrons:              2
 Number of beta electrons:               2
 Number of unpaired electrons:           0
 Spin:                                   0
 Multiplicity:                           singlet

 Theory:                                 dft
 Exchange-correlation functional:        b3lyp
 Method for Coulomb:                     incore_df
 Method for exact exchange:              pre_transformed_df
 Integral threshold:                     1.00e-12
 DF basis set:                           def2-universal-jkfit
 Number of DF basis functions:          69
 Schwarz screening threshold:            1.00e-10
 Coulomb fitting method:                 Cholesky
 Total number of grid points:        12462
 Method for AO orthogonalization:        symmetric
 Threshold for linear dependence:        1.00e-08
 D3BJ dispersion energy:                -0.000426036

 -------------------------------------
  Running restricted closed-shell SCF 
 -------------------------------------
 Max number of iterations:             128
 Conv. threshold (gradient):             1.00e-05
 Conv. threshold (energy):               1.00e-06
 Interpolation scheme:                   adiis+cdiis
 Initial guess:                          SAD

 ---------------------------------------------------------------
                  energy        change          grad        time
 ---------------------------------------------------------------
   0        -7.950426146                    4.15e-01        0.01
   1        -8.047520685     -9.71e-02      5.10e-01        0.01
   2        -8.058946141     -1.14e-02      3.06e-01        0.01
   3        -8.073556420     -1.46e-02      6.98e-02        0.01
   4        -8.073891334     -3.35e-04      4.65e-02        0.01
   5        -8.074139684     -2.48e-04      4.28e-04        0.00
   6        -8.074139784     -1.00e-07      5.78e-05        0.00
   7        -8.074139786     -2.09e-09      7.93e-06        0.00

 SCF converged in 7 iterations.

 Dipole moment (in Debye):               0.000000       0.000000       5.721654

 Quadrupole moment (in Debye-Angstrom):
                  1            2            3
 1        -5.585213     0.000000    -0.000000
 2         0.000000    -5.585213    -0.000000
 3        -0.000000    -0.000000    -7.133107

 Spin-squared expectation <S^2>:         0.000
 Total spin quantum number S:            0.000
 TOTAL ENERGY:                          -8.074139786

 --------------------------------------------------------------------------------

 End time:                               Tue Oct 26 23:38:38 2021
 Total wall-clock time:                  0.310 seconds
==================================================================================
