
================================================================================
          _____________ ________ _______________ ________     _________         
         / ___________// ______ \\_____   _____// ______ \   / ________)        
        / /_________  / /      \ \     | |     / /      \ \ | (_______          
       |  __________|| |        | |    | |    | |        | | \________ \        
        \ \_________ | |        | |    | |     \ \______/ /___________) |       
         \__________||_|        |_|    |_|      \________//____________/        
                                                                                
====================================[ Qcore ]===================================

 Git describe: 2.3.0-1-g21d9df7e5
 Compiler:     GNU 9.1.0
 Build type:   Release
 Version:      2.3.0-1-g21d9df7e5

 Start time:   Tue Oct 26 23:39:04 2021

 Data directory: /work/zw18965/.local/qcore/share/entos/qcore/data
 Number of threads: 24
 Number of threads was determined by: command line argument

 --------------------------------------------------------------------------------
                                   command: dft                                  
 --------------------------------------------------------------------------------
 AO basis set:                           def2-tzvppd
 Number of AO basis functions:          99

 Formula:                                H3Al
 Nuclear charge:                        16.000000000
 Total charge:                           0.000000000
 Number of electrons:                   16.000000000

 Number of alpha electrons:              8
 Number of beta electrons:               8
 Number of unpaired electrons:           0
 Spin:                                   0
 Multiplicity:                           singlet

 Theory:                                 dft
 Exchange-correlation functional:        b3lyp
 Method for Coulomb:                     incore_df
 Method for exact exchange:              pre_transformed_df
 Integral threshold:                     1.00e-12
 DF basis set:                           def2-universal-jkfit
 Number of DF basis functions:         182
 Schwarz screening threshold:            1.00e-10
 Coulomb fitting method:                 Cholesky
 Total number of grid points:        25020
 Method for AO orthogonalization:        symmetric
 Threshold for linear dependence:        1.00e-08
 D3BJ dispersion energy:                -0.001977808

 -------------------------------------
  Running restricted closed-shell SCF 
 -------------------------------------
 Max number of iterations:             128
 Conv. threshold (gradient):             1.00e-05
 Conv. threshold (energy):               1.00e-06
 Interpolation scheme:                   adiis+cdiis
 Initial guess:                          SAD

 ---------------------------------------------------------------
                  energy        change          grad        time
 ---------------------------------------------------------------
   0      -243.989306157                    3.70e+00        0.02
   1      -244.163089345     -1.74e-01      4.28e-01        0.01
   2      -244.173764561     -1.07e-02      1.26e-01        0.01
   3      -244.174846512     -1.08e-03      5.11e-02        0.01
   4      -244.175026386     -1.80e-04      3.49e-02        0.01
   5      -244.175104465     -7.81e-05      3.38e-04        0.01
   6      -244.175104482     -1.70e-08      2.02e-05        0.01
   7      -244.175104482     -6.37e-11      7.12e-07        0.01

 SCF converged in 7 iterations.

 Dipole moment (in Debye):               0.000013       0.000000       0.000000

 Quadrupole moment (in Debye-Angstrom):
                  1            2            3
 1       -18.514876    -0.000000     0.000000
 2        -0.000000   -18.514879     0.000000
 3         0.000000     0.000000   -11.892791

 Spin-squared expectation <S^2>:         0.000
 Total spin quantum number S:            0.000
 TOTAL ENERGY:                        -244.175104482

 --------------------------------------------------------------------------------

 End time:                               Tue Oct 26 23:39:05 2021
 Total wall-clock time:                  0.530 seconds
==================================================================================
