
================================================================================
          _____________ ________ _______________ ________     _________         
         / ___________// ______ \\_____   _____// ______ \   / ________)        
        / /_________  / /      \ \     | |     / /      \ \ | (_______          
       |  __________|| |        | |    | |    | |        | | \________ \        
        \ \_________ | |        | |    | |     \ \______/ /___________) |       
         \__________||_|        |_|    |_|      \________//____________/        
                                                                                
====================================[ Qcore ]===================================

 Git describe: 2.3.0-1-g21d9df7e5
 Compiler:     GNU 9.1.0
 Build type:   Release
 Version:      2.3.0-1-g21d9df7e5

 Start time:   Tue Oct 26 23:39:15 2021

 Data directory: /work/zw18965/.local/qcore/share/entos/qcore/data
 Number of threads: 24
 Number of threads was determined by: command line argument

 --------------------------------------------------------------------------------
                                   command: dft                                  
 --------------------------------------------------------------------------------
 AO basis set:                           def2-tzvppd
 Number of AO basis functions:         102

 Formula:                                S2
 Nuclear charge:                        32.000000000
 Total charge:                           0.000000000
 Number of electrons:                   32.000000000

 Number of alpha electrons:             17
 Number of beta electrons:              15
 Number of unpaired electrons:           2
 Spin:                                   2
 Multiplicity:                           triplet

 Theory:                                 dft
 Exchange-correlation functional:        b3lyp
 Method for Coulomb:                     incore_df
 Method for exact exchange:              pre_transformed_df
 Integral threshold:                     1.00e-12
 DF basis set:                           def2-universal-jkfit
 Number of DF basis functions:         256
 Schwarz screening threshold:            1.00e-10
 Coulomb fitting method:                 Cholesky
 Total number of grid points:        14700
 Method for AO orthogonalization:        symmetric
 Threshold for linear dependence:        1.00e-08
 D3BJ dispersion energy:                -0.002662489

 -------------------------------------
  Running unrestricted open-shell SCF 
 -------------------------------------
 Max number of iterations:             128
 Conv. threshold (gradient):             1.00e-05
 Conv. threshold (energy):               1.00e-06
 Interpolation scheme:                   adiis+cdiis
 Initial guess:                          SAD

 ---------------------------------------------------------------
                  energy        change          grad        time
 ---------------------------------------------------------------
   0      -796.433835354                    1.94e+00        0.02
   1      -796.306702108      1.27e-01      5.34e-02        0.02
   2      -796.309736588     -3.03e-03      1.94e-02        0.02
   3      -796.309932405     -1.96e-04      1.49e-02        0.02
   4      -796.310103866     -1.71e-04      1.25e-03        0.02
   5      -796.310104842     -9.76e-07      2.44e-04        0.02
   6      -796.310104880     -3.87e-08      8.33e-05        0.02
   7      -796.310104884     -3.50e-09      1.90e-05        0.02
   8      -796.310104883      3.05e-10      2.54e-05        0.02
   9      -796.310104884     -4.90e-10      8.81e-07        0.02

 SCF converged in 9 iterations.

 Dipole moment (in Debye):               0.000001       0.000001      -0.000002

 Quadrupole moment (in Debye-Angstrom):
                  1            2            3
 1       -26.102134    -0.000000     0.000000
 2        -0.000000   -26.102134     0.000000
 3         0.000000     0.000000   -24.076449

 Spin-squared expectation <S^2>:         2.010
 Total spin quantum number S:            1.003
 TOTAL ENERGY:                        -796.310104884

 --------------------------------------------------------------------------------

 End time:                               Tue Oct 26 23:39:15 2021
 Total wall-clock time:                  0.506 seconds
==================================================================================
