
================================================================================
          _____________ ________ _______________ ________     _________         
         / ___________// ______ \\_____   _____// ______ \   / ________)        
        / /_________  / /      \ \     | |     / /      \ \ | (_______          
       |  __________|| |        | |    | |    | |        | | \________ \        
        \ \_________ | |        | |    | |     \ \______/ /___________) |       
         \__________||_|        |_|    |_|      \________//____________/        
                                                                                
====================================[ Qcore ]===================================

 Git describe: 2.3.0-1-g21d9df7e5
 Compiler:     GNU 9.1.0
 Build type:   Release
 Version:      2.3.0-1-g21d9df7e5

 Start time:   Tue Oct 26 23:45:35 2021

 Data directory: /work/zw18965/.local/qcore/share/entos/qcore/data
 Number of threads: 24
 Number of threads was determined by: command line argument

 --------------------------------------------------------------------------------
                                   command: dft                                  
 --------------------------------------------------------------------------------
 AO basis set:                           def2-tzvppd
 Number of AO basis functions:         210

 Formula:                                CH5OAl
 Nuclear charge:                        32.000000000
 Total charge:                           0.000000000
 Number of electrons:                   32.000000000

 Number of alpha electrons:             16
 Number of beta electrons:              16
 Number of unpaired electrons:           0
 Spin:                                   0
 Multiplicity:                           singlet

 Theory:                                 dft
 Exchange-correlation functional:        camb3lyp

 Using range separated hybrid functional
 Range separation parameter:             0.330000000
 Short range exact exchange:             0.190000000
 Total long range exact exchange:        0.650000000

 Method for Coulomb:                     incore_df
 Method for exact exchange:              pre_transformed_df
 Integral threshold:                     1.00e-12
 DF basis set:                           def2-universal-jkfit
 Number of DF basis functions:         370
 Schwarz screening threshold:            1.00e-10
 Coulomb fitting method:                 Cholesky
 Total number of grid points:        50544
 Method for AO orthogonalization:        symmetric
 Threshold for linear dependence:        1.00e-08
 D3BJ dispersion energy:                -0.003605832

 -------------------------------------
  Running restricted closed-shell SCF 
 -------------------------------------
 Max number of iterations:             128
 Conv. threshold (gradient):             1.00e-05
 Conv. threshold (energy):               1.00e-06
 Interpolation scheme:                   adiis+cdiis
 Initial guess:                          SAD

 ---------------------------------------------------------------
                  energy        change          grad        time
 ---------------------------------------------------------------
   0      -358.735557231                    1.01e+01        0.06
   1      -358.651811596      8.37e-02      2.12e+00        0.06
   2      -358.346971501      3.05e-01      3.88e+00        0.07
   3      -358.767300427     -4.20e-01      7.43e-01        0.05
   4      -358.759959984      7.34e-03      9.34e-01        0.06
   5      -358.781829356     -2.19e-02      6.92e-02        0.06
   6      -358.781702282      1.27e-04      1.06e-01        0.06
   7      -358.782030044     -3.28e-04      2.27e-03        0.06
   8      -358.782030475     -4.31e-07      7.22e-04        0.07
   9      -358.782030499     -2.36e-08      9.48e-05        0.06
  10      -358.782030499     -8.23e-10      9.75e-06        0.05

 SCF converged in 10 iterations.

 Dipole moment (in Debye):              -0.731542       0.011861       0.179502

 Quadrupole moment (in Debye-Angstrom):
                  1            2            3
 1       -27.907129    -0.007296     0.012277
 2        -0.007296   -26.459404     0.001380
 3         0.012277     0.001380   -26.081239

 Spin-squared expectation <S^2>:         0.000
 Total spin quantum number S:            0.000
 TOTAL ENERGY:                        -358.782030499

 --------------------------------------------------------------------------------

 End time:                               Tue Oct 26 23:45:37 2021
 Total wall-clock time:                  1.669 seconds
==================================================================================
