
================================================================================
          _____________ ________ _______________ ________     _________         
         / ___________// ______ \\_____   _____// ______ \   / ________)        
        / /_________  / /      \ \     | |     / /      \ \ | (_______          
       |  __________|| |        | |    | |    | |        | | \________ \        
        \ \_________ | |        | |    | |     \ \______/ /___________) |       
         \__________||_|        |_|    |_|      \________//____________/        
                                                                                
====================================[ Qcore ]===================================

 Git describe: 2.3.0-1-g21d9df7e5
 Compiler:     GNU 9.1.0
 Build type:   Release
 Version:      2.3.0-1-g21d9df7e5

 Start time:   Tue Oct 26 23:45:49 2021

 Data directory: /work/zw18965/.local/qcore/share/entos/qcore/data
 Number of threads: 24
 Number of threads was determined by: command line argument

 --------------------------------------------------------------------------------
                                   command: dft                                  
 --------------------------------------------------------------------------------
 AO basis set:                           def2-tzvppd
 Number of AO basis functions:         161

 Formula:                                H6LiB
 Nuclear charge:                        14.000000000
 Total charge:                           0.000000000
 Number of electrons:                   14.000000000

 Number of alpha electrons:              7
 Number of beta electrons:               7
 Number of unpaired electrons:           0
 Spin:                                   0
 Multiplicity:                           singlet

 Theory:                                 dft
 Exchange-correlation functional:        camb3lyp

 Using range separated hybrid functional
 Range separation parameter:             0.330000000
 Short range exact exchange:             0.190000000
 Total long range exact exchange:        0.650000000

 Method for Coulomb:                     incore_df
 Method for exact exchange:              pre_transformed_df
 Integral threshold:                     1.00e-12
 DF basis set:                           def2-universal-jkfit
 Number of DF basis functions:         234
 Schwarz screening threshold:            1.00e-10
 Coulomb fitting method:                 Cholesky
 Total number of grid points:        48712
 Method for AO orthogonalization:        symmetric
 Threshold for linear dependence:        1.00e-08
 D3BJ dispersion energy:                -0.002395391

 -------------------------------------
  Running restricted closed-shell SCF 
 -------------------------------------
 Max number of iterations:             128
 Conv. threshold (gradient):             1.00e-05
 Conv. threshold (energy):               1.00e-06
 Interpolation scheme:                   adiis+cdiis
 Initial guess:                          SAD

 ---------------------------------------------------------------
                  energy        change          grad        time
 ---------------------------------------------------------------
   0       -35.689430787                    7.12e+00        0.04
   1       -35.871949616     -1.83e-01      1.01e+00        0.03
   2       -35.904578616     -3.26e-02      7.51e-01        0.03
   3       -35.928696754     -2.41e-02      2.43e-01        0.03
   4       -35.929939166     -1.24e-03      1.76e-01        0.03
   5       -35.931243666     -1.30e-03      3.39e-02        0.03
   6       -35.931268415     -2.47e-05      2.52e-02        0.03
   7       -35.931295636     -2.72e-05      3.92e-05        0.03
   8       -35.931295636     -1.94e-10      9.60e-06        0.03

 SCF converged in 8 iterations.

 Dipole moment (in Debye):              -0.622090       7.395988      -0.002290

 Quadrupole moment (in Debye-Angstrom):
                  1            2            3
 1       -15.691850    -0.761097     0.139275
 2        -0.761097   -10.583340    -0.005660
 3         0.139275    -0.005660   -16.324543

 Spin-squared expectation <S^2>:         0.000
 Total spin quantum number S:            0.000
 TOTAL ENERGY:                         -35.931295636

 --------------------------------------------------------------------------------

 End time:                               Tue Oct 26 23:45:50 2021
 Total wall-clock time:                  0.849 seconds
==================================================================================
