
================================================================================
          _____________ ________ _______________ ________     _________         
         / ___________// ______ \\_____   _____// ______ \   / ________)        
        / /_________  / /      \ \     | |     / /      \ \ | (_______          
       |  __________|| |        | |    | |    | |        | | \________ \        
        \ \_________ | |        | |    | |     \ \______/ /___________) |       
         \__________||_|        |_|    |_|      \________//____________/        
                                                                                
====================================[ Qcore ]===================================

 Git describe: 2.3.0-1-g21d9df7e5
 Compiler:     GNU 9.1.0
 Build type:   Release
 Version:      2.3.0-1-g21d9df7e5

 Start time:   Tue Oct 26 23:45:59 2021

 Data directory: /work/zw18965/.local/qcore/share/entos/qcore/data
 Number of threads: 24
 Number of threads was determined by: command line argument

 --------------------------------------------------------------------------------
                                   command: dft                                  
 --------------------------------------------------------------------------------
 AO basis set:                           def2-tzvppd
 Number of AO basis functions:         207

 Formula:                                C2H5P
 Nuclear charge:                        32.000000000
 Total charge:                           0.000000000
 Number of electrons:                   32.000000000

 Number of alpha electrons:             16
 Number of beta electrons:              16
 Number of unpaired electrons:           0
 Spin:                                   0
 Multiplicity:                           singlet

 Theory:                                 dft
 Exchange-correlation functional:        camb3lyp

 Using range separated hybrid functional
 Range separation parameter:             0.330000000
 Short range exact exchange:             0.190000000
 Total long range exact exchange:        0.650000000

 Method for Coulomb:                     incore_df
 Method for exact exchange:              pre_transformed_df
 Integral threshold:                     1.00e-12
 DF basis set:                           def2-universal-jkfit
 Number of DF basis functions:         368
 Schwarz screening threshold:            1.00e-10
 Coulomb fitting method:                 Cholesky
 Total number of grid points:        50400
 Method for AO orthogonalization:        symmetric
 Threshold for linear dependence:        1.00e-08
 D3BJ dispersion energy:                -0.003986680

 -------------------------------------
  Running restricted closed-shell SCF 
 -------------------------------------
 Max number of iterations:             128
 Conv. threshold (gradient):             1.00e-05
 Conv. threshold (energy):               1.00e-06
 Interpolation scheme:                   adiis+cdiis
 Initial guess:                          SAD

 ---------------------------------------------------------------
                  energy        change          grad        time
 ---------------------------------------------------------------
   0      -421.081745927                    1.34e+01        0.07
   1      -420.484558937      5.97e-01      1.21e+00        0.06
   2      -420.461927691      2.26e-02      1.20e+00        0.06
   3      -420.542127106     -8.02e-02      8.42e-02        0.07
   4      -420.542246951     -1.20e-04      7.45e-02        0.06
   5      -420.542485871     -2.39e-04      3.06e-03        0.06
   6      -420.542486719     -8.48e-07      1.22e-03        0.06
   7      -420.542486842     -1.23e-07      2.92e-04        0.06
   8      -420.542486850     -7.90e-09      5.21e-05        0.05
   9      -420.542486850     -3.23e-10      1.24e-05        0.06
  10      -420.542486850     -1.87e-11      3.23e-06        0.06

 SCF converged in 10 iterations.

 Dipole moment (in Debye):               0.435927      -0.000163       1.054233

 Quadrupole moment (in Debye-Angstrom):
                  1            2            3
 1       -26.116588     0.000015    -1.136179
 2         0.000015   -27.126725     0.000391
 3        -1.136179     0.000391   -28.379277

 Spin-squared expectation <S^2>:         0.000
 Total spin quantum number S:            0.000
 TOTAL ENERGY:                        -420.542486850

 --------------------------------------------------------------------------------

 End time:                               Tue Oct 26 23:46:01 2021
 Total wall-clock time:                  1.580 seconds
==================================================================================
