
================================================================================
          _____________ ________ _______________ ________     _________         
         / ___________// ______ \\_____   _____// ______ \   / ________)        
        / /_________  / /      \ \     | |     / /      \ \ | (_______          
       |  __________|| |        | |    | |    | |        | | \________ \        
        \ \_________ | |        | |    | |     \ \______/ /___________) |       
         \__________||_|        |_|    |_|      \________//____________/        
                                                                                
====================================[ Qcore ]===================================

 Git describe: 2.3.0-1-g21d9df7e5
 Compiler:     GNU 9.1.0
 Build type:   Release
 Version:      2.3.0-1-g21d9df7e5

 Start time:   Tue Oct 26 23:46:04 2021

 Data directory: /work/zw18965/.local/qcore/share/entos/qcore/data
 Number of threads: 24
 Number of threads was determined by: command line argument

 --------------------------------------------------------------------------------
                                   command: dft                                  
 --------------------------------------------------------------------------------
 AO basis set:                           def2-tzvppd
 Number of AO basis functions:         212

 Formula:                                C2H4LiSi
 Nuclear charge:                        33.000000000
 Total charge:                           0.000000000
 Number of electrons:                   33.000000000

 Number of alpha electrons:             17
 Number of beta electrons:              16
 Number of unpaired electrons:           1
 Spin:                                   1
 Multiplicity:                           doublet

 Theory:                                 dft
 Exchange-correlation functional:        camb3lyp

 Using range separated hybrid functional
 Range separation parameter:             0.330000000
 Short range exact exchange:             0.190000000
 Total long range exact exchange:        0.650000000

 Method for Coulomb:                     incore_df
 Method for exact exchange:              pre_transformed_df
 Integral threshold:                     1.00e-12
 DF basis set:                           def2-universal-jkfit
 Number of DF basis functions:         401
 Schwarz screening threshold:            1.00e-10
 Coulomb fitting method:                 Cholesky
 Total number of grid points:        51082
 Method for AO orthogonalization:        symmetric
 Threshold for linear dependence:        1.00e-08
 D3BJ dispersion energy:                -0.005449559

 -------------------------------------
  Running unrestricted open-shell SCF 
 -------------------------------------
 Max number of iterations:             128
 Conv. threshold (gradient):             1.00e-05
 Conv. threshold (energy):               1.00e-06
 Interpolation scheme:                   adiis+cdiis
 Initial guess:                          SAD

 ---------------------------------------------------------------
                  energy        change          grad        time
 ---------------------------------------------------------------
   0      -375.871587254                    5.77e+00        0.10
   1      -375.365026740      5.07e-01      1.05e+00        0.11
   2      -375.205306413      1.60e-01      1.57e+00        0.10
   3      -375.513215989     -3.08e-01      2.10e-01        0.09
   4      -375.513751412     -5.35e-04      2.07e-01        0.09
   5      -375.519868652     -6.12e-03      3.84e-02        0.11
   6      -375.520048615     -1.80e-04      3.31e-02        0.10
   7      -375.520243354     -1.95e-04      6.95e-03        0.10
   8      -375.520257469     -1.41e-05      2.39e-03        0.11
   9      -375.520261368     -3.90e-06      1.35e-03        0.10
  10      -375.520262829     -1.46e-06      6.95e-04        0.10
  11      -375.520263229     -4.00e-07      2.79e-04        0.10
  12      -375.520263288     -5.92e-08      1.17e-04        0.12
  13      -375.520263297     -8.82e-09      4.22e-05        0.11
  14      -375.520263298     -1.20e-09      1.57e-05        0.10
  15      -375.520263299     -2.30e-10      8.29e-06        0.10

 SCF converged in 15 iterations.

 Dipole moment (in Debye):               0.577017      -4.018320      -0.051182

 Quadrupole moment (in Debye-Angstrom):
                  1            2            3
 1       -33.684835    -6.063445     0.000447
 2        -6.063445   -19.097878     0.257973
 3         0.000447     0.257973   -32.992528

 Spin-squared expectation <S^2>:         0.759
 Total spin quantum number S:            0.505
 TOTAL ENERGY:                        -375.520263299

 --------------------------------------------------------------------------------

 End time:                               Tue Oct 26 23:46:06 2021
 Total wall-clock time:                  2.719 seconds
==================================================================================
