
================================================================================
          _____________ ________ _______________ ________     _________         
         / ___________// ______ \\_____   _____// ______ \   / ________)        
        / /_________  / /      \ \     | |     / /      \ \ | (_______          
       |  __________|| |        | |    | |    | |        | | \________ \        
        \ \_________ | |        | |    | |     \ \______/ /___________) |       
         \__________||_|        |_|    |_|      \________//____________/        
                                                                                
====================================[ Qcore ]===================================

 Git describe: 2.3.0-1-g21d9df7e5
 Compiler:     GNU 9.1.0
 Build type:   Release
 Version:      2.3.0-1-g21d9df7e5

 Start time:   Tue Oct 26 23:46:16 2021

 Data directory: /work/zw18965/.local/qcore/share/entos/qcore/data
 Number of threads: 24
 Number of threads was determined by: command line argument

 --------------------------------------------------------------------------------
                                   command: dft                                  
 --------------------------------------------------------------------------------
 AO basis set:                           def2-tzvppd
 Number of AO basis functions:         176

 Formula:                                CH6N
 Nuclear charge:                        19.000000000
 Total charge:                           0.000000000
 Number of electrons:                   19.000000000

 Number of alpha electrons:             10
 Number of beta electrons:               9
 Number of unpaired electrons:           1
 Spin:                                   1
 Multiplicity:                           doublet

 Theory:                                 dft
 Exchange-correlation functional:        camb3lyp

 Using range separated hybrid functional
 Range separation parameter:             0.330000000
 Short range exact exchange:             0.190000000
 Total long range exact exchange:        0.650000000

 Method for Coulomb:                     incore_df
 Method for exact exchange:              pre_transformed_df
 Integral threshold:                     1.00e-12
 DF basis set:                           def2-universal-jkfit
 Number of DF basis functions:         260
 Schwarz screening threshold:            1.00e-10
 Coulomb fitting method:                 Cholesky
 Total number of grid points:        48940
 Method for AO orthogonalization:        symmetric
 Threshold for linear dependence:        1.00e-08
 D3BJ dispersion energy:                -0.002254221

 -------------------------------------
  Running unrestricted open-shell SCF 
 -------------------------------------
 Max number of iterations:             128
 Conv. threshold (gradient):             1.00e-05
 Conv. threshold (energy):               1.00e-06
 Interpolation scheme:                   adiis+cdiis
 Initial guess:                          SAD

 ---------------------------------------------------------------
                  energy        change          grad        time
 ---------------------------------------------------------------
   0       -96.505979204                    5.98e+00        0.07
   1       -96.307742387      1.98e-01      5.52e-01        0.07
   2       -96.308967874     -1.23e-03      6.48e-01        0.06
   3       -96.350049307     -4.11e-02      1.06e-01        0.07
   4       -96.350081736     -3.24e-05      1.24e-01        0.07
   5       -96.351377799     -1.30e-03      2.45e-02        0.07
   6       -96.351422792     -4.50e-05      2.55e-02        0.07
   7       -96.351485190     -6.24e-05      1.63e-03        0.07
   8       -96.351485916     -7.26e-07      3.76e-04        0.06
   9       -96.351485945     -2.89e-08      8.87e-05        0.07
  10       -96.351485947     -2.15e-09      2.46e-05        0.07
  11       -96.351485947     -1.71e-10      5.50e-06        0.07

 SCF converged in 11 iterations.

 Dipole moment (in Debye):              -0.042874      -2.205622       1.083409

 Quadrupole moment (in Debye-Angstrom):
                  1            2            3
 1       -14.145416    -0.088629     0.089621
 2        -0.088629   -18.448451     3.913853
 3         0.089621     3.913853   -17.375060

 Spin-squared expectation <S^2>:         0.754
 Total spin quantum number S:            0.502
 TOTAL ENERGY:                         -96.351485947

 --------------------------------------------------------------------------------

 End time:                               Tue Oct 26 23:46:17 2021
 Total wall-clock time:                  1.490 seconds
==================================================================================
