
================================================================================
          _____________ ________ _______________ ________     _________         
         / ___________// ______ \\_____   _____// ______ \   / ________)        
        / /_________  / /      \ \     | |     / /      \ \ | (_______          
       |  __________|| |        | |    | |    | |        | | \________ \        
        \ \_________ | |        | |    | |     \ \______/ /___________) |       
         \__________||_|        |_|    |_|      \________//____________/        
                                                                                
====================================[ Qcore ]===================================

 Git describe: 2.3.0-1-g21d9df7e5
 Compiler:     GNU 9.1.0
 Build type:   Release
 Version:      2.3.0-1-g21d9df7e5

 Start time:   Tue Oct 26 23:46:25 2021

 Data directory: /work/zw18965/.local/qcore/share/entos/qcore/data
 Number of threads: 24
 Number of threads was determined by: command line argument

 --------------------------------------------------------------------------------
                                   command: dft                                  
 --------------------------------------------------------------------------------
 AO basis set:                           def2-tzvppd
 Number of AO basis functions:         199

 Formula:                                CH5BO
 Nuclear charge:                        24.000000000
 Total charge:                           0.000000000
 Number of electrons:                   24.000000000

 Number of alpha electrons:             12
 Number of beta electrons:              12
 Number of unpaired electrons:           0
 Spin:                                   0
 Multiplicity:                           singlet

 Theory:                                 dft
 Exchange-correlation functional:        camb3lyp

 Using range separated hybrid functional
 Range separation parameter:             0.330000000
 Short range exact exchange:             0.190000000
 Total long range exact exchange:        0.650000000

 Method for Coulomb:                     incore_df
 Method for exact exchange:              pre_transformed_df
 Integral threshold:                     1.00e-12
 DF basis set:                           def2-universal-jkfit
 Number of DF basis functions:         317
 Schwarz screening threshold:            1.00e-10
 Coulomb fitting method:                 Cholesky
 Total number of grid points:        49994
 Method for AO orthogonalization:        symmetric
 Threshold for linear dependence:        1.00e-08
 D3BJ dispersion energy:                -0.002204259

 -------------------------------------
  Running restricted closed-shell SCF 
 -------------------------------------
 Max number of iterations:             128
 Conv. threshold (gradient):             1.00e-05
 Conv. threshold (energy):               1.00e-06
 Interpolation scheme:                   adiis+cdiis
 Initial guess:                          SAD

 ---------------------------------------------------------------
                  energy        change          grad        time
 ---------------------------------------------------------------
   0      -141.345230241                    1.31e+01        0.05
   1      -141.054204580      2.91e-01      1.99e+00        0.05
   2      -140.963264468      9.09e-02      3.23e+00        0.06
   3      -141.126611301     -1.63e-01      2.97e-01        0.06
   4      -141.125890488      7.21e-04      4.23e-01        0.05
   5      -141.129238009     -3.35e-03      6.52e-02        0.05
   6      -141.129132270      1.06e-04      1.15e-01        0.05
   7      -141.129345803     -2.14e-04      2.29e-03        0.05
   8      -141.129345957     -1.54e-07      4.21e-04        0.05
   9      -141.129345969     -1.18e-08      1.54e-04        0.05
  10      -141.129345970     -7.29e-10      2.35e-05        0.05
  11      -141.129345970     -2.90e-11      4.35e-06        0.05

 SCF converged in 11 iterations.

 Dipole moment (in Debye):              -0.507705      -1.031390       1.015549

 Quadrupole moment (in Debye-Angstrom):
                  1            2            3
 1       -19.842336    -1.052437     0.942507
 2        -1.052437   -20.500591     1.479689
 3         0.942507     1.479689   -19.825931

 Spin-squared expectation <S^2>:         0.000
 Total spin quantum number S:            0.000
 TOTAL ENERGY:                        -141.129345970

 --------------------------------------------------------------------------------

 End time:                               Tue Oct 26 23:46:27 2021
 Total wall-clock time:                  1.525 seconds
==================================================================================
