
================================================================================
          _____________ ________ _______________ ________     _________         
         / ___________// ______ \\_____   _____// ______ \   / ________)        
        / /_________  / /      \ \     | |     / /      \ \ | (_______          
       |  __________|| |        | |    | |    | |        | | \________ \        
        \ \_________ | |        | |    | |     \ \______/ /___________) |       
         \__________||_|        |_|    |_|      \________//____________/        
                                                                                
====================================[ Qcore ]===================================

 Git describe: 2.3.0-1-g21d9df7e5
 Compiler:     GNU 9.1.0
 Build type:   Release
 Version:      2.3.0-1-g21d9df7e5

 Start time:   Tue Oct 26 23:47:07 2021

 Data directory: /work/zw18965/.local/qcore/share/entos/qcore/data
 Number of threads: 24
 Number of threads was determined by: command line argument

 --------------------------------------------------------------------------------
                                   command: dft                                  
 --------------------------------------------------------------------------------
 AO basis set:                           def2-tzvppd
 Number of AO basis functions:          52

 Formula:                                HNa
 Nuclear charge:                        12.000000000
 Total charge:                           0.000000000
 Number of electrons:                   12.000000000

 Number of alpha electrons:              6
 Number of beta electrons:               6
 Number of unpaired electrons:           0
 Spin:                                   0
 Multiplicity:                           singlet

 Theory:                                 dft
 Exchange-correlation functional:        camb3lyp

 Using range separated hybrid functional
 Range separation parameter:             0.330000000
 Short range exact exchange:             0.190000000
 Total long range exact exchange:        0.650000000

 Method for Coulomb:                     incore_df
 Method for exact exchange:              pre_transformed_df
 Integral threshold:                     1.00e-12
 DF basis set:                           def2-universal-jkfit
 Number of DF basis functions:         130
 Schwarz screening threshold:            1.00e-10
 Coulomb fitting method:                 Cholesky
 Total number of grid points:        12976
 Method for AO orthogonalization:        symmetric
 Threshold for linear dependence:        1.00e-08
 D3BJ dispersion energy:                -0.000223292

 -------------------------------------
  Running restricted closed-shell SCF 
 -------------------------------------
 Max number of iterations:             128
 Conv. threshold (gradient):             1.00e-05
 Conv. threshold (energy):               1.00e-06
 Interpolation scheme:                   adiis+cdiis
 Initial guess:                          SAD

 ---------------------------------------------------------------
                  energy        change          grad        time
 ---------------------------------------------------------------
   0      -162.696914418                    7.58e-01        0.01
   1      -162.818838793     -1.22e-01      4.24e-01        0.01
   2      -162.835845038     -1.70e-02      1.59e-01        0.01
   3      -162.838611542     -2.77e-03      6.76e-02        0.01
   4      -162.838999513     -3.88e-04      2.32e-02        0.00
   5      -162.839072223     -7.27e-05      1.75e-03        0.01
   6      -162.839072804     -5.81e-07      2.73e-04        0.01
   7      -162.839072846     -4.20e-08      2.44e-05        0.01
   8      -162.839072846     -3.22e-10      3.57e-06        0.01

 SCF converged in 8 iterations.

 Dipole moment (in Debye):              -0.000000      -0.000000       6.272032

 Quadrupole moment (in Debye-Angstrom):
                  1            2            3
 1        -8.836675    -0.000000    -0.000000
 2        -0.000000    -8.836675    -0.000000
 3        -0.000000    -0.000000   -15.650892

 Spin-squared expectation <S^2>:         0.000
 Total spin quantum number S:            0.000
 TOTAL ENERGY:                        -162.839072846

 --------------------------------------------------------------------------------

 End time:                               Tue Oct 26 23:47:07 2021
 Total wall-clock time:                  0.390 seconds
==================================================================================
