
================================================================================
          _____________ ________ _______________ ________     _________         
         / ___________// ______ \\_____   _____// ______ \   / ________)        
        / /_________  / /      \ \     | |     / /      \ \ | (_______          
       |  __________|| |        | |    | |    | |        | | \________ \        
        \ \_________ | |        | |    | |     \ \______/ /___________) |       
         \__________||_|        |_|    |_|      \________//____________/        
                                                                                
====================================[ Qcore ]===================================

 Git describe: 2.3.0-1-g21d9df7e5
 Compiler:     GNU 9.1.0
 Build type:   Release
 Version:      2.3.0-1-g21d9df7e5

 Start time:   Tue Oct 26 23:46:27 2021

 Data directory: /work/zw18965/.local/qcore/share/entos/qcore/data
 Number of threads: 24
 Number of threads was determined by: command line argument
  - More threads can be used by running 'qcore -n 32'

 --------------------------------------------------------------------------------
                                   command: dft                                  
 --------------------------------------------------------------------------------
 AO basis set:                           def2-tzvppd
 Number of AO basis functions:         102

 Formula:                                S2
 Nuclear charge:                        32.000000000
 Total charge:                           0.000000000
 Number of electrons:                   32.000000000

 Number of alpha electrons:             17
 Number of beta electrons:              15
 Number of unpaired electrons:           2
 Spin:                                   2
 Multiplicity:                           triplet

 Theory:                                 dft
 Exchange-correlation functional:        camb3lyp

 Using range separated hybrid functional
 Range separation parameter:             0.330000000
 Short range exact exchange:             0.190000000
 Total long range exact exchange:        0.650000000

 Method for Coulomb:                     incore_df
 Method for exact exchange:              pre_transformed_df
 Integral threshold:                     1.00e-12
 DF basis set:                           def2-universal-jkfit
 Number of DF basis functions:         256
 Schwarz screening threshold:            1.00e-10
 Coulomb fitting method:                 Cholesky
 Total number of grid points:        14700
 Method for AO orthogonalization:        symmetric
 Threshold for linear dependence:        1.00e-08
 D3BJ dispersion energy:                -0.001206348

 -------------------------------------
  Running unrestricted open-shell SCF 
 -------------------------------------
 Max number of iterations:             128
 Conv. threshold (gradient):             1.00e-05
 Conv. threshold (energy):               1.00e-06
 Interpolation scheme:                   adiis+cdiis
 Initial guess:                          SAD

 ---------------------------------------------------------------
                  energy        change          grad        time
 ---------------------------------------------------------------
   0      -796.475119777                    1.96e+00        0.02
   1      -796.407989729      6.71e-02      6.74e-02        0.02
   2      -796.413416323     -5.43e-03      3.26e-02        0.02
   3      -796.414450578     -1.03e-03      1.18e-02        0.01
   4      -796.414648871     -1.98e-04      1.80e-03        0.02
   5      -796.414653727     -4.86e-06      4.43e-04        0.02
   6      -796.414653917     -1.90e-07      1.00e-04        0.02
   7      -796.414653925     -8.12e-09      1.33e-05        0.02
   8      -796.414653925     -2.02e-10      2.41e-06        0.02

 SCF converged in 8 iterations.

 Dipole moment (in Debye):               0.000001       0.000001      -0.000015

 Quadrupole moment (in Debye-Angstrom):
                  1            2            3
 1       -26.134024    -0.000000     0.000000
 2        -0.000000   -26.134024     0.000000
 3         0.000000     0.000000   -23.978429

 Spin-squared expectation <S^2>:         2.015
 Total spin quantum number S:            1.005
 TOTAL ENERGY:                        -796.414653925

 --------------------------------------------------------------------------------

 End time:                               Tue Oct 26 23:46:27 2021
 Total wall-clock time:                  0.750 seconds
==================================================================================
