
================================================================================
          _____________ ________ _______________ ________     _________         
         / ___________// ______ \\_____   _____// ______ \   / ________)        
        / /_________  / /      \ \     | |     / /      \ \ | (_______          
       |  __________|| |        | |    | |    | |        | | \________ \        
        \ \_________ | |        | |    | |     \ \______/ /___________) |       
         \__________||_|        |_|    |_|      \________//____________/        
                                                                                
====================================[ Qcore ]===================================

 Git describe: 2.3.0-1-g21d9df7e5
 Compiler:     GNU 9.1.0
 Build type:   Release
 Version:      2.3.0-1-g21d9df7e5

 Start time:   Tue Oct 26 23:46:35 2021

 Data directory: /work/zw18965/.local/qcore/share/entos/qcore/data
 Number of threads: 24
 Number of threads was determined by: command line argument
  - More threads can be used by running 'qcore -n 32'

 --------------------------------------------------------------------------------
                                   command: dft                                  
 --------------------------------------------------------------------------------
 AO basis set:                           def2-tzvppd
 Number of AO basis functions:         210

 Formula:                                CH5OAl
 Nuclear charge:                        32.000000000
 Total charge:                           0.000000000
 Number of electrons:                   32.000000000

 Number of alpha electrons:             16
 Number of beta electrons:              16
 Number of unpaired electrons:           0
 Spin:                                   0
 Multiplicity:                           singlet

 Theory:                                 dft
 Exchange-correlation functional:        pbe0
 Method for Coulomb:                     incore_df
 Method for exact exchange:              pre_transformed_df
 Integral threshold:                     1.00e-12
 DF basis set:                           def2-universal-jkfit
 Number of DF basis functions:         370
 Schwarz screening threshold:            1.00e-10
 Coulomb fitting method:                 Cholesky
 Total number of grid points:        50544
 Method for AO orthogonalization:        symmetric
 Threshold for linear dependence:        1.00e-08
 D3BJ dispersion energy:                -0.003776506

 -------------------------------------
  Running restricted closed-shell SCF 
 -------------------------------------
 Max number of iterations:             128
 Conv. threshold (gradient):             1.00e-05
 Conv. threshold (energy):               1.00e-06
 Interpolation scheme:                   adiis+cdiis
 Initial guess:                          SAD

 ---------------------------------------------------------------
                  energy        change          grad        time
 ---------------------------------------------------------------
   0      -358.525557023                    1.01e+01        0.06
   1      -358.444272096      8.13e-02      1.91e+00        0.05
   2      -357.622392195      8.22e-01      4.85e+00        0.04
   3      -358.512789426     -8.90e-01      1.41e+00        0.05
   4      -358.564408630     -5.16e-02      5.01e-01        0.05
   5      -358.563933394      4.75e-04      5.32e-01        0.04
   6      -358.571116900     -7.18e-03      2.73e-02        0.05
   7      -358.571110761      6.14e-06      2.93e-02        0.05
   8      -358.571144463     -3.37e-05      9.99e-04        0.05
   9      -358.571144489     -2.57e-08      1.43e-04        0.04
  10      -358.571144490     -5.82e-10      8.98e-06        0.05

 SCF converged in 10 iterations.

 Dipole moment (in Debye):              -0.762148       0.011694       0.185522

 Quadrupole moment (in Debye-Angstrom):
                  1            2            3
 1       -27.674477    -0.007315     0.012042
 2        -0.007315   -26.333736     0.000919
 3         0.012042     0.000919   -25.953601

 Spin-squared expectation <S^2>:         0.000
 Total spin quantum number S:            0.000
 TOTAL ENERGY:                        -358.571144490

 --------------------------------------------------------------------------------

 End time:                               Tue Oct 26 23:46:37 2021
 Total wall-clock time:                  1.394 seconds
==================================================================================
