
================================================================================
          _____________ ________ _______________ ________     _________         
         / ___________// ______ \\_____   _____// ______ \   / ________)        
        / /_________  / /      \ \     | |     / /      \ \ | (_______          
       |  __________|| |        | |    | |    | |        | | \________ \        
        \ \_________ | |        | |    | |     \ \______/ /___________) |       
         \__________||_|        |_|    |_|      \________//____________/        
                                                                                
====================================[ Qcore ]===================================

 Git describe: 2.3.0-1-g21d9df7e5
 Compiler:     GNU 9.1.0
 Build type:   Release
 Version:      2.3.0-1-g21d9df7e5

 Start time:   Tue Oct 26 23:46:41 2021

 Data directory: /work/zw18965/.local/qcore/share/entos/qcore/data
 Number of threads: 24
 Number of threads was determined by: command line argument
  - More threads can be used by running 'qcore -n 32'

 --------------------------------------------------------------------------------
                                   command: dft                                  
 --------------------------------------------------------------------------------
 AO basis set:                           def2-tzvppd
 Number of AO basis functions:         201

 Formula:                                H6AlCl
 Nuclear charge:                        36.000000000
 Total charge:                           0.000000000
 Number of electrons:                   36.000000000

 Number of alpha electrons:             18
 Number of beta electrons:              18
 Number of unpaired electrons:           0
 Spin:                                   0
 Multiplicity:                           singlet

 Theory:                                 dft
 Exchange-correlation functional:        pbe0
 Method for Coulomb:                     incore_df
 Method for exact exchange:              pre_transformed_df
 Integral threshold:                     1.00e-12
 DF basis set:                           def2-universal-jkfit
 Number of DF basis functions:         364
 Schwarz screening threshold:            1.00e-10
 Coulomb fitting method:                 Cholesky
 Total number of grid points:        50184
 Method for AO orthogonalization:        symmetric
 Threshold for linear dependence:        1.00e-08
 D3BJ dispersion energy:                -0.003620684

 -------------------------------------
  Running restricted closed-shell SCF 
 -------------------------------------
 Max number of iterations:             128
 Conv. threshold (gradient):             1.00e-05
 Conv. threshold (energy):               1.00e-06
 Interpolation scheme:                   adiis+cdiis
 Initial guess:                          SAD

 ---------------------------------------------------------------
                  energy        change          grad        time
 ---------------------------------------------------------------
   0      -705.620039140                    6.71e+00        0.05
   1      -705.914236370     -2.94e-01      4.91e-01        0.04
   2      -705.927108224     -1.29e-02      1.28e-01        0.04
   3      -705.927810061     -7.02e-04      1.06e-01        0.04
   4      -705.929083927     -1.27e-03      3.14e-02        0.04
   5      -705.929076783      7.14e-06      3.29e-02        0.04
   6      -705.929174789     -9.80e-05      3.48e-04        0.04
   7      -705.929174797     -8.48e-09      6.85e-05        0.04
   8      -705.929174798     -4.62e-10      1.45e-05        0.04
   9      -705.929174798     -1.89e-11      3.56e-06        0.04

 SCF converged in 9 iterations.

 Dipole moment (in Debye):               0.018775      -2.153192       1.089823

 Quadrupole moment (in Debye-Angstrom):
                  1            2            3
 1       -34.370809     0.367400     0.158989
 2         0.367400   -28.782703    -1.913375
 3         0.158989    -1.913375   -30.212089

 Spin-squared expectation <S^2>:         0.000
 Total spin quantum number S:            0.000
 TOTAL ENERGY:                        -705.929174798

 --------------------------------------------------------------------------------

 End time:                               Tue Oct 26 23:46:42 2021
 Total wall-clock time:                  1.201 seconds
==================================================================================
