
================================================================================
          _____________ ________ _______________ ________     _________         
         / ___________// ______ \\_____   _____// ______ \   / ________)        
        / /_________  / /      \ \     | |     / /      \ \ | (_______          
       |  __________|| |        | |    | |    | |        | | \________ \        
        \ \_________ | |        | |    | |     \ \______/ /___________) |       
         \__________||_|        |_|    |_|      \________//____________/        
                                                                                
====================================[ Qcore ]===================================

 Git describe: 2.3.0-1-g21d9df7e5
 Compiler:     GNU 9.1.0
 Build type:   Release
 Version:      2.3.0-1-g21d9df7e5

 Start time:   Tue Oct 26 23:46:45 2021

 Data directory: /work/zw18965/.local/qcore/share/entos/qcore/data
 Number of threads: 24
 Number of threads was determined by: command line argument
  - More threads can be used by running 'qcore -n 32'

 --------------------------------------------------------------------------------
                                   command: dft                                  
 --------------------------------------------------------------------------------
 AO basis set:                           def2-tzvppd
 Number of AO basis functions:         184

 Formula:                                CH5BeF
 Nuclear charge:                        24.000000000
 Total charge:                           0.000000000
 Number of electrons:                   24.000000000

 Number of alpha electrons:             12
 Number of beta electrons:              12
 Number of unpaired electrons:           0
 Spin:                                   0
 Multiplicity:                           singlet

 Theory:                                 dft
 Exchange-correlation functional:        pbe0
 Method for Coulomb:                     incore_df
 Method for exact exchange:              pre_transformed_df
 Integral threshold:                     1.00e-12
 DF basis set:                           def2-universal-jkfit
 Number of DF basis functions:         293
 Schwarz screening threshold:            1.00e-10
 Coulomb fitting method:                 Cholesky
 Total number of grid points:        49718
 Method for AO orthogonalization:        symmetric
 Threshold for linear dependence:        1.00e-08
 D3BJ dispersion energy:                -0.003014290

 -------------------------------------
  Running restricted closed-shell SCF 
 -------------------------------------
 Max number of iterations:             128
 Conv. threshold (gradient):             1.00e-05
 Conv. threshold (energy):               1.00e-06
 Interpolation scheme:                   adiis+cdiis
 Initial guess:                          SAD

 ---------------------------------------------------------------
                  energy        change          grad        time
 ---------------------------------------------------------------
   0      -155.517331385                    1.07e+01        0.05
   1      -155.480213908      3.71e-02      9.11e-01        0.04
   2      -155.471218324      9.00e-03      1.31e+00        0.04
   3      -155.519821100     -4.86e-02      2.14e-01        0.04
   4      -155.518369082      1.45e-03      3.54e-01        0.04
   5      -155.520884240     -2.52e-03      4.49e-02        0.04
   6      -155.520822394      6.18e-05      7.31e-02        0.04
   7      -155.520939916     -1.18e-04      2.95e-04        0.04
   8      -155.520939919     -3.15e-09      3.58e-05        0.03
   9      -155.520939919     -1.05e-10      8.79e-06        0.04

 SCF converged in 9 iterations.

 Dipole moment (in Debye):               0.172573       0.637763       0.208940

 Quadrupole moment (in Debye-Angstrom):
                  1            2            3
 1       -18.635786     0.303569     0.118360
 2         0.303569   -27.440023     1.451662
 3         0.118360     1.451662   -16.986024

 Spin-squared expectation <S^2>:         0.000
 Total spin quantum number S:            0.000
 TOTAL ENERGY:                        -155.520939919

 --------------------------------------------------------------------------------

 End time:                               Tue Oct 26 23:46:46 2021
 Total wall-clock time:                  1.096 seconds
==================================================================================
