
================================================================================
          _____________ ________ _______________ ________     _________         
         / ___________// ______ \\_____   _____// ______ \   / ________)        
        / /_________  / /      \ \     | |     / /      \ \ | (_______          
       |  __________|| |        | |    | |    | |        | | \________ \        
        \ \_________ | |        | |    | |     \ \______/ /___________) |       
         \__________||_|        |_|    |_|      \________//____________/        
                                                                                
====================================[ Qcore ]===================================

 Git describe: 2.3.0-1-g21d9df7e5
 Compiler:     GNU 9.1.0
 Build type:   Release
 Version:      2.3.0-1-g21d9df7e5

 Start time:   Tue Oct 26 23:47:01 2021

 Data directory: /work/zw18965/.local/qcore/share/entos/qcore/data
 Number of threads: 24
 Number of threads was determined by: command line argument
  - More threads can be used by running 'qcore -n 32'

 --------------------------------------------------------------------------------
                                   command: dft                                  
 --------------------------------------------------------------------------------
 AO basis set:                           def2-tzvppd
 Number of AO basis functions:         250

 Formula:                                C3H3NS
 Nuclear charge:                        44.000000000
 Total charge:                           0.000000000
 Number of electrons:                   44.000000000

 Number of alpha electrons:             22
 Number of beta electrons:              22
 Number of unpaired electrons:           0
 Spin:                                   0
 Multiplicity:                           singlet

 Theory:                                 dft
 Exchange-correlation functional:        pbe0
 Method for Coulomb:                     incore_df
 Method for exact exchange:              pre_transformed_df
 Integral threshold:                     1.00e-12
 DF basis set:                           def2-universal-jkfit
 Number of DF basis functions:         484
 Schwarz screening threshold:            1.00e-10
 Coulomb fitting method:                 Cholesky
 Total number of grid points:        52220
 Method for AO orthogonalization:        symmetric
 Threshold for linear dependence:        1.00e-08
 D3BJ dispersion energy:                -0.005810495

 -------------------------------------
  Running restricted closed-shell SCF 
 -------------------------------------
 Max number of iterations:             128
 Conv. threshold (gradient):             1.00e-05
 Conv. threshold (energy):               1.00e-06
 Interpolation scheme:                   adiis+cdiis
 Initial guess:                          SAD

 ---------------------------------------------------------------
                  energy        change          grad        time
 ---------------------------------------------------------------
   0      -569.865134779                    1.73e+01        0.12
   1      -568.551038442      1.31e+00      1.73e+00        0.10
   2      -568.289820596      2.61e-01      3.71e+00        0.09
   3      -568.617106480     -3.27e-01      6.88e-01        0.09
   4      -568.623517839     -6.41e-03      4.73e-01        0.09
   5      -568.634012777     -1.05e-02      1.30e-01        0.09
   6      -568.632619334      1.39e-03      2.16e-01        0.09
   7      -568.634576201     -1.96e-03      4.96e-02        0.10
   8      -568.634584560     -8.36e-06      4.45e-02        0.10
   9      -568.634670704     -8.61e-05      9.49e-04        0.09
  10      -568.634670738     -3.34e-08      3.99e-04        0.09
  11      -568.634670742     -4.41e-09      1.74e-04        0.09
  12      -568.634670743     -7.97e-10      2.10e-05        0.09
  13      -568.634670743     -2.96e-11      1.17e-05        0.09
  14      -568.634670743     -3.98e-12      4.69e-06        0.09

 SCF converged in 14 iterations.

 Dipole moment (in Debye):               0.068958       2.640190      -0.316428

 Quadrupole moment (in Debye-Angstrom):
                  1            2            3
 1       -36.131226     4.590718     0.260161
 2         4.590718   -37.449143    -0.127547
 3         0.260161    -0.127547   -35.933847

 Spin-squared expectation <S^2>:         0.000
 Total spin quantum number S:            0.000
 TOTAL ENERGY:                        -568.634670743

 --------------------------------------------------------------------------------

 End time:                               Tue Oct 26 23:47:04 2021
 Total wall-clock time:                  2.528 seconds
==================================================================================
