
================================================================================
          _____________ ________ _______________ ________     _________         
         / ___________// ______ \\_____   _____// ______ \   / ________)        
        / /_________  / /      \ \     | |     / /      \ \ | (_______          
       |  __________|| |        | |    | |    | |        | | \________ \        
        \ \_________ | |        | |    | |     \ \______/ /___________) |       
         \__________||_|        |_|    |_|      \________//____________/        
                                                                                
====================================[ Qcore ]===================================

 Git describe: 2.3.0-1-g21d9df7e5
 Compiler:     GNU 9.1.0
 Build type:   Release
 Version:      2.3.0-1-g21d9df7e5

 Start time:   Tue Oct 26 23:47:08 2021

 Data directory: /work/zw18965/.local/qcore/share/entos/qcore/data
 Number of threads: 24
 Number of threads was determined by: command line argument
  - More threads can be used by running 'qcore -n 32'

 --------------------------------------------------------------------------------
                                   command: dft                                  
 --------------------------------------------------------------------------------
 AO basis set:                           def2-tzvppd
 Number of AO basis functions:         207

 Formula:                                C2H5P
 Nuclear charge:                        32.000000000
 Total charge:                           0.000000000
 Number of electrons:                   32.000000000

 Number of alpha electrons:             16
 Number of beta electrons:              16
 Number of unpaired electrons:           0
 Spin:                                   0
 Multiplicity:                           singlet

 Theory:                                 dft
 Exchange-correlation functional:        pbe0
 Method for Coulomb:                     incore_df
 Method for exact exchange:              pre_transformed_df
 Integral threshold:                     1.00e-12
 DF basis set:                           def2-universal-jkfit
 Number of DF basis functions:         368
 Schwarz screening threshold:            1.00e-10
 Coulomb fitting method:                 Cholesky
 Total number of grid points:        50400
 Method for AO orthogonalization:        symmetric
 Threshold for linear dependence:        1.00e-08
 D3BJ dispersion energy:                -0.004540326

 -------------------------------------
  Running restricted closed-shell SCF 
 -------------------------------------
 Max number of iterations:             128
 Conv. threshold (gradient):             1.00e-05
 Conv. threshold (energy):               1.00e-06
 Interpolation scheme:                   adiis+cdiis
 Initial guess:                          SAD

 ---------------------------------------------------------------
                  energy        change          grad        time
 ---------------------------------------------------------------
   0      -420.786296109                    1.30e+01        0.07
   1      -420.267401577      5.19e-01      1.44e+00        0.06
   2      -420.121714937      1.46e-01      1.90e+00        0.06
   3      -420.352578020     -2.31e-01      3.76e-01        0.06
   4      -420.346445506      6.13e-03      5.22e-01        0.07
   5      -420.359729256     -1.33e-02      6.03e-02        0.06
   6      -420.359543665      1.86e-04      8.47e-02        0.06
   7      -420.359919985     -3.76e-04      1.05e-03        0.06
   8      -420.359920063     -7.81e-08      1.77e-04        0.06
   9      -420.359920066     -2.80e-09      4.27e-05        0.06
  10      -420.359920066     -1.97e-10      6.51e-06        0.06

 SCF converged in 10 iterations.

 Dipole moment (in Debye):               0.453928      -0.000165       1.139207

 Quadrupole moment (in Debye-Angstrom):
                  1            2            3
 1       -25.804368     0.000013    -1.151783
 2         0.000013   -26.873410     0.000397
 3        -1.151783     0.000397   -28.123220

 Spin-squared expectation <S^2>:         0.000
 Total spin quantum number S:            0.000
 TOTAL ENERGY:                        -420.359920066

 --------------------------------------------------------------------------------

 End time:                               Tue Oct 26 23:47:09 2021
 Total wall-clock time:                  1.476 seconds
==================================================================================
