
================================================================================
          _____________ ________ _______________ ________     _________         
         / ___________// ______ \\_____   _____// ______ \   / ________)        
        / /_________  / /      \ \     | |     / /      \ \ | (_______          
       |  __________|| |        | |    | |    | |        | | \________ \        
        \ \_________ | |        | |    | |     \ \______/ /___________) |       
         \__________||_|        |_|    |_|      \________//____________/        
                                                                                
====================================[ Qcore ]===================================

 Git describe: 2.3.0-1-g21d9df7e5
 Compiler:     GNU 9.1.0
 Build type:   Release
 Version:      2.3.0-1-g21d9df7e5

 Start time:   Tue Oct 26 23:47:26 2021

 Data directory: /work/zw18965/.local/qcore/share/entos/qcore/data
 Number of threads: 24
 Number of threads was determined by: command line argument
  - More threads can be used by running 'qcore -n 32'

 --------------------------------------------------------------------------------
                                   command: dft                                  
 --------------------------------------------------------------------------------
 AO basis set:                           def2-tzvppd
 Number of AO basis functions:         176

 Formula:                                CH6N
 Nuclear charge:                        19.000000000
 Total charge:                           0.000000000
 Number of electrons:                   19.000000000

 Number of alpha electrons:             10
 Number of beta electrons:               9
 Number of unpaired electrons:           1
 Spin:                                   1
 Multiplicity:                           doublet

 Theory:                                 dft
 Exchange-correlation functional:        pbe0
 Method for Coulomb:                     incore_df
 Method for exact exchange:              pre_transformed_df
 Integral threshold:                     1.00e-12
 DF basis set:                           def2-universal-jkfit
 Number of DF basis functions:         260
 Schwarz screening threshold:            1.00e-10
 Coulomb fitting method:                 Cholesky
 Total number of grid points:        48940
 Method for AO orthogonalization:        symmetric
 Threshold for linear dependence:        1.00e-08
 D3BJ dispersion energy:                -0.002795121

 -------------------------------------
  Running unrestricted open-shell SCF 
 -------------------------------------
 Max number of iterations:             128
 Conv. threshold (gradient):             1.00e-05
 Conv. threshold (energy):               1.00e-06
 Interpolation scheme:                   adiis+cdiis
 Initial guess:                          SAD

 ---------------------------------------------------------------
                  energy        change          grad        time
 ---------------------------------------------------------------
   0       -96.393361803                    5.97e+00        0.07
   1       -96.225550617      1.68e-01      5.92e-01        0.06
   2       -96.186712880      3.88e-02      8.99e-01        0.06
   3       -96.282735214     -9.60e-02      1.10e-01        0.06
   4       -96.282927320     -1.92e-04      1.04e-01        0.06
   5       -96.284141874     -1.21e-03      1.68e-02        0.06
   6       -96.284160444     -1.86e-05      1.82e-02        0.06
   7       -96.284208060     -4.76e-05      1.80e-03        0.06
   8       -96.284208525     -4.65e-07      4.26e-04        0.06
   9       -96.284208550     -2.58e-08      8.95e-05        0.06
  10       -96.284208552     -1.40e-09      1.84e-05        0.06
  11       -96.284208552     -1.42e-10      5.12e-06        0.06

 SCF converged in 11 iterations.

 Dipole moment (in Debye):              -0.041191      -2.129558       1.015324

 Quadrupole moment (in Debye-Angstrom):
                  1            2            3
 1       -13.965673    -0.088155     0.089028
 2        -0.088155   -18.210306     3.828144
 3         0.089028     3.828144   -17.129266

 Spin-squared expectation <S^2>:         0.753
 Total spin quantum number S:            0.502
 TOTAL ENERGY:                         -96.284208552

 --------------------------------------------------------------------------------

 End time:                               Tue Oct 26 23:47:27 2021
 Total wall-clock time:                  1.387 seconds
==================================================================================
