
================================================================================
          _____________ ________ _______________ ________     _________         
         / ___________// ______ \\_____   _____// ______ \   / ________)        
        / /_________  / /      \ \     | |     / /      \ \ | (_______          
       |  __________|| |        | |    | |    | |        | | \________ \        
        \ \_________ | |        | |    | |     \ \______/ /___________) |       
         \__________||_|        |_|    |_|      \________//____________/        
                                                                                
====================================[ Qcore ]===================================

 Git describe: 2.3.0-1-g21d9df7e5
 Compiler:     GNU 9.1.0
 Build type:   Release
 Version:      2.3.0-1-g21d9df7e5

 Start time:   Tue Oct 26 23:47:37 2021

 Data directory: /work/zw18965/.local/qcore/share/entos/qcore/data
 Number of threads: 24
 Number of threads was determined by: command line argument
  - More threads can be used by running 'qcore -n 32'

 --------------------------------------------------------------------------------
                                   command: dft                                  
 --------------------------------------------------------------------------------
 AO basis set:                           def2-tzvppd
 Number of AO basis functions:         199

 Formula:                                CH5BO
 Nuclear charge:                        24.000000000
 Total charge:                           0.000000000
 Number of electrons:                   24.000000000

 Number of alpha electrons:             12
 Number of beta electrons:              12
 Number of unpaired electrons:           0
 Spin:                                   0
 Multiplicity:                           singlet

 Theory:                                 dft
 Exchange-correlation functional:        pbe0
 Method for Coulomb:                     incore_df
 Method for exact exchange:              pre_transformed_df
 Integral threshold:                     1.00e-12
 DF basis set:                           def2-universal-jkfit
 Number of DF basis functions:         317
 Schwarz screening threshold:            1.00e-10
 Coulomb fitting method:                 Cholesky
 Total number of grid points:        49994
 Method for AO orthogonalization:        symmetric
 Threshold for linear dependence:        1.00e-08
 D3BJ dispersion energy:                -0.002549392

 -------------------------------------
  Running restricted closed-shell SCF 
 -------------------------------------
 Max number of iterations:             128
 Conv. threshold (gradient):             1.00e-05
 Conv. threshold (energy):               1.00e-06
 Interpolation scheme:                   adiis+cdiis
 Initial guess:                          SAD

 ---------------------------------------------------------------
                  energy        change          grad        time
 ---------------------------------------------------------------
   0      -141.190148006                    1.32e+01        0.06
   1      -140.959173122      2.31e-01      1.60e+00        0.05
   2      -140.840530204      1.19e-01      3.18e+00        0.04
   3      -141.018341083     -1.78e-01      3.91e-01        0.04
   4      -141.016712925      1.63e-03      4.28e-01        0.04
   5      -141.023419898     -6.71e-03      8.88e-02        0.04
   6      -141.022985957      4.34e-04      1.96e-01        0.05
   7      -141.023623110     -6.37e-04      3.35e-03        0.04
   8      -141.023623488     -3.78e-07      2.53e-04        0.04
   9      -141.023623490     -2.66e-09      8.24e-05        0.05
  10      -141.023623490     -1.71e-10      1.20e-05        0.05
  11      -141.023623490     -3.95e-12      1.92e-06        0.05

 SCF converged in 11 iterations.

 Dipole moment (in Debye):              -0.463536      -0.949517       0.954095

 Quadrupole moment (in Debye-Angstrom):
                  1            2            3
 1       -19.627879    -1.055828     0.921312
 2        -1.055828   -20.302899     1.478685
 3         0.921312     1.478685   -19.584597

 Spin-squared expectation <S^2>:         0.000
 Total spin quantum number S:            0.000
 TOTAL ENERGY:                        -141.023623490

 --------------------------------------------------------------------------------

 End time:                               Tue Oct 26 23:47:38 2021
 Total wall-clock time:                  1.366 seconds
==================================================================================
