
================================================================================
          _____________ ________ _______________ ________     _________         
         / ___________// ______ \\_____   _____// ______ \   / ________)        
        / /_________  / /      \ \     | |     / /      \ \ | (_______          
       |  __________|| |        | |    | |    | |        | | \________ \        
        \ \_________ | |        | |    | |     \ \______/ /___________) |       
         \__________||_|        |_|    |_|      \________//____________/        
                                                                                
====================================[ Qcore ]===================================

 Git describe: 2.3.0-1-g21d9df7e5
 Compiler:     GNU 9.1.0
 Build type:   Release
 Version:      2.3.0-1-g21d9df7e5

 Start time:   Tue Oct 26 23:47:42 2021

 Data directory: /work/zw18965/.local/qcore/share/entos/qcore/data
 Number of threads: 24
 Number of threads was determined by: command line argument
  - More threads can be used by running 'qcore -n 32'

 --------------------------------------------------------------------------------
                                   command: dft                                  
 --------------------------------------------------------------------------------
 AO basis set:                           def2-tzvppd
 Number of AO basis functions:         174

 Formula:                                H6NNa
 Nuclear charge:                        24.000000000
 Total charge:                           0.000000000
 Number of electrons:                   24.000000000

 Number of alpha electrons:             12
 Number of beta electrons:              12
 Number of unpaired electrons:           0
 Spin:                                   0
 Multiplicity:                           singlet

 Theory:                                 dft
 Exchange-correlation functional:        pbe0
 Method for Coulomb:                     incore_df
 Method for exact exchange:              pre_transformed_df
 Integral threshold:                     1.00e-12
 DF basis set:                           def2-universal-jkfit
 Number of DF basis functions:         297
 Schwarz screening threshold:            1.00e-10
 Coulomb fitting method:                 Cholesky
 Total number of grid points:        49226
 Method for AO orthogonalization:        symmetric
 Threshold for linear dependence:        1.00e-08
 D3BJ dispersion energy:                -0.002667655

 -------------------------------------
  Running restricted closed-shell SCF 
 -------------------------------------
 Max number of iterations:             128
 Conv. threshold (gradient):             1.00e-05
 Conv. threshold (energy):               1.00e-06
 Interpolation scheme:                   adiis+cdiis
 Initial guess:                          SAD

 ---------------------------------------------------------------
                  energy        change          grad        time
 ---------------------------------------------------------------
   0      -219.975566147                    7.27e+00        0.04
   1      -220.260724047     -2.85e-01      2.32e+00        0.04
   2      -218.703091469      1.56e+00      6.25e+00        0.03
   3      -220.331525906     -1.63e+00      1.92e+00        0.03
   4      -220.427794234     -9.63e-02      4.02e-01        0.03
   5      -220.416493035      1.13e-02      7.59e-01        0.03
   6      -220.431633978     -1.51e-02      1.70e-01        0.03
   7      -220.431977381     -3.43e-04      1.25e-01        0.03
   8      -220.432390814     -4.13e-04      2.14e-02        0.04
   9      -220.432354514      3.63e-05      4.10e-02        0.04
  10      -220.432403266     -4.88e-05      1.37e-04        0.04
  11      -220.432403267     -8.63e-10      2.42e-05        0.03
  12      -220.432403267     -3.51e-11      8.05e-06        0.03

 SCF converged in 12 iterations.

 Dipole moment (in Debye):               0.211157       2.043135      -5.861684

 Quadrupole moment (in Debye-Angstrom):
                  1            2            3
 1       -16.185388     0.550490     0.464414
 2         0.550490   -19.823676    -1.502923
 3         0.464414    -1.502923   -16.010924

 Spin-squared expectation <S^2>:         0.000
 Total spin quantum number S:            0.000
 TOTAL ENERGY:                        -220.432403267

 --------------------------------------------------------------------------------

 End time:                               Tue Oct 26 23:47:43 2021
 Total wall-clock time:                  1.143 seconds
==================================================================================
