
================================================================================
          _____________ ________ _______________ ________     _________         
         / ___________// ______ \\_____   _____// ______ \   / ________)        
        / /_________  / /      \ \     | |     / /      \ \ | (_______          
       |  __________|| |        | |    | |    | |        | | \________ \        
        \ \_________ | |        | |    | |     \ \______/ /___________) |       
         \__________||_|        |_|    |_|      \________//____________/        
                                                                                
====================================[ Qcore ]===================================

 Git describe: 2.3.0-1-g21d9df7e5
 Compiler:     GNU 9.1.0
 Build type:   Release
 Version:      2.3.0-1-g21d9df7e5

 Start time:   Tue Oct 26 23:48:30 2021

 Data directory: /work/zw18965/.local/qcore/share/entos/qcore/data
 Number of threads: 24
 Number of threads was determined by: command line argument
  - More threads can be used by running 'qcore -n 32'

 --------------------------------------------------------------------------------
                                   command: dft                                  
 --------------------------------------------------------------------------------
 AO basis set:                           def2-tzvppd
 Number of AO basis functions:          99

 Formula:                                H3Al
 Nuclear charge:                        16.000000000
 Total charge:                           0.000000000
 Number of electrons:                   16.000000000

 Number of alpha electrons:              8
 Number of beta electrons:               8
 Number of unpaired electrons:           0
 Spin:                                   0
 Multiplicity:                           singlet

 Theory:                                 dft
 Exchange-correlation functional:        pbe0
 Method for Coulomb:                     incore_df
 Method for exact exchange:              pre_transformed_df
 Integral threshold:                     1.00e-12
 DF basis set:                           def2-universal-jkfit
 Number of DF basis functions:         182
 Schwarz screening threshold:            1.00e-10
 Coulomb fitting method:                 Cholesky
 Total number of grid points:        25020
 Method for AO orthogonalization:        symmetric
 Threshold for linear dependence:        1.00e-08
 D3BJ dispersion energy:                -0.000928227

 -------------------------------------
  Running restricted closed-shell SCF 
 -------------------------------------
 Max number of iterations:             128
 Conv. threshold (gradient):             1.00e-05
 Conv. threshold (energy):               1.00e-06
 Interpolation scheme:                   adiis+cdiis
 Initial guess:                          SAD

 ---------------------------------------------------------------
                  energy        change          grad        time
 ---------------------------------------------------------------
   0      -243.891018642                    3.68e+00        0.02
   1      -244.071900561     -1.81e-01      3.60e-01        0.02
   2      -244.079487893     -7.59e-03      8.07e-02        0.01
   3      -244.079977093     -4.89e-04      3.40e-02        0.01
   4      -244.080074589     -9.75e-05      2.22e-03        0.01
   5      -244.080074960     -3.71e-07      3.20e-04        0.01
   6      -244.080074973     -1.33e-08      1.54e-05        0.01
   7      -244.080074973     -3.29e-11      4.60e-07        0.01

 SCF converged in 7 iterations.

 Dipole moment (in Debye):               0.000036       0.000000       0.000000

 Quadrupole moment (in Debye-Angstrom):
                  1            2            3
 1       -18.327382    -0.000000     0.000000
 2        -0.000000   -18.327406    -0.000000
 3         0.000000    -0.000000   -11.869564

 Spin-squared expectation <S^2>:         0.000
 Total spin quantum number S:            0.000
 TOTAL ENERGY:                        -244.080074973

 --------------------------------------------------------------------------------

 End time:                               Tue Oct 26 23:48:31 2021
 Total wall-clock time:                  0.545 seconds
==================================================================================
