
================================================================================
          _____________ ________ _______________ ________     _________         
         / ___________// ______ \\_____   _____// ______ \   / ________)        
        / /_________  / /      \ \     | |     / /      \ \ | (_______          
       |  __________|| |        | |    | |    | |        | | \________ \        
        \ \_________ | |        | |    | |     \ \______/ /___________) |       
         \__________||_|        |_|    |_|      \________//____________/        
                                                                                
====================================[ Qcore ]===================================

 Git describe: 2.3.0-1-g21d9df7e5
 Compiler:     GNU 9.1.0
 Build type:   Release
 Version:      2.3.0-1-g21d9df7e5

 Start time:   Tue Oct 26 23:48:53 2021

 Data directory: /work/zw18965/.local/qcore/share/entos/qcore/data
 Number of threads: 24
 Number of threads was determined by: command line argument
  - More threads can be used by running 'qcore -n 32'

 --------------------------------------------------------------------------------
                                   command: dft                                  
 --------------------------------------------------------------------------------
 AO basis set:                           def2-tzvppd
 Number of AO basis functions:         210

 Formula:                                CH5OAl
 Nuclear charge:                        32.000000000
 Total charge:                           0.000000000
 Number of electrons:                   32.000000000

 Number of alpha electrons:             16
 Number of beta electrons:              16
 Number of unpaired electrons:           0
 Spin:                                   0
 Multiplicity:                           singlet

 Theory:                                 dft
 Exchange-correlation functional:        pbe
 Method for Coulomb:                     incore_df
 Integral threshold:                     1.00e-12
 DF basis set:                           def2-universal-jkfit
 Number of DF basis functions:         370
 Schwarz screening threshold:            1.00e-10
 Coulomb fitting method:                 Cholesky
 Total number of grid points:        50544
 Method for AO orthogonalization:        symmetric
 Threshold for linear dependence:        1.00e-08
 D3BJ dispersion energy:                -0.004201686

 -------------------------------------
  Running restricted closed-shell SCF 
 -------------------------------------
 Max number of iterations:             128
 Conv. threshold (gradient):             1.00e-05
 Conv. threshold (energy):               1.00e-06
 Interpolation scheme:                   adiis+cdiis
 Initial guess:                          SAD

 ---------------------------------------------------------------
                  energy        change          grad        time
 ---------------------------------------------------------------
   0      -358.491299646                    1.00e+01        0.05
   1      -358.373718305      1.18e-01      2.03e+00        0.04
   2      -355.005883299      3.37e+00      8.52e+00        0.04
   3      -358.239791794     -3.23e+00      3.09e+00        0.04
   4      -358.543330283     -3.04e-01      2.54e-01        0.05
   5      -358.542454208      8.76e-04      3.03e-01        0.04
   6      -358.545386051     -2.93e-03      3.74e-02        0.04
   7      -358.545071993      3.14e-04      1.08e-01        0.04
   8      -358.545479264     -4.07e-04      2.18e-03        0.04
   9      -358.545479422     -1.58e-07      4.72e-04        0.04
  10      -358.545479430     -7.45e-09      3.55e-05        0.04
  11      -358.545479430     -6.81e-11      9.13e-06        0.04

 SCF converged in 11 iterations.

 Dipole moment (in Debye):              -0.788427       0.011776       0.191416

 Quadrupole moment (in Debye-Angstrom):
                  1            2            3
 1       -27.642863    -0.006643    -0.028716
 2        -0.006643   -26.652602    -0.000950
 3        -0.028716    -0.000950   -26.313275

 Spin-squared expectation <S^2>:         0.000
 Total spin quantum number S:            0.000
 TOTAL ENERGY:                        -358.545479430

 --------------------------------------------------------------------------------

 End time:                               Tue Oct 26 23:48:54 2021
 Total wall-clock time:                  1.385 seconds
==================================================================================
