
================================================================================
          _____________ ________ _______________ ________     _________         
         / ___________// ______ \\_____   _____// ______ \   / ________)        
        / /_________  / /      \ \     | |     / /      \ \ | (_______          
       |  __________|| |        | |    | |    | |        | | \________ \        
        \ \_________ | |        | |    | |     \ \______/ /___________) |       
         \__________||_|        |_|    |_|      \________//____________/        
                                                                                
====================================[ Qcore ]===================================

 Git describe: 2.3.0-1-g21d9df7e5
 Compiler:     GNU 9.1.0
 Build type:   Release
 Version:      2.3.0-1-g21d9df7e5

 Start time:   Tue Oct 26 23:48:58 2021

 Data directory: /work/zw18965/.local/qcore/share/entos/qcore/data
 Number of threads: 24
 Number of threads was determined by: command line argument
  - More threads can be used by running 'qcore -n 32'

 --------------------------------------------------------------------------------
                                   command: dft                                  
 --------------------------------------------------------------------------------
 AO basis set:                           def2-tzvppd
 Number of AO basis functions:         201

 Formula:                                H6AlCl
 Nuclear charge:                        36.000000000
 Total charge:                           0.000000000
 Number of electrons:                   36.000000000

 Number of alpha electrons:             18
 Number of beta electrons:              18
 Number of unpaired electrons:           0
 Spin:                                   0
 Multiplicity:                           singlet

 Theory:                                 dft
 Exchange-correlation functional:        pbe
 Method for Coulomb:                     incore_df
 Integral threshold:                     1.00e-12
 DF basis set:                           def2-universal-jkfit
 Number of DF basis functions:         364
 Schwarz screening threshold:            1.00e-10
 Coulomb fitting method:                 Cholesky
 Total number of grid points:        50184
 Method for AO orthogonalization:        symmetric
 Threshold for linear dependence:        1.00e-08
 D3BJ dispersion energy:                -0.003974847

 -------------------------------------
  Running restricted closed-shell SCF 
 -------------------------------------
 Max number of iterations:             128
 Conv. threshold (gradient):             1.00e-05
 Conv. threshold (energy):               1.00e-06
 Interpolation scheme:                   adiis+cdiis
 Initial guess:                          SAD

 ---------------------------------------------------------------
                  energy        change          grad        time
 ---------------------------------------------------------------
   0      -705.606115247                    6.66e+00        0.04
   1      -705.832585811     -2.26e-01      6.98e-01        0.04
   2      -705.854405370     -2.18e-02      3.34e-01        0.04
   3      -705.859313833     -4.91e-03      1.86e-01        0.04
   4      -705.861188582     -1.87e-03      1.09e-01        0.04
   5      -705.861648539     -4.60e-04      8.19e-02        0.04
   6      -705.862013820     -3.65e-04      2.62e-02        0.04
   7      -705.862060024     -4.62e-05      3.58e-04        0.04
   8      -705.862060032     -8.20e-09      1.35e-04        0.04
   9      -705.862060034     -2.01e-09      2.42e-05        0.04
  10      -705.862060034     -4.55e-11      9.48e-06        0.04

 SCF converged in 10 iterations.

 Dipole moment (in Debye):               0.018834      -2.173054       1.047651

 Quadrupole moment (in Debye-Angstrom):
                  1            2            3
 1       -34.480193     0.351323     0.150410
 2         0.351323   -29.015114    -1.881364
 3         0.150410    -1.881364   -30.416409

 Spin-squared expectation <S^2>:         0.000
 Total spin quantum number S:            0.000
 TOTAL ENERGY:                        -705.862060034

 --------------------------------------------------------------------------------

 End time:                               Tue Oct 26 23:48:59 2021
 Total wall-clock time:                  1.172 seconds
==================================================================================
