
================================================================================
          _____________ ________ _______________ ________     _________         
         / ___________// ______ \\_____   _____// ______ \   / ________)        
        / /_________  / /      \ \     | |     / /      \ \ | (_______          
       |  __________|| |        | |    | |    | |        | | \________ \        
        \ \_________ | |        | |    | |     \ \______/ /___________) |       
         \__________||_|        |_|    |_|      \________//____________/        
                                                                                
====================================[ Qcore ]===================================

 Git describe: 2.3.0-1-g21d9df7e5
 Compiler:     GNU 9.1.0
 Build type:   Release
 Version:      2.3.0-1-g21d9df7e5

 Start time:   Tue Oct 26 23:49:08 2021

 Data directory: /work/zw18965/.local/qcore/share/entos/qcore/data
 Number of threads: 24
 Number of threads was determined by: command line argument
  - More threads can be used by running 'qcore -n 32'

 --------------------------------------------------------------------------------
                                   command: dft                                  
 --------------------------------------------------------------------------------
 AO basis set:                           def2-tzvppd
 Number of AO basis functions:         161

 Formula:                                H6LiB
 Nuclear charge:                        14.000000000
 Total charge:                           0.000000000
 Number of electrons:                   14.000000000

 Number of alpha electrons:              7
 Number of beta electrons:               7
 Number of unpaired electrons:           0
 Spin:                                   0
 Multiplicity:                           singlet

 Theory:                                 dft
 Exchange-correlation functional:        pbe
 Method for Coulomb:                     incore_df
 Integral threshold:                     1.00e-12
 DF basis set:                           def2-universal-jkfit
 Number of DF basis functions:         234
 Schwarz screening threshold:            1.00e-10
 Coulomb fitting method:                 Cholesky
 Total number of grid points:        48712
 Method for AO orthogonalization:        symmetric
 Threshold for linear dependence:        1.00e-08
 D3BJ dispersion energy:                -0.003140468

 -------------------------------------
  Running restricted closed-shell SCF 
 -------------------------------------
 Max number of iterations:             128
 Conv. threshold (gradient):             1.00e-05
 Conv. threshold (energy):               1.00e-06
 Interpolation scheme:                   adiis+cdiis
 Initial guess:                          SAD

 ---------------------------------------------------------------
                  energy        change          grad        time
 ---------------------------------------------------------------
   0       -35.563755343                    6.97e+00        0.04
   1       -35.742935361     -1.79e-01      1.60e+00        0.04
   2       -35.569436694      1.73e-01      2.07e+00        0.03
   3       -35.871572991     -3.02e-01      4.04e-01        0.03
   4       -35.864422734      7.15e-03      5.76e-01        0.03
   5       -35.878693828     -1.43e-02      7.65e-02        0.03
   6       -35.878439194      2.55e-04      1.06e-01        0.03
   7       -35.878963095     -5.24e-04      5.13e-04        0.03
   8       -35.878963120     -2.47e-08      6.51e-05        0.03
   9       -35.878963120     -4.25e-10      1.76e-05        0.03
  10       -35.878963120     -1.93e-11      3.55e-06        0.03

 SCF converged in 10 iterations.

 Dipole moment (in Debye):              -0.607985       7.243048      -0.002600

 Quadrupole moment (in Debye-Angstrom):
                  1            2            3
 1       -15.677179    -0.751442     0.131188
 2        -0.751442   -10.459769    -0.005473
 3         0.131188    -0.005473   -16.292157

 Spin-squared expectation <S^2>:         0.000
 Total spin quantum number S:            0.000
 TOTAL ENERGY:                         -35.878963120

 --------------------------------------------------------------------------------

 End time:                               Tue Oct 26 23:49:09 2021
 Total wall-clock time:                  0.922 seconds
==================================================================================
