
================================================================================
          _____________ ________ _______________ ________     _________         
         / ___________// ______ \\_____   _____// ______ \   / ________)        
        / /_________  / /      \ \     | |     / /      \ \ | (_______          
       |  __________|| |        | |    | |    | |        | | \________ \        
        \ \_________ | |        | |    | |     \ \______/ /___________) |       
         \__________||_|        |_|    |_|      \________//____________/        
                                                                                
====================================[ Qcore ]===================================

 Git describe: 2.3.0-1-g21d9df7e5
 Compiler:     GNU 9.1.0
 Build type:   Release
 Version:      2.3.0-1-g21d9df7e5

 Start time:   Tue Oct 26 23:49:31 2021

 Data directory: /work/zw18965/.local/qcore/share/entos/qcore/data
 Number of threads: 24
 Number of threads was determined by: command line argument
  - More threads can be used by running 'qcore -n 32'

 --------------------------------------------------------------------------------
                                   command: dft                                  
 --------------------------------------------------------------------------------
 AO basis set:                           def2-tzvppd
 Number of AO basis functions:         216

 Formula:                                C3H4N
 Nuclear charge:                        29.000000000
 Total charge:                           0.000000000
 Number of electrons:                   29.000000000

 Number of alpha electrons:             15
 Number of beta electrons:              14
 Number of unpaired electrons:           1
 Spin:                                   1
 Multiplicity:                           doublet

 Theory:                                 dft
 Exchange-correlation functional:        pbe
 Method for Coulomb:                     incore_df
 Integral threshold:                     1.00e-12
 DF basis set:                           def2-universal-jkfit
 Number of DF basis functions:         374
 Schwarz screening threshold:            1.00e-10
 Coulomb fitting method:                 Cholesky
 Total number of grid points:        50760
 Method for AO orthogonalization:        symmetric
 Threshold for linear dependence:        1.00e-08
 D3BJ dispersion energy:                -0.004685769

 -------------------------------------
  Running unrestricted open-shell SCF 
 -------------------------------------
 Max number of iterations:             128
 Conv. threshold (gradient):             1.00e-05
 Conv. threshold (energy):               1.00e-06
 Interpolation scheme:                   adiis+cdiis
 Initial guess:                          SAD

 ---------------------------------------------------------------
                  energy        change          grad        time
 ---------------------------------------------------------------
   0      -171.782541688                    7.00e+00        0.07
   1      -171.073131623      7.09e-01      7.51e-01        0.07
   2      -170.913703001      1.59e-01      1.21e+00        0.07
   3      -171.165933227     -2.52e-01      3.20e-01        0.07
   4      -171.032226259      1.34e-01      1.24e+00        0.08
   5      -171.174543860     -1.42e-01      2.49e-01        0.07
   6      -171.185546662     -1.10e-02      5.78e-02        0.08
   7      -171.184068027      1.48e-03      1.20e-01        0.07
   8      -171.185936859     -1.87e-03      4.99e-03        0.08
   9      -171.185939887     -3.03e-06      1.38e-03        0.07
  10      -171.185940338     -4.51e-07      5.73e-04        0.08
  11      -171.185940376     -3.81e-08      2.40e-04        0.07
  12      -171.185940382     -5.80e-09      5.85e-05        0.07
  13      -171.185940382     -4.63e-10      1.79e-05        0.08
  14      -171.185940382     -5.48e-11      8.36e-06        0.08

 SCF converged in 14 iterations.

 Dipole moment (in Debye):              -2.127542      -0.578176      -0.914232

 Quadrupole moment (in Debye-Angstrom):
                  1            2            3
 1       -24.831011     0.798306    -4.076269
 2         0.798306   -24.969929    -0.171712
 3        -4.076269    -0.171712   -22.509362

 Spin-squared expectation <S^2>:         0.763
 Total spin quantum number S:            0.506
 TOTAL ENERGY:                        -171.185940382

 --------------------------------------------------------------------------------

 End time:                               Tue Oct 26 23:49:33 2021
 Total wall-clock time:                  1.963 seconds
==================================================================================
