
================================================================================
          _____________ ________ _______________ ________     _________         
         / ___________// ______ \\_____   _____// ______ \   / ________)        
        / /_________  / /      \ \     | |     / /      \ \ | (_______          
       |  __________|| |        | |    | |    | |        | | \________ \        
        \ \_________ | |        | |    | |     \ \______/ /___________) |       
         \__________||_|        |_|    |_|      \________//____________/        
                                                                                
====================================[ Qcore ]===================================

 Git describe: 2.3.0-1-g21d9df7e5
 Compiler:     GNU 9.1.0
 Build type:   Release
 Version:      2.3.0-1-g21d9df7e5

 Start time:   Tue Oct 26 23:49:42 2021

 Data directory: /work/zw18965/.local/qcore/share/entos/qcore/data
 Number of threads: 24
 Number of threads was determined by: command line argument
  - More threads can be used by running 'qcore -n 32'

 --------------------------------------------------------------------------------
                                   command: dft                                  
 --------------------------------------------------------------------------------
 AO basis set:                           def2-tzvppd
 Number of AO basis functions:         229

 Formula:                                CH4LiSCl
 Nuclear charge:                        46.000000000
 Total charge:                           0.000000000
 Number of electrons:                   46.000000000

 Number of alpha electrons:             23
 Number of beta electrons:              23
 Number of unpaired electrons:           0
 Spin:                                   0
 Multiplicity:                           singlet

 Theory:                                 dft
 Exchange-correlation functional:        pbe
 Method for Coulomb:                     incore_df
 Integral threshold:                     1.00e-12
 DF basis set:                           def2-universal-jkfit
 Number of DF basis functions:         454
 Schwarz screening threshold:            1.00e-10
 Coulomb fitting method:                 Cholesky
 Total number of grid points:        51776
 Method for AO orthogonalization:        symmetric
 Threshold for linear dependence:        1.00e-08
 D3BJ dispersion energy:                -0.006582752

 -------------------------------------
  Running restricted closed-shell SCF 
 -------------------------------------
 Max number of iterations:             128
 Conv. threshold (gradient):             1.00e-05
 Conv. threshold (energy):               1.00e-06
 Interpolation scheme:                   adiis+cdiis
 Initial guess:                          SAD

 ---------------------------------------------------------------
                  energy        change          grad        time
 ---------------------------------------------------------------
   0      -906.031376033                    1.10e+01        0.05
   1      -905.851466011      1.80e-01      1.75e+00        0.05
   2      -905.000474920      8.51e-01      3.89e+00        0.05
   3      -905.922998247     -9.23e-01      1.34e+00        0.05
   4      -906.010280270     -8.73e-02      3.81e-01        0.05
   5      -905.996728159      1.36e-02      5.99e-01        0.04
   6      -906.017394217     -2.07e-02      1.44e-01        0.05
   7      -906.017506949     -1.13e-04      1.29e-01        0.05
   8      -906.018490835     -9.84e-04      2.23e-02        0.05
   9      -906.018421182      6.97e-05      3.68e-02        0.05
  10      -906.018524932     -1.04e-04      1.28e-04        0.06
  11      -906.018524934     -1.78e-09      5.24e-05        0.05
  12      -906.018524934     -3.36e-10      1.05e-05        0.05
  13      -906.018524934     -6.71e-12      1.69e-06        0.05

 SCF converged in 13 iterations.

 Dipole moment (in Debye):              -3.755437       2.340232      -0.002547

 Quadrupole moment (in Debye-Angstrom):
                  1            2            3
 1       -30.512387     5.681786     0.005169
 2         5.681786   -41.210140    -0.002808
 3         0.005169    -0.002808   -38.612923

 Spin-squared expectation <S^2>:         0.000
 Total spin quantum number S:            0.000
 TOTAL ENERGY:                        -906.018524934

 --------------------------------------------------------------------------------

 End time:                               Tue Oct 26 23:49:44 2021
 Total wall-clock time:                  1.708 seconds
==================================================================================
