
================================================================================
          _____________ ________ _______________ ________     _________         
         / ___________// ______ \\_____   _____// ______ \   / ________)        
        / /_________  / /      \ \     | |     / /      \ \ | (_______          
       |  __________|| |        | |    | |    | |        | | \________ \        
        \ \_________ | |        | |    | |     \ \______/ /___________) |       
         \__________||_|        |_|    |_|      \________//____________/        
                                                                                
====================================[ Qcore ]===================================

 Git describe: 2.3.0-1-g21d9df7e5
 Compiler:     GNU 9.1.0
 Build type:   Release
 Version:      2.3.0-1-g21d9df7e5

 Start time:   Tue Oct 26 23:50:08 2021

 Data directory: /work/zw18965/.local/qcore/share/entos/qcore/data
 Number of threads: 24
 Number of threads was determined by: command line argument
  - More threads can be used by running 'qcore -n 32'

 --------------------------------------------------------------------------------
                                   command: dft                                  
 --------------------------------------------------------------------------------
 AO basis set:                           def2-tzvppd
 Number of AO basis functions:          39

 Formula:                                HLi
 Nuclear charge:                         4.000000000
 Total charge:                           0.000000000
 Number of electrons:                    4.000000000

 Number of alpha electrons:              2
 Number of beta electrons:               2
 Number of unpaired electrons:           0
 Spin:                                   0
 Multiplicity:                           singlet

 Theory:                                 dft
 Exchange-correlation functional:        pbe
 Method for Coulomb:                     incore_df
 Integral threshold:                     1.00e-12
 DF basis set:                           def2-universal-jkfit
 Number of DF basis functions:          69
 Schwarz screening threshold:            1.00e-10
 Coulomb fitting method:                 Cholesky
 Total number of grid points:        12462
 Method for AO orthogonalization:        symmetric
 Threshold for linear dependence:        1.00e-08
 D3BJ dispersion energy:                -0.000229221

 -------------------------------------
  Running restricted closed-shell SCF 
 -------------------------------------
 Max number of iterations:             128
 Conv. threshold (gradient):             1.00e-05
 Conv. threshold (energy):               1.00e-06
 Interpolation scheme:                   adiis+cdiis
 Initial guess:                          SAD

 ---------------------------------------------------------------
                  energy        change          grad        time
 ---------------------------------------------------------------
   0        -7.944774238                    4.03e-01        0.01
   1        -8.009261683     -6.45e-02      6.16e-01        0.01
   2        -7.949795942      5.95e-02      5.10e-01        0.00
   3        -8.045041480     -9.52e-02      1.24e-01        0.00
   4        -8.044944174      9.73e-05      1.12e-01        0.00
   5        -8.046456039     -1.51e-03      1.41e-03        0.00
   6        -8.046456209     -1.70e-07      1.87e-03        0.00
   7        -8.046456652     -4.44e-07      8.11e-05        0.00
   8        -8.046456653     -8.84e-10      2.66e-06        0.00

 SCF converged in 8 iterations.

 Dipole moment (in Debye):               0.000000       0.000000       5.611531

 Quadrupole moment (in Debye-Angstrom):
                  1            2            3
 1        -5.724686     0.000000    -0.000000
 2         0.000000    -5.724686    -0.000000
 3        -0.000000    -0.000000    -7.062706

 Spin-squared expectation <S^2>:         0.000
 Total spin quantum number S:            0.000
 TOTAL ENERGY:                          -8.046456653

 --------------------------------------------------------------------------------

 End time:                               Tue Oct 26 23:50:08 2021
 Total wall-clock time:                  0.295 seconds
==================================================================================
