
================================================================================
          _____________ ________ _______________ ________     _________         
         / ___________// ______ \\_____   _____// ______ \   / ________)        
        / /_________  / /      \ \     | |     / /      \ \ | (_______          
       |  __________|| |        | |    | |    | |        | | \________ \        
        \ \_________ | |        | |    | |     \ \______/ /___________) |       
         \__________||_|        |_|    |_|      \________//____________/        
                                                                                
====================================[ Qcore ]===================================

 Git describe: 2.3.0-1-g21d9df7e5
 Compiler:     GNU 9.1.0
 Build type:   Release
 Version:      2.3.0-1-g21d9df7e5

 Start time:   Tue Oct 26 23:50:12 2021

 Data directory: /work/zw18965/.local/qcore/share/entos/qcore/data
 Number of threads: 24
 Number of threads was determined by: command line argument
  - More threads can be used by running 'qcore -n 32'

 --------------------------------------------------------------------------------
                                   command: dft                                  
 --------------------------------------------------------------------------------
 AO basis set:                           def2-tzvppd
 Number of AO basis functions:          56

 Formula:                                H2Be
 Nuclear charge:                         6.000000000
 Total charge:                           0.000000000
 Number of electrons:                    6.000000000

 Number of alpha electrons:              3
 Number of beta electrons:               3
 Number of unpaired electrons:           0
 Spin:                                   0
 Multiplicity:                           singlet

 Theory:                                 dft
 Exchange-correlation functional:        pbe
 Method for Coulomb:                     incore_df
 Integral threshold:                     1.00e-12
 DF basis set:                           def2-universal-jkfit
 Number of DF basis functions:          87
 Schwarz screening threshold:            1.00e-10
 Coulomb fitting method:                 Cholesky
 Total number of grid points:        18436
 Method for AO orthogonalization:        symmetric
 Threshold for linear dependence:        1.00e-08
 D3BJ dispersion energy:                -0.000550571

 -------------------------------------
  Running restricted closed-shell SCF 
 -------------------------------------
 Max number of iterations:             128
 Conv. threshold (gradient):             1.00e-05
 Conv. threshold (energy):               1.00e-06
 Interpolation scheme:                   adiis+cdiis
 Initial guess:                          SAD

 ---------------------------------------------------------------
                  energy        change          grad        time
 ---------------------------------------------------------------
   0       -15.720575384                    1.54e+00        0.01
   1       -15.845884088     -1.25e-01      4.13e-01        0.01
   2       -15.858858633     -1.30e-02      1.73e-01        0.01
   3       -15.861658664     -2.80e-03      8.78e-02        0.01
   4       -15.862263493     -6.05e-04      4.41e-02        0.01
   5       -15.862464685     -2.01e-04      1.24e-04        0.01
   6       -15.862464687     -1.58e-09      1.38e-05        0.01
   7       -15.862464687     -1.34e-11      1.09e-06        0.01

 SCF converged in 7 iterations.

 Dipole moment (in Debye):              -0.000000      -0.000000      -0.000000

 Quadrupole moment (in Debye-Angstrom):
                  1            2            3
 1        -6.830973    -0.000000     0.000000
 2        -0.000000    -6.830973     0.000000
 3         0.000000     0.000000   -11.875010

 Spin-squared expectation <S^2>:         0.000
 Total spin quantum number S:            0.000
 TOTAL ENERGY:                         -15.862464687

 --------------------------------------------------------------------------------

 End time:                               Tue Oct 26 23:50:12 2021
 Total wall-clock time:                  0.355 seconds
==================================================================================
