
================================================================================
          _____________ ________ _______________ ________     _________         
         / ___________// ______ \\_____   _____// ______ \   / ________)        
        / /_________  / /      \ \     | |     / /      \ \ | (_______          
       |  __________|| |        | |    | |    | |        | | \________ \        
        \ \_________ | |        | |    | |     \ \______/ /___________) |       
         \__________||_|        |_|    |_|      \________//____________/        
                                                                                
====================================[ Qcore ]===================================

 Git describe: 2.3.0-1-g21d9df7e5
 Compiler:     GNU 9.1.0
 Build type:   Release
 Version:      2.3.0-1-g21d9df7e5

 Start time:   Tue Oct 26 23:50:38 2021

 Data directory: /work/zw18965/.local/qcore/share/entos/qcore/data
 Number of threads: 24
 Number of threads was determined by: command line argument
  - More threads can be used by running 'qcore -n 32'

 --------------------------------------------------------------------------------
                                   command: dft                                  
 --------------------------------------------------------------------------------
 AO basis set:                           def2-tzvppd
 Number of AO basis functions:          52

 Formula:                                HNa
 Nuclear charge:                        12.000000000
 Total charge:                           0.000000000
 Number of electrons:                   12.000000000

 Number of alpha electrons:              6
 Number of beta electrons:               6
 Number of unpaired electrons:           0
 Spin:                                   0
 Multiplicity:                           singlet

 Theory:                                 dft
 Exchange-correlation functional:        pbe
 Method for Coulomb:                     incore_df
 Integral threshold:                     1.00e-12
 DF basis set:                           def2-universal-jkfit
 Number of DF basis functions:         130
 Schwarz screening threshold:            1.00e-10
 Coulomb fitting method:                 Cholesky
 Total number of grid points:        12976
 Method for AO orthogonalization:        symmetric
 Threshold for linear dependence:        1.00e-08
 D3BJ dispersion energy:                -0.000260898

 -------------------------------------
  Running restricted closed-shell SCF 
 -------------------------------------
 Max number of iterations:             128
 Conv. threshold (gradient):             1.00e-05
 Conv. threshold (energy):               1.00e-06
 Interpolation scheme:                   adiis+cdiis
 Initial guess:                          SAD

 ---------------------------------------------------------------
                  energy        change          grad        time
 ---------------------------------------------------------------
   0      -162.645005311                    7.55e-01        0.01
   1      -162.680170529     -3.52e-02      6.43e-01        0.01
   2      -162.400417542      2.80e-01      7.86e-01        0.01
   3      -162.710248291     -3.10e-01      3.08e-01        0.01
   4      -162.725300724     -1.51e-02      1.29e-01        0.01
   5      -162.726970904     -1.67e-03      8.63e-02        0.00
   6      -162.728343712     -1.37e-03      2.21e-02        0.01
   7      -162.728442759     -9.90e-05      3.31e-04        0.01
   8      -162.728442773     -1.43e-08      1.41e-04        0.00
   9      -162.728442778     -4.59e-09      2.78e-05        0.00
  10      -162.728442778     -1.72e-10      1.32e-06        0.00

 SCF converged in 10 iterations.

 Dipole moment (in Debye):               0.000000       0.000000       5.749063

 Quadrupole moment (in Debye-Angstrom):
                  1            2            3
 1        -9.071607    -0.000000    -0.000000
 2        -0.000000    -9.071607    -0.000000
 3        -0.000000    -0.000000   -15.236835

 Spin-squared expectation <S^2>:         0.000
 Total spin quantum number S:            0.000
 TOTAL ENERGY:                        -162.728442778

 --------------------------------------------------------------------------------

 End time:                               Tue Oct 26 23:50:38 2021
 Total wall-clock time:                  0.383 seconds
==================================================================================
