
================================================================================
          _____________ ________ _______________ ________     _________         
         / ___________// ______ \\_____   _____// ______ \   / ________)        
        / /_________  / /      \ \     | |     / /      \ \ | (_______          
       |  __________|| |        | |    | |    | |        | | \________ \        
        \ \_________ | |        | |    | |     \ \______/ /___________) |       
         \__________||_|        |_|    |_|      \________//____________/        
                                                                                
====================================[ Qcore ]===================================

 Git describe: 2.3.0-1-g21d9df7e5
 Compiler:     GNU 9.1.0
 Build type:   Release
 Version:      2.3.0-1-g21d9df7e5

 Start time:   Tue Oct 26 23:39:30 2021

 Data directory: /work/zw18965/.local/qcore/share/entos/qcore/data
 Number of threads: 24
 Number of threads was determined by: command line argument

 --------------------------------------------------------------------------------
                                   command: dft                                  
 --------------------------------------------------------------------------------
 AO basis set:                           def2-tzvppd
 Number of AO basis functions:         184

 Formula:                                CH5BeF
 Nuclear charge:                        24.000000000
 Total charge:                           0.000000000
 Number of electrons:                   24.000000000

 Number of alpha electrons:             12
 Number of beta electrons:              12
 Number of unpaired electrons:           0
 Spin:                                   0
 Multiplicity:                           singlet

 Theory:                                 dft
 Exchange-correlation functional:        blyp
 Method for Coulomb:                     incore_df
 Integral threshold:                     1.00e-12
 DF basis set:                           def2-universal-jkfit
 Number of DF basis functions:         293
 Schwarz screening threshold:            1.00e-10
 Coulomb fitting method:                 Cholesky
 Total number of grid points:        49718
 Method for AO orthogonalization:        symmetric
 Threshold for linear dependence:        1.00e-08
 D3BJ dispersion energy:                -0.007544468

 -------------------------------------
  Running restricted closed-shell SCF 
 -------------------------------------
 Max number of iterations:             128
 Conv. threshold (gradient):             1.00e-05
 Conv. threshold (energy):               1.00e-06
 Interpolation scheme:                   adiis+cdiis
 Initial guess:                          SAD

 ---------------------------------------------------------------
                  energy        change          grad        time
 ---------------------------------------------------------------
   0      -155.601777593                    1.05e+01        0.04
   1      -155.583505045      1.83e-02      1.44e+00        0.04
   2      -155.484346547      9.92e-02      1.92e+00        0.03
   3      -155.661435557     -1.77e-01      4.10e-01        0.04
   4      -155.655375601      6.06e-03      6.59e-01        0.04
   5      -155.665611130     -1.02e-02      7.41e-02        0.04
   6      -155.665394935      2.16e-04      1.23e-01        0.04
   7      -155.665920595     -5.26e-04      1.04e-03        0.04
   8      -155.665920627     -3.13e-08      1.98e-04        0.03
   9      -155.665920629     -2.88e-09      4.50e-05        0.04
  10      -155.665920630     -9.58e-11      4.79e-06        0.03

 SCF converged in 10 iterations.

 Dipole moment (in Debye):               0.167705       0.590796       0.235067

 Quadrupole moment (in Debye-Angstrom):
                  1            2            3
 1       -18.982831     0.308461     0.113003
 2         0.308461   -27.860819     1.398173
 3         0.113003     1.398173   -17.516755

 Spin-squared expectation <S^2>:         0.000
 Total spin quantum number S:            0.000
 TOTAL ENERGY:                        -155.665920630

 --------------------------------------------------------------------------------

 End time:                               Tue Oct 26 23:39:31 2021
 Total wall-clock time:                  0.969 seconds
==================================================================================
