
================================================================================
          _____________ ________ _______________ ________     _________         
         / ___________// ______ \\_____   _____// ______ \   / ________)        
        / /_________  / /      \ \     | |     / /      \ \ | (_______          
       |  __________|| |        | |    | |    | |        | | \________ \        
        \ \_________ | |        | |    | |     \ \______/ /___________) |       
         \__________||_|        |_|    |_|      \________//____________/        
                                                                                
====================================[ Qcore ]===================================

 Git describe: 2.3.0-1-g21d9df7e5
 Compiler:     GNU 9.1.0
 Build type:   Release
 Version:      2.3.0-1-g21d9df7e5

 Start time:   Tue Oct 26 23:39:52 2021

 Data directory: /work/zw18965/.local/qcore/share/entos/qcore/data
 Number of threads: 24
 Number of threads was determined by: command line argument

 --------------------------------------------------------------------------------
                                   command: dft                                  
 --------------------------------------------------------------------------------
 AO basis set:                           def2-tzvppd
 Number of AO basis functions:         216

 Formula:                                C3H4N
 Nuclear charge:                        29.000000000
 Total charge:                           0.000000000
 Number of electrons:                   29.000000000

 Number of alpha electrons:             15
 Number of beta electrons:              14
 Number of unpaired electrons:           1
 Spin:                                   1
 Multiplicity:                           doublet

 Theory:                                 dft
 Exchange-correlation functional:        blyp
 Method for Coulomb:                     incore_df
 Integral threshold:                     1.00e-12
 DF basis set:                           def2-universal-jkfit
 Number of DF basis functions:         374
 Schwarz screening threshold:            1.00e-10
 Coulomb fitting method:                 Cholesky
 Total number of grid points:        50760
 Method for AO orthogonalization:        symmetric
 Threshold for linear dependence:        1.00e-08
 D3BJ dispersion energy:                -0.009834542

 -------------------------------------
  Running unrestricted open-shell SCF 
 -------------------------------------
 Max number of iterations:             128
 Conv. threshold (gradient):             1.00e-05
 Conv. threshold (energy):               1.00e-06
 Interpolation scheme:                   adiis+cdiis
 Initial guess:                          SAD

 ---------------------------------------------------------------
                  energy        change          grad        time
 ---------------------------------------------------------------
   0      -171.917101969                    7.00e+00        0.07
   1      -171.221469979      6.96e-01      7.85e-01        0.08
   2      -171.004264306      2.17e-01      1.39e+00        0.08
   3      -171.317832005     -3.14e-01      3.57e-01        0.07
   4      -171.173103656      1.45e-01      1.34e+00        0.08
   5      -171.331878583     -1.59e-01      3.13e-01        0.09
   6      -171.340971992     -9.09e-03      1.92e-01        0.08
   7      -171.324205493      1.68e-02      5.35e-01        0.08
   8      -171.342969737     -1.88e-02      1.03e-01        0.09
   9      -171.343897448     -9.28e-04      6.70e-02        0.09
  10      -171.342960503      9.37e-04      1.41e-01        0.09
  11      -171.344594561     -1.63e-03      7.20e-04        0.09
  12      -171.344594644     -8.33e-08      2.92e-04        0.08
  13      -171.344594653     -8.70e-09      1.12e-04        0.08
  14      -171.344594654     -1.15e-09      2.29e-05        0.09
  15      -171.344594654     -9.89e-11      8.54e-06        0.08

 SCF converged in 15 iterations.

 Dipole moment (in Debye):              -2.163127      -0.558669      -0.914097

 Quadrupole moment (in Debye-Angstrom):
                  1            2            3
 1       -25.081314     0.802424    -4.091775
 2         0.802424   -25.135183    -0.166443
 3        -4.091775    -0.166443   -22.871478

 Spin-squared expectation <S^2>:         0.762
 Total spin quantum number S:            0.506
 TOTAL ENERGY:                        -171.344594654

 --------------------------------------------------------------------------------

 End time:                               Tue Oct 26 23:39:54 2021
 Total wall-clock time:                  1.967 seconds
==================================================================================
