
================================================================================
          _____________ ________ _______________ ________     _________         
         / ___________// ______ \\_____   _____// ______ \   / ________)        
        / /_________  / /      \ \     | |     / /      \ \ | (_______          
       |  __________|| |        | |    | |    | |        | | \________ \        
        \ \_________ | |        | |    | |     \ \______/ /___________) |       
         \__________||_|        |_|    |_|      \________//____________/        
                                                                                
====================================[ Qcore ]===================================

 Git describe: 2.3.0-1-g21d9df7e5
 Compiler:     GNU 9.1.0
 Build type:   Release
 Version:      2.3.0-1-g21d9df7e5

 Start time:   Tue Oct 26 23:40:02 2021

 Data directory: /work/zw18965/.local/qcore/share/entos/qcore/data
 Number of threads: 24
 Number of threads was determined by: command line argument

 --------------------------------------------------------------------------------
                                   command: dft                                  
 --------------------------------------------------------------------------------
 AO basis set:                           def2-tzvppd
 Number of AO basis functions:         229

 Formula:                                CH4LiSCl
 Nuclear charge:                        46.000000000
 Total charge:                           0.000000000
 Number of electrons:                   46.000000000

 Number of alpha electrons:             23
 Number of beta electrons:              23
 Number of unpaired electrons:           0
 Spin:                                   0
 Multiplicity:                           singlet

 Theory:                                 dft
 Exchange-correlation functional:        blyp
 Method for Coulomb:                     incore_df
 Integral threshold:                     1.00e-12
 DF basis set:                           def2-universal-jkfit
 Number of DF basis functions:         454
 Schwarz screening threshold:            1.00e-10
 Coulomb fitting method:                 Cholesky
 Total number of grid points:        51776
 Method for AO orthogonalization:        symmetric
 Threshold for linear dependence:        1.00e-08
 D3BJ dispersion energy:                -0.014912154

 -------------------------------------
  Running restricted closed-shell SCF 
 -------------------------------------
 Max number of iterations:             128
 Conv. threshold (gradient):             1.00e-05
 Conv. threshold (energy):               1.00e-06
 Interpolation scheme:                   adiis+cdiis
 Initial guess:                          SAD

 ---------------------------------------------------------------
                  energy        change          grad        time
 ---------------------------------------------------------------
   0      -906.451699090                    1.10e+01        0.05
   1      -906.263241793      1.88e-01      1.84e+00        0.05
   2      -905.318943958      9.44e-01      4.09e+00        0.04
   3      -906.336163874     -1.02e+00      1.45e+00        0.04
   4      -906.435088072     -9.89e-02      3.90e-01        0.05
   5      -906.417580480      1.75e-02      6.62e-01        0.05
   6      -906.441981401     -2.44e-02      1.72e-01        0.05
   7      -906.442558226     -5.77e-04      1.29e-01        0.05
   8      -906.443428800     -8.71e-04      3.40e-02        0.05
   9      -906.443324925      1.04e-04      5.21e-02        0.05
  10      -906.443506766     -1.82e-04      1.54e-04        0.05
  11      -906.443506769     -2.71e-09      5.46e-05        0.04
  12      -906.443506769     -2.61e-10      1.78e-05        0.04
  13      -906.443506769     -2.72e-11      3.47e-06        0.04

 SCF converged in 13 iterations.

 Dipole moment (in Debye):              -3.749661       2.390085      -0.002506

 Quadrupole moment (in Debye-Angstrom):
                  1            2            3
 1       -30.923387     5.737948     0.005428
 2         5.737948   -41.738094    -0.002764
 3         0.005428    -0.002764   -38.812349

 Spin-squared expectation <S^2>:         0.000
 Total spin quantum number S:            0.000
 TOTAL ENERGY:                        -906.443506769

 --------------------------------------------------------------------------------

 End time:                               Tue Oct 26 23:40:03 2021
 Total wall-clock time:                  1.494 seconds
==================================================================================
