
================================================================================
          _____________ ________ _______________ ________     _________         
         / ___________// ______ \\_____   _____// ______ \   / ________)        
        / /_________  / /      \ \     | |     / /      \ \ | (_______          
       |  __________|| |        | |    | |    | |        | | \________ \        
        \ \_________ | |        | |    | |     \ \______/ /___________) |       
         \__________||_|        |_|    |_|      \________//____________/        
                                                                                
====================================[ Qcore ]===================================

 Git describe: 2.3.0-1-g21d9df7e5
 Compiler:     GNU 9.1.0
 Build type:   Release
 Version:      2.3.0-1-g21d9df7e5

 Start time:   Tue Oct 26 23:40:15 2021

 Data directory: /work/zw18965/.local/qcore/share/entos/qcore/data
 Number of threads: 24
 Number of threads was determined by: command line argument

 --------------------------------------------------------------------------------
                                   command: dft                                  
 --------------------------------------------------------------------------------
 AO basis set:                           def2-tzvppd
 Number of AO basis functions:         196

 Formula:                                C2H5N
 Nuclear charge:                        24.000000000
 Total charge:                           0.000000000
 Number of electrons:                   24.000000000

 Number of alpha electrons:             12
 Number of beta electrons:              12
 Number of unpaired electrons:           0
 Spin:                                   0
 Multiplicity:                           singlet

 Theory:                                 dft
 Exchange-correlation functional:        blyp
 Method for Coulomb:                     incore_df
 Integral threshold:                     1.00e-12
 DF basis set:                           def2-universal-jkfit
 Number of DF basis functions:         317
 Schwarz screening threshold:            1.00e-10
 Coulomb fitting method:                 Cholesky
 Total number of grid points:        49850
 Method for AO orthogonalization:        symmetric
 Threshold for linear dependence:        1.00e-08
 D3BJ dispersion energy:                -0.008390377

 -------------------------------------
  Running restricted closed-shell SCF 
 -------------------------------------
 Max number of iterations:             128
 Conv. threshold (gradient):             1.00e-05
 Conv. threshold (energy):               1.00e-06
 Interpolation scheme:                   adiis+cdiis
 Initial guess:                          SAD

 ---------------------------------------------------------------
                  energy        change          grad        time
 ---------------------------------------------------------------
   0      -134.158394407                    1.41e+01        0.04
   1      -133.780795199      3.78e-01      1.22e+00        0.05
   2      -133.619496246      1.61e-01      1.93e+00        0.05
   3      -133.882707443     -2.63e-01      4.53e-01        0.04
   4      -133.874811469      7.90e-03      6.67e-01        0.04
   5      -133.889751764     -1.49e-02      8.43e-02        0.04
   6      -133.889277573      4.74e-04      1.35e-01        0.04
   7      -133.890103148     -8.26e-04      2.53e-03        0.04
   8      -133.890103294     -1.46e-07      3.12e-04        0.04
   9      -133.890103300     -5.28e-09      7.14e-05        0.04
  10      -133.890103300     -2.75e-10      1.24e-05        0.04
  11      -133.890103300     -1.24e-11      2.77e-06        0.04

 SCF converged in 11 iterations.

 Dipole moment (in Debye):               0.344321       0.000323      -3.814119

 Quadrupole moment (in Debye-Angstrom):
                  1            2            3
 1       -17.623434     0.003309    -0.849720
 2         0.003309   -20.393597    -0.003576
 3        -0.849720    -0.003576   -26.965446

 Spin-squared expectation <S^2>:         0.000
 Total spin quantum number S:            0.000
 TOTAL ENERGY:                        -133.890103300

 --------------------------------------------------------------------------------

 End time:                               Tue Oct 26 23:40:16 2021
 Total wall-clock time:                  1.075 seconds
==================================================================================
