
================================================================================
          _____________ ________ _______________ ________     _________         
         / ___________// ______ \\_____   _____// ______ \   / ________)        
        / /_________  / /      \ \     | |     / /      \ \ | (_______          
       |  __________|| |        | |    | |    | |        | | \________ \        
        \ \_________ | |        | |    | |     \ \______/ /___________) |       
         \__________||_|        |_|    |_|      \________//____________/        
                                                                                
====================================[ Qcore ]===================================

 Git describe: 2.3.0-1-g21d9df7e5
 Compiler:     GNU 9.1.0
 Build type:   Release
 Version:      2.3.0-1-g21d9df7e5

 Start time:   Tue Oct 26 23:40:56 2021

 Data directory: /work/zw18965/.local/qcore/share/entos/qcore/data
 Number of threads: 24
 Number of threads was determined by: command line argument

 --------------------------------------------------------------------------------
                                   command: dft                                  
 --------------------------------------------------------------------------------
 AO basis set:                           def2-tzvppd
 Number of AO basis functions:          96

 Formula:                                P2
 Nuclear charge:                        30.000000000
 Total charge:                           0.000000000
 Number of electrons:                   30.000000000

 Number of alpha electrons:             15
 Number of beta electrons:              15
 Number of unpaired electrons:           0
 Spin:                                   0
 Multiplicity:                           singlet

 Theory:                                 dft
 Exchange-correlation functional:        blyp
 Method for Coulomb:                     incore_df
 Integral threshold:                     1.00e-12
 DF basis set:                           def2-universal-jkfit
 Number of DF basis functions:         256
 Schwarz screening threshold:            1.00e-10
 Coulomb fitting method:                 Cholesky
 Total number of grid points:        14700
 Method for AO orthogonalization:        symmetric
 Threshold for linear dependence:        1.00e-08
 D3BJ dispersion energy:                -0.003941351

 -------------------------------------
  Running restricted closed-shell SCF 
 -------------------------------------
 Max number of iterations:             128
 Conv. threshold (gradient):             1.00e-05
 Conv. threshold (energy):               1.00e-06
 Interpolation scheme:                   adiis+cdiis
 Initial guess:                          SAD

 ---------------------------------------------------------------
                  energy        change          grad        time
 ---------------------------------------------------------------
   0      -682.848588798                    4.09e+00        0.01
   1      -682.709252567      1.39e-01      2.71e-01        0.01
   2      -682.699485049      9.77e-03      3.38e-01        0.01
   3      -682.726933738     -2.74e-02      2.92e-02        0.01
   4      -682.726834343      9.94e-05      3.57e-02        0.01
   5      -682.727141137     -3.07e-04      4.10e-04        0.01
   6      -682.727141168     -3.06e-08      1.89e-04        0.01
   7      -682.727141162      5.25e-09      2.12e-04        0.01
   8      -682.727141175     -1.26e-08      8.05e-06        0.01

 SCF converged in 8 iterations.

 Dipole moment (in Debye):               0.000002       0.000002       0.000003

 Quadrupole moment (in Debye-Angstrom):
                  1            2            3
 1       -26.093427    -0.000000    -0.000001
 2        -0.000000   -26.093427    -0.000001
 3        -0.000001    -0.000001   -25.543877

 Spin-squared expectation <S^2>:         0.000
 Total spin quantum number S:            0.000
 TOTAL ENERGY:                        -682.727141175

 --------------------------------------------------------------------------------

 End time:                               Tue Oct 26 23:40:57 2021
 Total wall-clock time:                  0.394 seconds
==================================================================================
